#
# There is insufficient memory for the Java Runtime Environment to continue.
# Native memory allocation (mmap) failed to map 191889408 bytes for Failed to commit area from 0x000000008b700000 to 0x0000000096e00000 of length 191889408.
# Possible reasons:
#   The system is out of physical RAM or swap space
#   The process is running with CompressedOops enabled, and the Java Heap may be blocking the growth of the native heap
# Possible solutions:
#   Reduce memory load on the system
#   Increase physical memory or swap space
#   Check if swap backing store is full
#   Decrease Java heap size (-Xmx/-Xms)
#   Decrease number of Java threads
#   Decrease Java thread stack sizes (-Xss)
#   Set larger code cache with -XX:ReservedCodeCacheSize=
#   JVM is running with Unscaled Compressed Oops mode in which the Java heap is
#     placed in the first 4GB address space. The Java Heap base address is the
#     maximum limit for the native heap growth. Please use -XX:HeapBaseMinAddress
#     to set the Java Heap base and to place the Java Heap above 4GB virtual address.
# This output file may be truncated or incomplete.
#
#  Out of Memory Error (./src/hotspot/os/windows/os_windows.cpp:3301), pid=12664, tid=920
#
# JRE version: OpenJDK Runtime Environment (11.0.10) (build 11.0.10+0-b96-7249189)
# Java VM: OpenJDK 64-Bit Server VM (11.0.10+0-b96-7249189, mixed mode, tiered, compressed oops, g1 gc, windows-amd64)
# No core dump will be written. Minidumps are not enabled by default on client versions of Windows
#

---------------  S U M M A R Y ------------

Command Line: --add-opens=java.base/java.util=ALL-UNNAMED --add-opens=java.base/java.lang=ALL-UNNAMED --add-opens=java.base/java.lang.invoke=ALL-UNNAMED --add-opens=java.base/java.util=ALL-UNNAMED --add-opens=java.prefs/java.util.prefs=ALL-UNNAMED --add-opens=java.prefs/java.util.prefs=ALL-UNNAMED --add-opens=java.base/java.nio.charset=ALL-UNNAMED --add-opens=java.base/java.net=ALL-UNNAMED --add-opens=java.base/java.util.concurrent.atomic=ALL-UNNAMED -Xmx2048m -Dfile.encoding=UTF-8 -Duser.country=RU -Duser.language=ru -Duser.variant org.gradle.launcher.daemon.bootstrap.GradleDaemon 7.0.2

Host: Intel(R) Core(TM) i5-8265U CPU @ 1.60GHz, 8 cores, 7G,  Windows 10 , 64 bit Build 17763 (10.0.17763.475)
Time: Thu Nov 11 12:24:33 2021 RTZ 2 (ceia) elapsed time: 22.871593 seconds (0d 0h 0m 22s)

---------------  T H R E A D  ---------------

Current thread (0x0000018687661000):  VMThread "VM Thread" [stack: 0x00000069db000000,0x00000069db100000] [id=920]

Stack: [0x00000069db000000,0x00000069db100000]
[error occurred during error reporting (printing stack bounds), id 0xc0000005, EXCEPTION_ACCESS_VIOLATION (0xc0000005) at pc=0x00000186f0cb0f2d]

Native frames: (J=compiled Java code, j=interpreted, Vv=VM code, C=native code)
V  [jvm.dll+0x5ecfaa]
V  [jvm.dll+0x722bd5]
V  [jvm.dll+0x72412d]
V  [jvm.dll+0x724745]
V  [jvm.dll+0x7246fb]
V  [jvm.dll+0x5ec348]
V  [jvm.dll+0x5ecad8]
C  [ntdll.dll+0xa477f]
C  [ntdll.dll+0x4bef]
C  [ntdll.dll+0xa34ee]
C  0x00000186f0cb0f2d

VM_Operation (0x00000069ddff9800): G1CollectForAllocation, mode: safepoint, requested by thread 0x000001868da60800


---------------  P R O C E S S  ---------------

Threads class SMR info:
_java_thread_list=0x000001868a9b6a40, length=65, elements={
0x00000186ed1cc000, 0x0000018687ea3800, 0x0000018687eae800, 0x0000018687ef8000,
0x0000018687efc000, 0x0000018687eff000, 0x0000018687f02800, 0x0000018687f03800,
0x0000018687f04800, 0x000001868807b000, 0x000001868a73a000, 0x000001868a738800,
0x000001868a73d000, 0x000001868a73a800, 0x000001868a737800, 0x000001868a739000,
0x000001868a73e000, 0x000001868a73b800, 0x000001868a73c800, 0x000001868a702000,
0x000001868a704800, 0x000001868a6fe800, 0x000001868a702800, 0x000001868a705000,
0x000001868a700800, 0x000001868a701000, 0x000001868a6ff800, 0x000001868a707800,
0x000001868a703800, 0x000001868a708800, 0x000001868a70b800, 0x000001868a70a000,
0x000001868a707000, 0x000001868a70d800, 0x000001868da5c800, 0x000001868da5f800,
0x000001868da5e000, 0x000001868da60800, 0x000001868da62000, 0x000001868da63000,
0x000001868da5e800, 0x000001868da61000, 0x000001868da5d000, 0x000001868da68800,
0x000001868da67000, 0x000001868da67800, 0x000001868da69800, 0x000001868da63800,
0x000001868da6a000, 0x000001868da64800, 0x000001868da65800, 0x000001868da66000,
0x000001868f14d800, 0x000001868f150000, 0x000001868f150800, 0x000001868f14f000,
0x000001868f154000, 0x000001868f151800, 0x000001868f14e000, 0x000001868f157000,
0x000001868f156800, 0x000001868f158000, 0x000001868f152800, 0x000001868f159000,
0x000001868f159800
}

Java Threads: ( => current thread )
  0x00000186ed1cc000 JavaThread "main" [_thread_blocked, id=13320, stack(0x00000069daa00000,0x00000069dab00000)]
  0x0000018687ea3800 JavaThread "Reference Handler" daemon [_thread_blocked, id=9440, stack(0x00000069db100000,0x00000069db200000)]
  0x0000018687eae800 JavaThread "Finalizer" daemon [_thread_blocked, id=11200, stack(0x00000069db200000,0x00000069db300000)]
  0x0000018687ef8000 JavaThread "Signal Dispatcher" daemon [_thread_blocked, id=3776, stack(0x00000069db300000,0x00000069db400000)]
  0x0000018687efc000 JavaThread "Attach Listener" daemon [_thread_blocked, id=9024, stack(0x00000069db400000,0x00000069db500000)]
  0x0000018687eff000 JavaThread "Service Thread" daemon [_thread_blocked, id=9708, stack(0x00000069db500000,0x00000069db600000)]
  0x0000018687f02800 JavaThread "C2 CompilerThread0" daemon [_thread_blocked, id=13820, stack(0x00000069db600000,0x00000069db700000)]
  0x0000018687f03800 JavaThread "C1 CompilerThread0" daemon [_thread_blocked, id=4872, stack(0x00000069db700000,0x00000069db800000)]
  0x0000018687f04800 JavaThread "Sweeper thread" daemon [_thread_blocked, id=6972, stack(0x00000069db800000,0x00000069db900000)]
  0x000001868807b000 JavaThread "Common-Cleaner" daemon [_thread_blocked, id=13004, stack(0x00000069db900000,0x00000069dba00000)]
  0x000001868a73a000 JavaThread "Daemon health stats" [_thread_blocked, id=12616, stack(0x00000069dbe00000,0x00000069dbf00000)]
  0x000001868a738800 JavaThread "Incoming local TCP Connector on port 58527" [_thread_in_native, id=2136, stack(0x00000069dbb00000,0x00000069dbc00000)]
  0x000001868a73d000 JavaThread "Daemon periodic checks" [_thread_blocked, id=3052, stack(0x00000069dc000000,0x00000069dc100000)]
  0x000001868a73a800 JavaThread "Daemon" [_thread_blocked, id=2552, stack(0x00000069dc100000,0x00000069dc200000)]
  0x000001868a737800 JavaThread "Handler for socket connection from /127.0.0.1:58527 to /127.0.0.1:58528" [_thread_in_native, id=5104, stack(0x00000069dc200000,0x00000069dc300000)]
  0x000001868a739000 JavaThread "Cancel handler" [_thread_blocked, id=11788, stack(0x00000069dc300000,0x00000069dc400000)]
  0x000001868a73e000 JavaThread "Daemon worker" [_thread_blocked, id=10304, stack(0x00000069dc400000,0x00000069dc500000)]
  0x000001868a73b800 JavaThread "Asynchronous log dispatcher for DefaultDaemonConnection: socket connection from /127.0.0.1:58527 to /127.0.0.1:58528" [_thread_blocked, id=6484, stack(0x00000069dc500000,0x00000069dc600000)]
  0x000001868a73c800 JavaThread "Stdin handler" [_thread_blocked, id=13708, stack(0x00000069dc600000,0x00000069dc700000)]
  0x000001868a702000 JavaThread "Daemon client event forwarder" [_thread_blocked, id=9828, stack(0x00000069dc700000,0x00000069dc800000)]
  0x000001868a704800 JavaThread "Cache worker for file hash cache (C:\Users\79527\.gradle\caches\7.0.2\fileHashes)" [_thread_blocked, id=5256, stack(0x00000069dcd00000,0x00000069dce00000)]
  0x000001868a6fe800 JavaThread "File lock request listener" [_thread_in_native, id=5640, stack(0x00000069dce00000,0x00000069dcf00000)]
  0x000001868a702800 JavaThread "Cache worker for journal cache (C:\Users\79527\.gradle\caches\journal-1)" [_thread_blocked, id=13796, stack(0x00000069dd000000,0x00000069dd100000)]
  0x000001868a705000 JavaThread "Cache worker for file hash cache (C:\Users\79527\AndroidStudioProjects\Annunciator\.gradle\7.0.2\fileHashes)" [_thread_blocked, id=10652, stack(0x00000069dd100000,0x00000069dd200000)]
  0x000001868a700800 JavaThread "File watcher server" daemon [_thread_blocked, id=7272, stack(0x00000069dd200000,0x00000069dd300000)]
  0x000001868a701000 JavaThread "File watcher consumer" daemon [_thread_blocked, id=3496, stack(0x00000069dd300000,0x00000069dd400000)]
  0x000001868a6ff800 JavaThread "Cache worker for checksums cache (C:\Users\79527\AndroidStudioProjects\Annunciator\.gradle\checksums)" [_thread_blocked, id=8232, stack(0x00000069dd400000,0x00000069dd500000)]
  0x000001868a707800 JavaThread "Cache worker for cache directory md-supplier (C:\Users\79527\.gradle\caches\7.0.2\md-supplier)" [_thread_blocked, id=5520, stack(0x00000069dd500000,0x00000069dd600000)]
  0x000001868a703800 JavaThread "Cache worker for cache directory md-rule (C:\Users\79527\.gradle\caches\7.0.2\md-rule)" [_thread_blocked, id=12636, stack(0x00000069dd600000,0x00000069dd700000)]
  0x000001868a708800 JavaThread "Cache worker for execution history cache (C:\Users\79527\.gradle\caches\7.0.2\executionHistory)" [_thread_blocked, id=11064, stack(0x00000069dd700000,0x00000069dd800000)]
  0x000001868a70b800 JavaThread "jar transforms" [_thread_blocked, id=12812, stack(0x00000069dd800000,0x00000069dd900000)]
  0x000001868a70a000 JavaThread "jar transforms Thread 2" [_thread_blocked, id=13432, stack(0x00000069dd900000,0x00000069dda00000)]
  0x000001868a707000 JavaThread "Cache worker for file content cache (C:\Users\79527\.gradle\caches\7.0.2\fileContent)" [_thread_blocked, id=5360, stack(0x00000069dda00000,0x00000069ddb00000)]
  0x000001868a70d800 JavaThread "Cache worker for dependencies-accessors (C:\Users\79527\AndroidStudioProjects\Annunciator\.gradle\7.0.2\dependencies-accessors)" [_thread_blocked, id=7876, stack(0x00000069ddb00000,0x00000069ddc00000)]
  0x000001868da5c800 JavaThread "jar transforms Thread 3" [_thread_blocked, id=14168, stack(0x00000069ddc00000,0x00000069ddd00000)]
  0x000001868da5f800 JavaThread "Cache worker for Build Output Cleanup Cache (C:\Users\79527\AndroidStudioProjects\Annunciator\.gradle\buildOutputCleanup)" [_thread_blocked, id=10972, stack(0x00000069ddd00000,0x00000069dde00000)]
  0x000001868da5e000 JavaThread "Build operations" [_thread_blocked, id=13640, stack(0x00000069dde00000,0x00000069ddf00000)]
  0x000001868da60800 JavaThread "Build operations Thread 2" [_thread_blocked, id=8632, stack(0x00000069ddf00000,0x00000069de000000)]
  0x000001868da62000 JavaThread "Build operations Thread 3" [_thread_blocked, id=12888, stack(0x00000069de000000,0x00000069de100000)]
  0x000001868da63000 JavaThread "Build operations Thread 4" [_thread_blocked, id=7448, stack(0x00000069de100000,0x00000069de200000)]
  0x000001868da5e800 JavaThread "Build operations Thread 5" [_thread_blocked, id=4600, stack(0x00000069de200000,0x00000069de300000)]
  0x000001868da61000 JavaThread "Build operations Thread 6" [_thread_blocked, id=10864, stack(0x00000069de300000,0x00000069de400000)]
  0x000001868da5d000 JavaThread "Build operations Thread 7" [_thread_blocked, id=520, stack(0x00000069de400000,0x00000069de500000)]
  0x000001868da68800 JavaThread "Build operations Thread 8" [_thread_blocked, id=12800, stack(0x00000069de500000,0x00000069de600000)]
  0x000001868da67000 JavaThread "jar transforms Thread 4" [_thread_blocked, id=13692, stack(0x00000069de600000,0x00000069de700000)]
  0x000001868da67800 JavaThread "jar transforms Thread 5" [_thread_blocked, id=13072, stack(0x00000069de700000,0x00000069de800000)]
  0x000001868da69800 JavaThread "jar transforms Thread 6" [_thread_blocked, id=12804, stack(0x00000069dbf00000,0x00000069dc000000)]
  0x000001868da63800 JavaThread "jar transforms Thread 7" [_thread_blocked, id=12944, stack(0x00000069de800000,0x00000069de900000)]
  0x000001868da6a000 JavaThread "jar transforms Thread 8" [_thread_blocked, id=10692, stack(0x00000069de900000,0x00000069dea00000)]
  0x000001868da64800 JavaThread "Memory manager" [_thread_blocked, id=11868, stack(0x00000069dea00000,0x00000069deb00000)]
  0x000001868da65800 JavaThread "C2 CompilerThread1" daemon [_thread_blocked, id=13576, stack(0x00000069deb00000,0x00000069dec00000)]
  0x000001868da66000 JavaThread "build event listener" [_thread_blocked, id=11268, stack(0x00000069dec00000,0x00000069ded00000)]
  0x000001868f14d800 JavaThread "pool-3-thread-1" [_thread_blocked, id=9008, stack(0x00000069ded00000,0x00000069dee00000)]
  0x000001868f150000 JavaThread "build event listener" [_thread_blocked, id=5040, stack(0x00000069dee00000,0x00000069def00000)]
  0x000001868f150800 JavaThread "Execution worker for ':'" [_thread_blocked, id=4752, stack(0x00000069def00000,0x00000069df000000)]
  0x000001868f14f000 JavaThread "Execution worker for ':' Thread 2" [_thread_blocked, id=7124, stack(0x00000069df000000,0x00000069df100000)]
  0x000001868f154000 JavaThread "Execution worker for ':' Thread 3" [_thread_blocked, id=14332, stack(0x00000069df100000,0x00000069df200000)]
  0x000001868f151800 JavaThread "Execution worker for ':' Thread 4" [_thread_blocked, id=5896, stack(0x00000069df200000,0x00000069df300000)]
  0x000001868f14e000 JavaThread "Execution worker for ':' Thread 5" [_thread_blocked, id=11388, stack(0x00000069df300000,0x00000069df400000)]
  0x000001868f157000 JavaThread "Execution worker for ':' Thread 6" [_thread_blocked, id=4680, stack(0x00000069df400000,0x00000069df500000)]
  0x000001868f156800 JavaThread "Execution worker for ':' Thread 7" [_thread_blocked, id=1620, stack(0x00000069df500000,0x00000069df600000)]
  0x000001868f158000 JavaThread "Cache worker for execution history cache (C:\Users\79527\AndroidStudioProjects\Annunciator\.gradle\7.0.2\executionHistory)" [_thread_blocked, id=11588, stack(0x00000069df600000,0x00000069df700000)]
  0x000001868f152800 JavaThread "WorkerExecutor Queue" [_thread_blocked, id=4184, stack(0x00000069df900000,0x00000069dfa00000)]
  0x000001868f159000 JavaThread "WorkerExecutor Queue Thread 2" [_thread_blocked, id=4484, stack(0x00000069dfa00000,0x00000069dfb00000)]
  0x000001868f159800 JavaThread "WorkerExecutor Queue Thread 3" [_thread_blocked, id=5316, stack(0x00000069dfb00000,0x00000069dfc00000)]

Other Threads:
=>0x0000018687661000 VMThread "VM Thread" [stack: 0x00000069db000000,0x00000069db100000] [id=920]
  0x00000186880ba800 WatcherThread [stack: 0x00000069dba00000,0x00000069dbb00000] [id=14196]
  0x00000186ed1e5800 GCTaskThread "GC Thread#0" [stack: 0x00000069dab00000,0x00000069dac00000] [id=6856]
  0x0000018688435000 GCTaskThread "GC Thread#1" [stack: 0x00000069dbc00000,0x00000069dbd00000] [id=1596]
  0x0000018688f0b000 GCTaskThread "GC Thread#2" [stack: 0x00000069dbd00000,0x00000069dbe00000] [id=11960]
  0x00000186897ad800 GCTaskThread "GC Thread#3" [stack: 0x00000069dc800000,0x00000069dc900000] [id=3132]
  0x0000018689fe0000 GCTaskThread "GC Thread#4" [stack: 0x00000069dc900000,0x00000069dca00000] [id=1920]
  0x0000018689db5800 GCTaskThread "GC Thread#5" [stack: 0x00000069dca00000,0x00000069dcb00000] [id=4024]
  0x0000018689532800 GCTaskThread "GC Thread#6" [stack: 0x00000069dcb00000,0x00000069dcc00000] [id=11072]
  0x000001868ad1e800 GCTaskThread "GC Thread#7" [stack: 0x00000069dcc00000,0x00000069dcd00000] [id=13664]
  0x00000186ed219000 ConcurrentGCThread "G1 Main Marker" [stack: 0x00000069dac00000,0x00000069dad00000] [id=13292]
  0x00000186ed21a000 ConcurrentGCThread "G1 Conc#0" [stack: 0x00000069dad00000,0x00000069dae00000] [id=13184]
  0x000001868a0ed000 ConcurrentGCThread "G1 Conc#1" [stack: 0x00000069dcf00000,0x00000069dd000000] [id=2600]
  0x00000186874ce800 ConcurrentGCThread "G1 Refine#0" [stack: 0x00000069dae00000,0x00000069daf00000] [id=10168]
  0x000001868de6f000 ConcurrentGCThread "G1 Refine#1" [stack: 0x00000069df700000,0x00000069df800000] [id=9460]
  0x000001868fd6f000 ConcurrentGCThread "G1 Refine#2" [stack: 0x00000069df800000,0x00000069df900000] [id=1196]
  0x00000186874cf000 ConcurrentGCThread "G1 Young RemSet Sampling" [stack: 0x00000069daf00000,0x00000069db000000] [id=12160]

Threads with active compile tasks:
C2 CompilerThread0  22889 12136       4       java.util.IdentityHashMap::put (137 bytes)
C1 CompilerThread0  22889 12160       2       com.android.tools.r8.internal.y4::g (2 bytes)
C2 CompilerThread1  22889 12051       4       com.android.tools.r8.graph.A0::c (177 bytes)

VM state:at safepoint (normal execution)

VM Mutex/Monitor currently owned by a thread:  ([mutex/lock_event])
[0x00000186ed1ca9f0] Threads_lock - owner thread: 0x0000018687661000
[0x00000186ed1caa80] Heap_lock - owner thread: 0x000001868da60800

Heap address: 0x0000000080000000, size: 2048 MB, Compressed Oops mode: 32-bit
Narrow klass base: 0x0000000000000000, Narrow klass shift: 3
Compressed class space size: 1073741824 Address: 0x0000000100000000

Heap:
 garbage-first heap   total 374784K, used 131849K [0x0000000080000000, 0x0000000100000000)
  region size 1024K, 4 young (4096K), 4 survivors (4096K)
 Metaspace       used 100498K, capacity 102796K, committed 103116K, reserved 1138688K
  class space    used 12843K, capacity 13727K, committed 13824K, reserved 1048576K
Heap Regions: E=young(eden), S=young(survivor), O=old, HS=humongous(starts), HC=humongous(continues), CS=collection set, F=free, A=archive, TAMS=top-at-mark-start (previous, next)
|   0|0x0000000080000000, 0x0000000080100000, 0x0000000080100000|100%| O|  |TAMS 0x0000000080100000, 0x0000000080000000| Untracked 
|   1|0x0000000080100000, 0x0000000080200000, 0x0000000080200000|100%| O|  |TAMS 0x0000000080200000, 0x0000000080100000| Untracked 
|   2|0x0000000080200000, 0x0000000080300000, 0x0000000080300000|100%| O|  |TAMS 0x0000000080300000, 0x0000000080200000| Untracked 
|   3|0x0000000080300000, 0x0000000080400000, 0x0000000080400000|100%|HS|  |TAMS 0x0000000080400000, 0x0000000080300000| Complete 
|   4|0x0000000080400000, 0x0000000080500000, 0x0000000080500000|100%|HC|  |TAMS 0x0000000080500000, 0x0000000080400000| Complete 
|   5|0x0000000080500000, 0x0000000080600000, 0x0000000080600000|100%|HC|  |TAMS 0x0000000080600000, 0x0000000080500000| Complete 
|   6|0x0000000080600000, 0x0000000080700000, 0x0000000080700000|100%| O|  |TAMS 0x0000000080700000, 0x0000000080600000| Untracked 
|   7|0x0000000080700000, 0x0000000080800000, 0x0000000080800000|100%| O|  |TAMS 0x0000000080800000, 0x0000000080700000| Untracked 
|   8|0x0000000080800000, 0x0000000080900000, 0x0000000080900000|100%| O|  |TAMS 0x0000000080900000, 0x0000000080800000| Untracked 
|   9|0x0000000080900000, 0x0000000080a00000, 0x0000000080a00000|100%| O|  |TAMS 0x0000000080a00000, 0x0000000080900000| Untracked 
|  10|0x0000000080a00000, 0x0000000080b00000, 0x0000000080b00000|100%| O|  |TAMS 0x0000000080b00000, 0x0000000080a00000| Untracked 
|  11|0x0000000080b00000, 0x0000000080c00000, 0x0000000080c00000|100%| O|  |TAMS 0x0000000080c00000, 0x0000000080b00000| Untracked 
|  12|0x0000000080c00000, 0x0000000080d00000, 0x0000000080d00000|100%| O|  |TAMS 0x0000000080d00000, 0x0000000080c00000| Untracked 
|  13|0x0000000080d00000, 0x0000000080e00000, 0x0000000080e00000|100%| O|  |TAMS 0x0000000080e00000, 0x0000000080d00000| Untracked 
|  14|0x0000000080e00000, 0x0000000080f00000, 0x0000000080f00000|100%| O|  |TAMS 0x0000000080f00000, 0x0000000080e00000| Untracked 
|  15|0x0000000080f00000, 0x0000000081000000, 0x0000000081000000|100%| O|  |TAMS 0x0000000081000000, 0x0000000080f00000| Untracked 
|  16|0x0000000081000000, 0x0000000081100000, 0x0000000081100000|100%| O|  |TAMS 0x0000000081100000, 0x0000000081000000| Untracked 
|  17|0x0000000081100000, 0x0000000081200000, 0x0000000081200000|100%| O|  |TAMS 0x0000000081200000, 0x0000000081100000| Complete 
|  18|0x0000000081200000, 0x0000000081300000, 0x0000000081300000|100%| O|  |TAMS 0x0000000081300000, 0x0000000081200000| Untracked 
|  19|0x0000000081300000, 0x0000000081400000, 0x0000000081400000|100%| O|  |TAMS 0x0000000081400000, 0x0000000081300000| Untracked 
|  20|0x0000000081400000, 0x0000000081500000, 0x0000000081500000|100%| O|  |TAMS 0x0000000081500000, 0x0000000081400000| Untracked 
|  21|0x0000000081500000, 0x0000000081600000, 0x0000000081600000|100%| O|  |TAMS 0x0000000081600000, 0x0000000081500000| Complete 
|  22|0x0000000081600000, 0x0000000081700000, 0x0000000081700000|100%| O|  |TAMS 0x0000000081700000, 0x0000000081600000| Untracked 
|  23|0x0000000081700000, 0x0000000081800000, 0x0000000081800000|100%| O|  |TAMS 0x0000000081800000, 0x0000000081700000| Untracked 
|  24|0x0000000081800000, 0x0000000081900000, 0x0000000081900000|100%| O|  |TAMS 0x0000000081900000, 0x0000000081800000| Untracked 
|  25|0x0000000081900000, 0x0000000081a00000, 0x0000000081a00000|100%| O|  |TAMS 0x0000000081a00000, 0x0000000081900000| Complete 
|  26|0x0000000081a00000, 0x0000000081b00000, 0x0000000081b00000|100%|HS|  |TAMS 0x0000000081b00000, 0x0000000081a00000| Complete 
|  27|0x0000000081b00000, 0x0000000081c00000, 0x0000000081c00000|100%|HS|  |TAMS 0x0000000081c00000, 0x0000000081b00000| Complete 
|  28|0x0000000081c00000, 0x0000000081d00000, 0x0000000081d00000|100%|HS|  |TAMS 0x0000000081d00000, 0x0000000081c00000| Complete 
|  29|0x0000000081d00000, 0x0000000081e00000, 0x0000000081e00000|100%|HS|  |TAMS 0x0000000081e00000, 0x0000000081d00000| Complete 
|  30|0x0000000081e00000, 0x0000000081f00000, 0x0000000081f00000|100%|HC|  |TAMS 0x0000000081f00000, 0x0000000081e00000| Complete 
|  31|0x0000000081f00000, 0x0000000082000000, 0x0000000082000000|100%|HC|  |TAMS 0x0000000082000000, 0x0000000081f00000| Complete 
|  32|0x0000000082000000, 0x0000000082100000, 0x0000000082100000|100%|HS|  |TAMS 0x0000000082100000, 0x0000000082000000| Complete 
|  33|0x0000000082100000, 0x0000000082200000, 0x0000000082200000|100%|HC|  |TAMS 0x0000000082200000, 0x0000000082100000| Complete 
|  34|0x0000000082200000, 0x0000000082300000, 0x0000000082300000|100%| O|  |TAMS 0x0000000082300000, 0x0000000082200000| Untracked 
|  35|0x0000000082300000, 0x0000000082400000, 0x0000000082400000|100%| O|  |TAMS 0x0000000082400000, 0x0000000082300000| Untracked 
|  36|0x0000000082400000, 0x0000000082500000, 0x0000000082500000|100%| O|  |TAMS 0x0000000082500000, 0x0000000082400000| Untracked 
|  37|0x0000000082500000, 0x0000000082600000, 0x0000000082600000|100%| O|  |TAMS 0x0000000082600000, 0x0000000082500000| Untracked 
|  38|0x0000000082600000, 0x0000000082700000, 0x0000000082700000|100%| O|  |TAMS 0x0000000082700000, 0x0000000082600000| Untracked 
|  39|0x0000000082700000, 0x0000000082800000, 0x0000000082800000|100%| O|  |TAMS 0x0000000082800000, 0x0000000082700000| Untracked 
|  40|0x0000000082800000, 0x0000000082900000, 0x0000000082900000|100%| O|  |TAMS 0x0000000082900000, 0x0000000082800000| Untracked 
|  41|0x0000000082900000, 0x0000000082a00000, 0x0000000082a00000|100%| O|  |TAMS 0x0000000082a00000, 0x0000000082900000| Untracked 
|  42|0x0000000082a00000, 0x0000000082b00000, 0x0000000082b00000|100%| O|  |TAMS 0x0000000082b00000, 0x0000000082a00000| Untracked 
|  43|0x0000000082b00000, 0x0000000082c00000, 0x0000000082c00000|100%| O|  |TAMS 0x0000000082c00000, 0x0000000082b00000| Complete 
|  44|0x0000000082c00000, 0x0000000082d00000, 0x0000000082d00000|100%| O|  |TAMS 0x0000000082d00000, 0x0000000082c00000| Untracked 
|  45|0x0000000082d00000, 0x0000000082e00000, 0x0000000082e00000|100%| O|  |TAMS 0x0000000082e00000, 0x0000000082d00000| Untracked 
|  46|0x0000000082e00000, 0x0000000082f00000, 0x0000000082f00000|100%| O|  |TAMS 0x0000000082f00000, 0x0000000082e00000| Untracked 
|  47|0x0000000082f00000, 0x0000000083000000, 0x0000000083000000|100%| O|  |TAMS 0x0000000083000000, 0x0000000082f00000| Complete 
|  48|0x0000000083000000, 0x0000000083100000, 0x0000000083100000|100%| O|  |TAMS 0x0000000083100000, 0x0000000083000000| Untracked 
|  49|0x0000000083100000, 0x0000000083200000, 0x0000000083200000|100%| O|  |TAMS 0x0000000083200000, 0x0000000083100000| Untracked 
|  50|0x0000000083200000, 0x0000000083300000, 0x0000000083300000|100%| O|  |TAMS 0x0000000083300000, 0x0000000083200000| Untracked 
|  51|0x0000000083300000, 0x0000000083400000, 0x0000000083400000|100%| O|  |TAMS 0x0000000083400000, 0x0000000083300000| Untracked 
|  52|0x0000000083400000, 0x0000000083500000, 0x0000000083500000|100%| O|  |TAMS 0x0000000083500000, 0x0000000083400000| Untracked 
|  53|0x0000000083500000, 0x0000000083600000, 0x0000000083600000|100%| O|  |TAMS 0x0000000083600000, 0x0000000083500000| Untracked 
|  54|0x0000000083600000, 0x0000000083700000, 0x0000000083700000|100%| O|  |TAMS 0x0000000083700000, 0x0000000083600000| Untracked 
|  55|0x0000000083700000, 0x0000000083800000, 0x0000000083800000|100%| O|  |TAMS 0x0000000083800000, 0x0000000083700000| Untracked 
|  56|0x0000000083800000, 0x0000000083900000, 0x0000000083900000|100%| O|  |TAMS 0x0000000083900000, 0x0000000083800000| Untracked 
|  57|0x0000000083900000, 0x0000000083a00000, 0x0000000083a00000|100%| O|  |TAMS 0x0000000083a00000, 0x0000000083900000| Complete 
|  58|0x0000000083a00000, 0x0000000083b00000, 0x0000000083b00000|100%| O|  |TAMS 0x0000000083b00000, 0x0000000083a00000| Untracked 
|  59|0x0000000083b00000, 0x0000000083c00000, 0x0000000083c00000|100%| O|  |TAMS 0x0000000083c00000, 0x0000000083b00000| Untracked 
|  60|0x0000000083c00000, 0x0000000083d00000, 0x0000000083d00000|100%| O|  |TAMS 0x0000000083d00000, 0x0000000083c00000| Complete 
|  61|0x0000000083d00000, 0x0000000083e00000, 0x0000000083e00000|100%| O|  |TAMS 0x0000000083e00000, 0x0000000083d00000| Untracked 
|  62|0x0000000083e00000, 0x0000000083f00000, 0x0000000083f00000|100%| O|  |TAMS 0x0000000083f00000, 0x0000000083e00000| Untracked 
|  63|0x0000000083f00000, 0x0000000084000000, 0x0000000084000000|100%| O|  |TAMS 0x0000000084000000, 0x0000000083f00000| Untracked 
|  64|0x0000000084000000, 0x0000000084100000, 0x0000000084100000|100%| O|  |TAMS 0x0000000084100000, 0x0000000084000000| Untracked 
|  65|0x0000000084100000, 0x0000000084200000, 0x0000000084200000|100%| O|  |TAMS 0x0000000084200000, 0x0000000084100000| Complete 
|  66|0x0000000084200000, 0x0000000084300000, 0x0000000084300000|100%| O|  |TAMS 0x0000000084300000, 0x0000000084200000| Untracked 
|  67|0x0000000084300000, 0x0000000084400000, 0x0000000084400000|100%| O|  |TAMS 0x0000000084400000, 0x0000000084300000| Complete 
|  68|0x0000000084400000, 0x0000000084500000, 0x0000000084500000|100%| O|  |TAMS 0x0000000084500000, 0x0000000084400000| Untracked 
|  69|0x0000000084500000, 0x0000000084600000, 0x0000000084600000|100%| O|  |TAMS 0x0000000084600000, 0x0000000084500000| Untracked 
|  70|0x0000000084600000, 0x0000000084700000, 0x0000000084700000|100%| O|  |TAMS 0x0000000084700000, 0x0000000084600000| Complete 
|  71|0x0000000084700000, 0x0000000084800000, 0x0000000084800000|100%| O|  |TAMS 0x0000000084800000, 0x0000000084700000| Untracked 
|  72|0x0000000084800000, 0x0000000084900000, 0x0000000084900000|100%| O|  |TAMS 0x0000000084900000, 0x0000000084800000| Untracked 
|  73|0x0000000084900000, 0x0000000084a00000, 0x0000000084a00000|100%| O|  |TAMS 0x0000000084a00000, 0x0000000084900000| Complete 
|  74|0x0000000084a00000, 0x0000000084b00000, 0x0000000084b00000|100%| O|  |TAMS 0x0000000084b00000, 0x0000000084a00000| Complete 
|  75|0x0000000084b00000, 0x0000000084c00000, 0x0000000084c00000|100%| O|  |TAMS 0x0000000084c00000, 0x0000000084b00000| Untracked 
|  76|0x0000000084c00000, 0x0000000084d00000, 0x0000000084d00000|100%| O|  |TAMS 0x0000000084d00000, 0x0000000084c00000| Untracked 
|  77|0x0000000084d00000, 0x0000000084e00000, 0x0000000084e00000|100%| O|  |TAMS 0x0000000084e00000, 0x0000000084d00000| Complete 
|  78|0x0000000084e00000, 0x0000000084f00000, 0x0000000084f00000|100%| O|  |TAMS 0x0000000084f00000, 0x0000000084e00000| Untracked 
|  79|0x0000000084f00000, 0x0000000085000000, 0x0000000085000000|100%| O|  |TAMS 0x0000000085000000, 0x0000000084f00000| Untracked 
|  80|0x0000000085000000, 0x0000000085100000, 0x0000000085100000|100%| O|  |TAMS 0x0000000085100000, 0x0000000085000000| Complete 
|  81|0x0000000085100000, 0x0000000085200000, 0x0000000085200000|100%| O|  |TAMS 0x0000000085200000, 0x0000000085100000| Complete 
|  82|0x0000000085200000, 0x0000000085300000, 0x0000000085300000|100%| O|  |TAMS 0x0000000085300000, 0x0000000085200000| Untracked 
|  83|0x0000000085300000, 0x0000000085400000, 0x0000000085400000|100%| O|  |TAMS 0x0000000085400000, 0x0000000085300000| Untracked 
|  84|0x0000000085400000, 0x0000000085500000, 0x0000000085500000|100%| O|  |TAMS 0x0000000085500000, 0x0000000085400000| Untracked 
|  85|0x0000000085500000, 0x0000000085600000, 0x0000000085600000|100%| O|  |TAMS 0x0000000085600000, 0x0000000085500000| Complete 
|  86|0x0000000085600000, 0x0000000085700000, 0x0000000085700000|100%| O|  |TAMS 0x0000000085700000, 0x0000000085600000| Complete 
|  87|0x0000000085700000, 0x0000000085800000, 0x0000000085800000|100%| O|  |TAMS 0x0000000085800000, 0x0000000085700000| Complete 
|  88|0x0000000085800000, 0x0000000085900000, 0x0000000085900000|100%| O|  |TAMS 0x0000000085900000, 0x0000000085800000| Complete 
|  89|0x0000000085900000, 0x0000000085a00000, 0x0000000085a00000|100%| O|  |TAMS 0x0000000085a00000, 0x0000000085900000| Complete 
|  90|0x0000000085a00000, 0x0000000085b00000, 0x0000000085b00000|100%| O|  |TAMS 0x0000000085b00000, 0x0000000085a00000| Untracked 
|  91|0x0000000085b00000, 0x0000000085c00000, 0x0000000085c00000|100%| O|  |TAMS 0x0000000085c00000, 0x0000000085b00000| Complete 
|  92|0x0000000085c00000, 0x0000000085d00000, 0x0000000085d00000|100%| O|  |TAMS 0x0000000085d00000, 0x0000000085c00000| Complete 
|  93|0x0000000085d00000, 0x0000000085e00000, 0x0000000085e00000|100%| O|  |TAMS 0x0000000085e00000, 0x0000000085d00000| Complete 
|  94|0x0000000085e00000, 0x0000000085f00000, 0x0000000085f00000|100%| O|  |TAMS 0x0000000085f00000, 0x0000000085e00000| Complete 
|  95|0x0000000085f00000, 0x0000000086000000, 0x0000000086000000|100%| O|  |TAMS 0x0000000086000000, 0x0000000085f00000| Complete 
|  96|0x0000000086000000, 0x0000000086100000, 0x0000000086100000|100%| O|  |TAMS 0x0000000086100000, 0x0000000086000000| Untracked 
|  97|0x0000000086100000, 0x0000000086200000, 0x0000000086200000|100%| O|  |TAMS 0x0000000086200000, 0x0000000086100000| Untracked 
|  98|0x0000000086200000, 0x0000000086300000, 0x0000000086300000|100%| O|  |TAMS 0x0000000086300000, 0x0000000086200000| Untracked 
|  99|0x0000000086300000, 0x0000000086400000, 0x0000000086400000|100%| O|  |TAMS 0x0000000086400000, 0x0000000086300000| Untracked 
| 100|0x0000000086400000, 0x0000000086500000, 0x0000000086500000|100%| O|  |TAMS 0x0000000086500000, 0x0000000086400000| Complete 
| 101|0x0000000086500000, 0x0000000086600000, 0x0000000086600000|100%| O|  |TAMS 0x0000000086600000, 0x0000000086500000| Untracked 
| 102|0x0000000086600000, 0x0000000086700000, 0x0000000086700000|100%| O|  |TAMS 0x0000000086700000, 0x0000000086600000| Untracked 
| 103|0x0000000086700000, 0x0000000086800000, 0x0000000086800000|100%| O|  |TAMS 0x0000000086800000, 0x0000000086700000| Complete 
| 104|0x0000000086800000, 0x0000000086900000, 0x0000000086900000|100%| O|  |TAMS 0x0000000086900000, 0x0000000086800000| Untracked 
| 105|0x0000000086900000, 0x0000000086a00000, 0x0000000086a00000|100%| O|  |TAMS 0x0000000086a00000, 0x0000000086900000| Untracked 
| 106|0x0000000086a00000, 0x0000000086b00000, 0x0000000086b00000|100%| O|  |TAMS 0x0000000086b00000, 0x0000000086a00000| Untracked 
| 107|0x0000000086b00000, 0x0000000086c00000, 0x0000000086c00000|100%| O|  |TAMS 0x0000000086c00000, 0x0000000086b00000| Complete 
| 108|0x0000000086c00000, 0x0000000086d00000, 0x0000000086d00000|100%| O|  |TAMS 0x0000000086d00000, 0x0000000086c00000| Untracked 
| 109|0x0000000086d00000, 0x0000000086e00000, 0x0000000086e00000|100%| O|  |TAMS 0x0000000086e00000, 0x0000000086d00000| Untracked 
| 110|0x0000000086e00000, 0x0000000086f00000, 0x0000000086f00000|100%| O|  |TAMS 0x0000000086f00000, 0x0000000086e00000| Untracked 
| 111|0x0000000086f00000, 0x0000000087000000, 0x0000000087000000|100%| O|  |TAMS 0x0000000086f6f000, 0x0000000086f00000| Complete 
| 112|0x0000000087000000, 0x0000000087100000, 0x0000000087100000|100%| O|  |TAMS 0x0000000087000000, 0x0000000087000000| Untracked 
| 113|0x0000000087100000, 0x0000000087200000, 0x0000000087200000|100%| O|  |TAMS 0x0000000087100000, 0x0000000087100000| Untracked 
| 114|0x0000000087200000, 0x0000000087300000, 0x0000000087300000|100%| O|  |TAMS 0x0000000087200000, 0x0000000087200000| Untracked 
| 115|0x0000000087300000, 0x0000000087400000, 0x0000000087400000|100%| O|  |TAMS 0x0000000087300000, 0x0000000087300000| Untracked 
| 116|0x0000000087400000, 0x0000000087500000, 0x0000000087500000|100%| O|  |TAMS 0x0000000087400000, 0x0000000087400000| Untracked 
| 117|0x0000000087500000, 0x0000000087600000, 0x0000000087600000|100%| O|  |TAMS 0x0000000087500000, 0x0000000087500000| Untracked 
| 118|0x0000000087600000, 0x0000000087700000, 0x0000000087700000|100%| O|  |TAMS 0x0000000087600000, 0x0000000087600000| Untracked 
| 119|0x0000000087700000, 0x0000000087800000, 0x0000000087800000|100%| O|  |TAMS 0x0000000087700000, 0x0000000087700000| Untracked 
| 120|0x0000000087800000, 0x0000000087900000, 0x0000000087900000|100%| O|  |TAMS 0x0000000087800000, 0x0000000087800000| Untracked 
| 121|0x0000000087900000, 0x0000000087a00000, 0x0000000087a00000|100%| O|  |TAMS 0x0000000087900000, 0x0000000087900000| Untracked 
| 122|0x0000000087a00000, 0x0000000087b00000, 0x0000000087b00000|100%| O|  |TAMS 0x0000000087a00000, 0x0000000087a00000| Untracked 
| 123|0x0000000087b00000, 0x0000000087c00000, 0x0000000087c00000|100%| O|  |TAMS 0x0000000087b00000, 0x0000000087b00000| Untracked 
| 124|0x0000000087c00000, 0x0000000087cc2400, 0x0000000087d00000| 75%| O|  |TAMS 0x0000000087c00000, 0x0000000087c00000| Untracked 
| 125|0x0000000087d00000, 0x0000000087d00000, 0x0000000087e00000|  0%| F|  |TAMS 0x0000000087d00000, 0x0000000087d00000| Untracked 
| 126|0x0000000087e00000, 0x0000000087e00000, 0x0000000087f00000|  0%| F|  |TAMS 0x0000000087e00000, 0x0000000087e00000| Untracked 
| 127|0x0000000087f00000, 0x0000000087f00000, 0x0000000088000000|  0%| F|  |TAMS 0x0000000087f00000, 0x0000000087f00000| Untracked 
| 128|0x0000000088000000, 0x0000000088000000, 0x0000000088100000|  0%| F|  |TAMS 0x0000000088000000, 0x0000000088000000| Untracked 
| 129|0x0000000088100000, 0x0000000088100000, 0x0000000088200000|  0%| F|  |TAMS 0x0000000088100000, 0x0000000088100000| Untracked 
| 130|0x0000000088200000, 0x0000000088200000, 0x0000000088300000|  0%| F|  |TAMS 0x0000000088200000, 0x0000000088200000| Untracked 
| 131|0x0000000088300000, 0x0000000088300000, 0x0000000088400000|  0%| F|  |TAMS 0x0000000088300000, 0x0000000088300000| Untracked 
| 132|0x0000000088400000, 0x0000000088400000, 0x0000000088500000|  0%| F|  |TAMS 0x0000000088400000, 0x0000000088400000| Untracked 
| 133|0x0000000088500000, 0x0000000088500000, 0x0000000088600000|  0%| F|  |TAMS 0x0000000088500000, 0x0000000088500000| Untracked 
| 134|0x0000000088600000, 0x0000000088600000, 0x0000000088700000|  0%| F|  |TAMS 0x0000000088600000, 0x0000000088600000| Untracked 
| 135|0x0000000088700000, 0x0000000088700000, 0x0000000088800000|  0%| F|  |TAMS 0x0000000088700000, 0x0000000088700000| Untracked 
| 136|0x0000000088800000, 0x0000000088800000, 0x0000000088900000|  0%| F|  |TAMS 0x0000000088800000, 0x0000000088800000| Untracked 
| 137|0x0000000088900000, 0x0000000088900000, 0x0000000088a00000|  0%| F|  |TAMS 0x0000000088900000, 0x0000000088900000| Untracked 
| 138|0x0000000088a00000, 0x0000000088a00000, 0x0000000088b00000|  0%| F|  |TAMS 0x0000000088a00000, 0x0000000088a00000| Untracked 
| 139|0x0000000088b00000, 0x0000000088b00000, 0x0000000088c00000|  0%| F|  |TAMS 0x0000000088b00000, 0x0000000088b00000| Untracked 
| 140|0x0000000088c00000, 0x0000000088c00000, 0x0000000088d00000|  0%| F|  |TAMS 0x0000000088c00000, 0x0000000088c00000| Untracked 
| 141|0x0000000088d00000, 0x0000000088d00000, 0x0000000088e00000|  0%| F|  |TAMS 0x0000000088d00000, 0x0000000088d00000| Untracked 
| 142|0x0000000088e00000, 0x0000000088e00000, 0x0000000088f00000|  0%| F|  |TAMS 0x0000000088e00000, 0x0000000088e00000| Untracked 
| 143|0x0000000088f00000, 0x0000000088f00000, 0x0000000089000000|  0%| F|  |TAMS 0x0000000088f00000, 0x0000000088f00000| Untracked 
| 144|0x0000000089000000, 0x0000000089000000, 0x0000000089100000|  0%| F|  |TAMS 0x0000000089000000, 0x0000000089000000| Untracked 
| 145|0x0000000089100000, 0x0000000089100000, 0x0000000089200000|  0%| F|  |TAMS 0x0000000089100000, 0x0000000089100000| Untracked 
| 146|0x0000000089200000, 0x0000000089200000, 0x0000000089300000|  0%| F|  |TAMS 0x0000000089200000, 0x0000000089200000| Untracked 
| 147|0x0000000089300000, 0x0000000089300000, 0x0000000089400000|  0%| F|  |TAMS 0x0000000089300000, 0x0000000089300000| Untracked 
| 148|0x0000000089400000, 0x0000000089400000, 0x0000000089500000|  0%| F|  |TAMS 0x0000000089400000, 0x0000000089400000| Untracked 
| 149|0x0000000089500000, 0x0000000089500000, 0x0000000089600000|  0%| F|  |TAMS 0x0000000089500000, 0x0000000089500000| Untracked 
| 150|0x0000000089600000, 0x0000000089600000, 0x0000000089700000|  0%| F|  |TAMS 0x0000000089600000, 0x0000000089600000| Untracked 
| 151|0x0000000089700000, 0x0000000089700000, 0x0000000089800000|  0%| F|  |TAMS 0x0000000089700000, 0x0000000089700000| Untracked 
| 152|0x0000000089800000, 0x0000000089900000, 0x0000000089900000|100%| S|CS|TAMS 0x0000000089800000, 0x0000000089800000| Complete 
| 153|0x0000000089900000, 0x0000000089a00000, 0x0000000089a00000|100%| S|CS|TAMS 0x0000000089900000, 0x0000000089900000| Complete 
| 154|0x0000000089a00000, 0x0000000089b00000, 0x0000000089b00000|100%| S|CS|TAMS 0x0000000089a00000, 0x0000000089a00000| Complete 
| 155|0x0000000089b00000, 0x0000000089c00000, 0x0000000089c00000|100%| S|CS|TAMS 0x0000000089b00000, 0x0000000089b00000| Complete 
| 156|0x0000000089c00000, 0x0000000089c00000, 0x0000000089d00000|  0%| F|  |TAMS 0x0000000089c00000, 0x0000000089c00000| Untracked 
| 157|0x0000000089d00000, 0x0000000089d00000, 0x0000000089e00000|  0%| F|  |TAMS 0x0000000089d00000, 0x0000000089d00000| Untracked 
| 158|0x0000000089e00000, 0x0000000089e00000, 0x0000000089f00000|  0%| F|  |TAMS 0x0000000089e00000, 0x0000000089e00000| Untracked 
| 159|0x0000000089f00000, 0x0000000089f00000, 0x000000008a000000|  0%| F|  |TAMS 0x0000000089f00000, 0x0000000089f00000| Untracked 
| 160|0x000000008a000000, 0x000000008a000000, 0x000000008a100000|  0%| F|  |TAMS 0x000000008a000000, 0x000000008a000000| Untracked 
| 161|0x000000008a100000, 0x000000008a100000, 0x000000008a200000|  0%| F|  |TAMS 0x000000008a100000, 0x000000008a100000| Untracked 
| 162|0x000000008a200000, 0x000000008a200000, 0x000000008a300000|  0%| F|  |TAMS 0x000000008a200000, 0x000000008a200000| Untracked 
| 163|0x000000008a300000, 0x000000008a300000, 0x000000008a400000|  0%| F|  |TAMS 0x000000008a300000, 0x000000008a300000| Untracked 
| 164|0x000000008a400000, 0x000000008a400000, 0x000000008a500000|  0%| F|  |TAMS 0x000000008a400000, 0x000000008a400000| Untracked 
| 165|0x000000008a500000, 0x000000008a500000, 0x000000008a600000|  0%| F|  |TAMS 0x000000008a500000, 0x000000008a500000| Untracked 
| 166|0x000000008a600000, 0x000000008a600000, 0x000000008a700000|  0%| F|  |TAMS 0x000000008a600000, 0x000000008a600000| Untracked 
| 167|0x000000008a700000, 0x000000008a700000, 0x000000008a800000|  0%| F|  |TAMS 0x000000008a700000, 0x000000008a700000| Untracked 
| 168|0x000000008a800000, 0x000000008a800000, 0x000000008a900000|  0%| F|  |TAMS 0x000000008a800000, 0x000000008a800000| Untracked 
| 169|0x000000008a900000, 0x000000008a900000, 0x000000008aa00000|  0%| F|  |TAMS 0x000000008a900000, 0x000000008a900000| Untracked 
| 170|0x000000008aa00000, 0x000000008aa00000, 0x000000008ab00000|  0%| F|  |TAMS 0x000000008aa00000, 0x000000008aa00000| Untracked 
| 171|0x000000008ab00000, 0x000000008ab00000, 0x000000008ac00000|  0%| F|  |TAMS 0x000000008ab00000, 0x000000008ab00000| Untracked 
| 172|0x000000008ac00000, 0x000000008ac00000, 0x000000008ad00000|  0%| F|  |TAMS 0x000000008ac00000, 0x000000008ac00000| Untracked 
| 173|0x000000008ad00000, 0x000000008ad00000, 0x000000008ae00000|  0%| F|  |TAMS 0x000000008ad00000, 0x000000008ad00000| Untracked 
| 174|0x000000008ae00000, 0x000000008ae00000, 0x000000008af00000|  0%| F|  |TAMS 0x000000008ae00000, 0x000000008ae00000| Untracked 
| 175|0x000000008af00000, 0x000000008af00000, 0x000000008b000000|  0%| F|  |TAMS 0x000000008af00000, 0x000000008af00000| Untracked 
| 176|0x000000008b000000, 0x000000008b000000, 0x000000008b100000|  0%| F|  |TAMS 0x000000008b000000, 0x000000008b000000| Untracked 
| 177|0x000000008b100000, 0x000000008b100000, 0x000000008b200000|  0%| F|  |TAMS 0x000000008b100000, 0x000000008b100000| Untracked 
| 178|0x000000008b200000, 0x000000008b200000, 0x000000008b300000|  0%| F|  |TAMS 0x000000008b200000, 0x000000008b200000| Untracked 
| 179|0x000000008b300000, 0x000000008b300000, 0x000000008b400000|  0%| F|  |TAMS 0x000000008b300000, 0x000000008b300000| Untracked 
| 180|0x000000008b400000, 0x000000008b400000, 0x000000008b500000|  0%| F|  |TAMS 0x000000008b400000, 0x000000008b400000| Untracked 
| 181|0x000000008b500000, 0x000000008b500000, 0x000000008b600000|  0%| F|  |TAMS 0x000000008b500000, 0x000000008b500000| Untracked 
| 182|0x000000008b600000, 0x000000008b600000, 0x000000008b700000|  0%| F|  |TAMS 0x000000008b600000, 0x000000008b600000| Untracked 

Card table byte_map: [0x0000018680400000,0x0000018680800000] _byte_map_base: 0x0000018680000000

Marking Bits (Prev, Next): (CMBitMap*) 0x00000186ed2100c8, (CMBitMap*) 0x00000186ed210100
 Prev Bits: [0x0000018680c00000, 0x0000018682c00000)
 Next Bits: [0x0000018682c00000, 0x0000018684c00000)

Polling page: 0x00000186eb350000

Metaspace:

Usage:
  Non-class:     86.98 MB capacity,    85.60 MB ( 98%) used,     1.11 MB (  1%) free+waste,   277.63 KB ( <1%) overhead. 
      Class:     13.41 MB capacity,    12.54 MB ( 94%) used,   760.15 KB (  6%) free+waste,   123.81 KB ( <1%) overhead. 
       Both:    100.39 MB capacity,    98.14 MB ( 98%) used,     1.85 MB (  2%) free+waste,   401.44 KB ( <1%) overhead. 

Virtual space:
  Non-class space:       88.00 MB reserved,      87.20 MB (>99%) committed 
      Class space:        1.00 GB reserved,      13.50 MB (  1%) committed 
             Both:        1.09 GB reserved,     100.70 MB (  9%) committed 

Chunk freelists:
   Non-Class:  95.00 KB
       Class:  65.00 KB
        Both:  160.00 KB

MaxMetaspaceSize: 17179869184.00 GB
CompressedClassSpaceSize: 1.00 GB

CodeHeap 'non-profiled nmethods': size=120000Kb used=6117Kb max_used=6117Kb free=113882Kb
 bounds [0x00000186f8780000, 0x00000186f8d80000, 0x00000186ffcb0000]
CodeHeap 'profiled nmethods': size=120000Kb used=25476Kb max_used=25476Kb free=94523Kb
 bounds [0x00000186f1250000, 0x00000186f2b40000, 0x00000186f8780000]
CodeHeap 'non-nmethods': size=5760Kb used=2320Kb max_used=2362Kb free=3439Kb
 bounds [0x00000186f0cb0000, 0x00000186f0f20000, 0x00000186f1250000]
 total_blobs=12843 nmethods=11922 adapters=830
 compilation: enabled
              stopped_count=0, restarted_count=0
 full_count=0

Compilation events (20 events):
Event: 22.841 Thread 0x0000018687f03800 nmethod 12150 0x00000186f2b2e210 code [0x00000186f2b2e3c0, 0x00000186f2b2e4e8]
Event: 22.841 Thread 0x0000018687f03800 12151       2       com.android.tools.r8.utils.V::a (10 bytes)
Event: 22.841 Thread 0x0000018687f03800 nmethod 12151 0x00000186f2b2e590 code [0x00000186f2b2e740, 0x00000186f2b2e848]
Event: 22.841 Thread 0x0000018687f03800 12152       2       com.android.tools.r8.utils.V$$Lambda$1389/0x0000000100b82840::accept (10 bytes)
Event: 22.841 Thread 0x0000018687f03800 nmethod 12152 0x00000186f2b2e910 code [0x00000186f2b2eb00, 0x00000186f2b2ed88]
Event: 22.841 Thread 0x0000018687f03800 12153       2       com.android.tools.r8.utils.V::a (8 bytes)
Event: 22.842 Thread 0x0000018687f03800 nmethod 12153 0x00000186f2b2ef90 code [0x00000186f2b2f160, 0x00000186f2b2f3c8]
Event: 22.842 Thread 0x0000018687f03800 12147       2       com.android.tools.r8.utils.V$$Lambda$1394/0x0000000100b81440::<init> (20 bytes)
Event: 22.842 Thread 0x0000018687f03800 nmethod 12147 0x00000186f2b2f610 code [0x00000186f2b2f7c0, 0x00000186f2b2f978]
Event: 22.845 Thread 0x0000018687f03800 12155       2       com.android.tools.r8.internal.K3::<init> (57 bytes)
Event: 22.845 Thread 0x0000018687f03800 nmethod 12155 0x00000186f2b2fa10 code [0x00000186f2b2fbc0, 0x00000186f2b2fd58]
Event: 22.845 Thread 0x0000018687f03800 12156       2       com.android.tools.r8.graph.G0::b (155 bytes)
Event: 22.846 Thread 0x0000018687f03800 nmethod 12156 0x00000186f2b2fe10 code [0x00000186f2b30040, 0x00000186f2b30598]
Event: 22.846 Thread 0x0000018687f03800 12157       2       com.android.tools.r8.internal.l4$b::h (5 bytes)
Event: 22.846 Thread 0x0000018687f03800 nmethod 12157 0x00000186f2b30790 code [0x00000186f2b30940, 0x00000186f2b30a78]
Event: 22.847 Thread 0x0000018687f03800 12158       2       com.android.tools.r8.internal.mu$f::<init> (6 bytes)
Event: 22.847 Thread 0x0000018687f03800 nmethod 12158 0x00000186f2b30b10 code [0x00000186f2b30cc0, 0x00000186f2b30dc8]
Event: 22.847 Thread 0x0000018687f03800 12159       2       com.android.tools.r8.internal.mu$f::<init> (41 bytes)
Event: 22.847 Thread 0x0000018687f03800 nmethod 12159 0x00000186f2b30e90 code [0x00000186f2b31040, 0x00000186f2b311b8]
Event: 22.849 Thread 0x0000018687f03800 12160       2       com.android.tools.r8.internal.y4::g (2 bytes)

GC Heap History (20 events):
Event: 21.105 GC heap after
{Heap after GC invocations=28 (full 0):
 garbage-first heap   total 155648K, used 98662K [0x0000000080000000, 0x0000000100000000)
  region size 1024K, 3 young (3072K), 3 survivors (3072K)
 Metaspace       used 92073K, capacity 94402K, committed 94540K, reserved 1130496K
  class space    used 11778K, capacity 12648K, committed 12672K, reserved 1048576K
}
Event: 21.276 GC heap before
{Heap before GC invocations=29 (full 0):
 garbage-first heap   total 155648K, used 124988K [0x0000000080000000, 0x0000000100000000)
  region size 1024K, 30 young (30720K), 3 survivors (3072K)
 Metaspace       used 93619K, capacity 95737K, committed 96588K, reserved 1132544K
  class space    used 11915K, capacity 12677K, committed 12928K, reserved 1048576K
}
Event: 21.279 GC heap after
{Heap after GC invocations=30 (full 0):
 garbage-first heap   total 155648K, used 98637K [0x0000000080000000, 0x0000000100000000)
  region size 1024K, 3 young (3072K), 3 survivors (3072K)
 Metaspace       used 93619K, capacity 95737K, committed 96588K, reserved 1132544K
  class space    used 11915K, capacity 12677K, committed 12928K, reserved 1048576K
}
Event: 21.301 GC heap before
{Heap before GC invocations=30 (full 0):
 garbage-first heap   total 155648K, used 102733K [0x0000000080000000, 0x0000000100000000)
  region size 1024K, 7 young (7168K), 3 survivors (3072K)
 Metaspace       used 93962K, capacity 96057K, committed 96972K, reserved 1132544K
  class space    used 11955K, capacity 12741K, committed 13056K, reserved 1048576K
}
Event: 21.304 GC heap after
{Heap after GC invocations=31 (full 0):
 garbage-first heap   total 155648K, used 92036K [0x0000000080000000, 0x0000000100000000)
  region size 1024K, 1 young (1024K), 1 survivors (1024K)
 Metaspace       used 93962K, capacity 96057K, committed 96972K, reserved 1132544K
  class space    used 11955K, capacity 12741K, committed 13056K, reserved 1048576K
}
Event: 21.583 GC heap before
{Heap before GC invocations=31 (full 0):
 garbage-first heap   total 155648K, used 122756K [0x0000000080000000, 0x0000000100000000)
  region size 1024K, 32 young (32768K), 1 survivors (1024K)
 Metaspace       used 94742K, capacity 96826K, committed 97740K, reserved 1134592K
  class space    used 12032K, capacity 12778K, committed 13056K, reserved 1048576K
}
Event: 21.589 GC heap after
{Heap after GC invocations=32 (full 0):
 garbage-first heap   total 155648K, used 94879K [0x0000000080000000, 0x0000000100000000)
  region size 1024K, 4 young (4096K), 4 survivors (4096K)
 Metaspace       used 94742K, capacity 96826K, committed 97740K, reserved 1134592K
  class space    used 12032K, capacity 12778K, committed 13056K, reserved 1048576K
}
Event: 21.964 GC heap before
{Heap before GC invocations=33 (full 0):
 garbage-first heap   total 155648K, used 121503K [0x0000000080000000, 0x0000000100000000)
  region size 1024K, 34 young (34816K), 4 survivors (4096K)
 Metaspace       used 95435K, capacity 97580K, committed 98380K, reserved 1134592K
  class space    used 12138K, capacity 12962K, committed 13184K, reserved 1048576K
}
Event: 21.970 GC heap after
{Heap after GC invocations=34 (full 0):
 garbage-first heap   total 155648K, used 94791K [0x0000000080000000, 0x0000000100000000)
  region size 1024K, 3 young (3072K), 3 survivors (3072K)
 Metaspace       used 95435K, capacity 97580K, committed 98380K, reserved 1134592K
  class space    used 12138K, capacity 12962K, committed 13184K, reserved 1048576K
}
Event: 21.975 GC heap before
{Heap before GC invocations=34 (full 0):
 garbage-first heap   total 155648K, used 97863K [0x0000000080000000, 0x0000000100000000)
  region size 1024K, 7 young (7168K), 3 survivors (3072K)
 Metaspace       used 95457K, capacity 97653K, committed 98380K, reserved 1134592K
  class space    used 12143K, capacity 12965K, committed 13184K, reserved 1048576K
}
Event: 21.979 GC heap after
{Heap after GC invocations=35 (full 0):
 garbage-first heap   total 187392K, used 92711K [0x0000000080000000, 0x0000000100000000)
  region size 1024K, 1 young (1024K), 1 survivors (1024K)
 Metaspace       used 95457K, capacity 97653K, committed 98380K, reserved 1134592K
  class space    used 12143K, capacity 12965K, committed 13184K, reserved 1048576K
}
Event: 22.103 GC heap before
{Heap before GC invocations=35 (full 0):
 garbage-first heap   total 187392K, used 139815K [0x0000000080000000, 0x0000000100000000)
  region size 1024K, 49 young (50176K), 1 survivors (1024K)
 Metaspace       used 96260K, capacity 98363K, committed 99020K, reserved 1134592K
  class space    used 12234K, capacity 13030K, committed 13312K, reserved 1048576K
}
Event: 22.124 GC heap after
{Heap after GC invocations=36 (full 0):
 garbage-first heap   total 187392K, used 105560K [0x0000000080000000, 0x0000000100000000)
  region size 1024K, 6 young (6144K), 6 survivors (6144K)
 Metaspace       used 96260K, capacity 98363K, committed 99020K, reserved 1134592K
  class space    used 12234K, capacity 13030K, committed 13312K, reserved 1048576K
}
Event: 22.363 GC heap before
{Heap before GC invocations=37 (full 0):
 garbage-first heap   total 187392K, used 143448K [0x0000000080000000, 0x0000000100000000)
  region size 1024K, 44 young (45056K), 6 survivors (6144K)
 Metaspace       used 98728K, capacity 100997K, committed 101324K, reserved 1136640K
  class space    used 12615K, capacity 13473K, committed 13568K, reserved 1048576K
}
Event: 22.383 GC heap after
{Heap after GC invocations=38 (full 0):
 garbage-first heap   total 187392K, used 113135K [0x0000000080000000, 0x0000000100000000)
  region size 1024K, 6 young (6144K), 6 survivors (6144K)
 Metaspace       used 98728K, capacity 100997K, committed 101324K, reserved 1136640K
  class space    used 12615K, capacity 13473K, committed 13568K, reserved 1048576K
}
Event: 22.461 GC heap before
{Heap before GC invocations=38 (full 0):
 garbage-first heap   total 187392K, used 147951K [0x0000000080000000, 0x0000000100000000)
  region size 1024K, 40 young (40960K), 6 survivors (6144K)
 Metaspace       used 99542K, capacity 101811K, committed 102220K, reserved 1138688K
  class space    used 12730K, capacity 13595K, committed 13696K, reserved 1048576K
}
Event: 22.495 GC heap after
{Heap after GC invocations=39 (full 0):
 garbage-first heap   total 187392K, used 119228K [0x0000000080000000, 0x0000000100000000)
  region size 1024K, 5 young (5120K), 5 survivors (5120K)
 Metaspace       used 99542K, capacity 101811K, committed 102220K, reserved 1138688K
  class space    used 12730K, capacity 13595K, committed 13696K, reserved 1048576K
}
Event: 22.660 GC heap before
{Heap before GC invocations=39 (full 0):
 garbage-first heap   total 187392K, used 149948K [0x0000000080000000, 0x0000000100000000)
  region size 1024K, 36 young (36864K), 5 survivors (5120K)
 Metaspace       used 100154K, capacity 102420K, committed 102860K, reserved 1138688K
  class space    used 12817K, capacity 13691K, committed 13824K, reserved 1048576K
}
Event: 22.689 GC heap after
{Heap after GC invocations=40 (full 0):
 garbage-first heap   total 187392K, used 125952K [0x0000000080000000, 0x0000000100000000)
  region size 1024K, 5 young (5120K), 5 survivors (5120K)
 Metaspace       used 100154K, capacity 102420K, committed 102860K, reserved 1138688K
  class space    used 12817K, capacity 13691K, committed 13824K, reserved 1048576K
}
Event: 22.851 GC heap before
{Heap before GC invocations=41 (full 0):
 garbage-first heap   total 187392K, used 153600K [0x0000000080000000, 0x0000000100000000)
  region size 1024K, 32 young (32768K), 5 survivors (5120K)
 Metaspace       used 100498K, capacity 102796K, committed 103116K, reserved 1138688K
  class space    used 12843K, capacity 13727K, committed 13824K, reserved 1048576K
}

Deoptimization events (20 events):
Event: 22.459 Thread 0x000001868da62000 DEOPT PACKING pc=0x00000186f2aac1c0 sp=0x00000069de0f9ad0
Event: 22.459 Thread 0x000001868da62000 DEOPT UNPACKING pc=0x00000186f0cd76ce sp=0x00000069de0f8fd8 mode 0
Event: 22.496 Thread 0x000001868da60800 DEOPT PACKING pc=0x00000186f2aacd38 sp=0x00000069ddff9810
Event: 22.496 Thread 0x000001868da60800 DEOPT UNPACKING pc=0x00000186f0cd76ce sp=0x00000069ddff8d38 mode 0
Event: 22.497 Thread 0x000001868da68800 DEOPT PACKING pc=0x00000186f2aac1c0 sp=0x00000069de5fa430
Event: 22.497 Thread 0x000001868da68800 DEOPT UNPACKING pc=0x00000186f0cd76ce sp=0x00000069de5f9938 mode 0
Event: 22.497 Thread 0x000001868da5e000 DEOPT PACKING pc=0x00000186f2aacd38 sp=0x00000069ddef9950
Event: 22.498 Thread 0x000001868da5e000 DEOPT UNPACKING pc=0x00000186f0cd76ce sp=0x00000069ddef8e78 mode 0
Event: 22.498 Thread 0x000001868da68800 DEOPT PACKING pc=0x00000186f2aacd38 sp=0x00000069de5fa290
Event: 22.498 Thread 0x000001868da68800 DEOPT UNPACKING pc=0x00000186f0cd76ce sp=0x00000069de5f97b8 mode 0
Event: 22.505 Thread 0x000001868da5e000 DEOPT PACKING pc=0x00000186f2aacd38 sp=0x00000069ddef9950
Event: 22.505 Thread 0x000001868da5e000 DEOPT UNPACKING pc=0x00000186f0cd76ce sp=0x00000069ddef8e78 mode 0
Event: 22.513 Thread 0x000001868da68800 DEOPT PACKING pc=0x00000186f2a6f97e sp=0x00000069de5f9ed0
Event: 22.514 Thread 0x000001868da68800 DEOPT UNPACKING pc=0x00000186f0cd76ce sp=0x00000069de5f9458 mode 0
Event: 22.516 Thread 0x000001868da62000 Uncommon trap: trap_request=0xffffff4d fr.pc=0x00000186f8d629d4 relative=0x0000000000001b34
Event: 22.516 Thread 0x000001868da62000 Uncommon trap: reason=unstable_if action=reinterpret pc=0x00000186f8d629d4 method=com.android.tools.r8.internal.E9.e(Ljava/lang/String;)[Ljava/lang/String; @ 27 c2
Event: 22.516 Thread 0x000001868da62000 DEOPT PACKING pc=0x00000186f8d629d4 sp=0x00000069de0f96f0
Event: 22.516 Thread 0x000001868da62000 DEOPT UNPACKING pc=0x00000186f0cd78af sp=0x00000069de0f96e0 mode 2
Event: 22.573 Thread 0x000001868da5d000 DEOPT PACKING pc=0x00000186f2ab6677 sp=0x00000069de4f9a60
Event: 22.574 Thread 0x000001868da5d000 DEOPT UNPACKING pc=0x00000186f0cd76ce sp=0x00000069de4f8fd8 mode 0

Classes redefined (0 events):
No events

Internal exceptions (20 events):
Event: 21.755 Thread 0x000001868da61000 Implicit null exception at 0x00000186f8d17005 to 0x00000186f8d177f0
Event: 21.943 Thread 0x000001868da5e800 Implicit null exception at 0x00000186f8d265d2 to 0x00000186f8d269d8
Event: 21.943 Thread 0x000001868da63000 Implicit null exception at 0x00000186f8d265d2 to 0x00000186f8d269d8
Event: 21.982 Thread 0x000001868da61000 Exception <a 'sun/nio/fs/WindowsException'{0x000000008b33eb80}> (0x000000008b33eb80) thrown at [./src/hotspot/share/prims/jni.cpp, line 615]
Event: 21.999 Thread 0x000001868da60800 Exception <a 'sun/nio/fs/WindowsException'{0x000000008a9be2d0}> (0x000000008a9be2d0) thrown at [./src/hotspot/share/prims/jni.cpp, line 615]
Event: 22.055 Thread 0x000001868da5d000 Exception <a 'sun/nio/fs/WindowsException'{0x0000000089c24ac8}> (0x0000000089c24ac8) thrown at [./src/hotspot/share/prims/jni.cpp, line 615]
Event: 22.060 Thread 0x000001868da5e000 Exception <a 'sun/nio/fs/WindowsException'{0x0000000089ec10e8}> (0x0000000089ec10e8) thrown at [./src/hotspot/share/prims/jni.cpp, line 615]
Event: 22.126 Thread 0x000001868da63000 Exception <a 'sun/nio/fs/WindowsException'{0x000000008b689888}> (0x000000008b689888) thrown at [./src/hotspot/share/prims/jni.cpp, line 615]
Event: 22.142 Thread 0x000001868da62000 Exception <a 'sun/nio/fs/WindowsException'{0x000000008af0a560}> (0x000000008af0a560) thrown at [./src/hotspot/share/prims/jni.cpp, line 615]
Event: 22.162 Thread 0x000001868da68800 Exception <a 'sun/nio/fs/WindowsException'{0x000000008aa68020}> (0x000000008aa68020) thrown at [./src/hotspot/share/prims/jni.cpp, line 615]
Event: 22.232 Thread 0x000001868da68800 Exception <a 'java/lang/NoSuchMethodError'{0x000000008a7fd870}: 'java.lang.Object java.lang.invoke.DirectMethodHandle$Holder.invokeStatic(java.lang.Object, java.lang.Object, java.lang.Object, java.lang.Object, java.lang.Object, java.lang.Object, java.lang.Object, java.lang.Object, java.lang.Object, java.lang.Object, java.lang.Object, java.lang.Object, java.lang.Object, java.lang.Object, java.lang.Object, java.lang.Object, java.lang.Object, java.lang.Object, int, java.lang.Object)'> (0x000000008a7fd870) thr
Event: 22.232 Thread 0x000001868da68800 Exception <a 'java/lang/NoSuchMethodError'{0x000000008a604000}: 'java.lang.Object java.lang.invoke.DirectMethodHandle$Holder.invokeStaticInit(java.lang.Object, java.lang.Object, java.lang.Object, java.lang.Object, java.lang.Object, java.lang.Object, java.lang.Object, java.lang.Object, java.lang.Object, java.lang.Object, java.lang.Object, java.lang.Object, java.lang.Object, java.lang.Object, java.lang.Object, java.lang.Object, java.lang.Object, java.lang.Object, int, java.lang.Object)'> (0x000000008a604000)
Event: 22.258 Thread 0x000001868da63000 Exception <a 'java/lang/IncompatibleClassChangeError'{0x000000008a552570}: Found class java.lang.Object, but interface was expected> (0x000000008a552570) thrown at [./src/hotspot/share/interpreter/linkResolver.cpp, line 839]
Event: 22.258 Thread 0x000001868da68800 Exception <a 'java/lang/IncompatibleClassChangeError'{0x000000008a663178}: Found class java.lang.Object, but interface was expected> (0x000000008a663178) thrown at [./src/hotspot/share/interpreter/linkResolver.cpp, line 839]
Event: 22.268 Thread 0x000001868da62000 Exception <a 'java/lang/NoSuchMethodError'{0x000000008a5bdc68}: 'void java.lang.invoke.DirectMethodHandle$Holder.invokeStatic(java.lang.Object, java.lang.Object, int, java.lang.Object, java.lang.Object, java.lang.Object, java.lang.Object)'> (0x000000008a5bdc68) thrown at [./src/hotspot/share/interpreter/linkResolver.cpp, line 773]
Event: 22.285 Thread 0x000001868da5d000 Exception <a 'java/lang/NoSuchMethodError'{0x000000008a3d0c00}: 'java.lang.Object java.lang.invoke.DirectMethodHandle$Holder.invokeStatic(java.lang.Object, long)'> (0x000000008a3d0c00) thrown at [./src/hotspot/share/interpreter/linkResolver.cpp, line 773]
Event: 22.349 Thread 0x000001868da61000 Exception <a 'java/lang/NoSuchMethodError'{0x000000008954fc48}: 'int java.lang.invoke.DirectMethodHandle$Holder.invokeVirtual(java.lang.Object, java.lang.Object, java.lang.Object, java.lang.Object)'> (0x000000008954fc48) thrown at [./src/hotspot/share/interpreter/linkResolver.cpp, line 773]
Event: 22.403 Thread 0x000001868da5e000 Exception <a 'java/lang/NoSuchMethodError'{0x000000008ab10f08}: 'void java.lang.invoke.DirectMethodHandle$Holder.invokeStatic(java.lang.Object, java.lang.Object, java.lang.Object, int)'> (0x000000008ab10f08) thrown at [./src/hotspot/share/interpreter/linkResolver.cpp, line 773]
Event: 22.405 Thread 0x000001868da61000 Exception <a 'java/lang/IncompatibleClassChangeError'{0x000000008abcbde0}: Found class java.lang.Object, but interface was expected> (0x000000008abcbde0) thrown at [./src/hotspot/share/interpreter/linkResolver.cpp, line 839]
Event: 22.443 Thread 0x000001868da60800 Exception <a 'java/lang/NoSuchMethodError'{0x0000000089cbc9f0}: 'int java.lang.invoke.DirectMethodHandle$Holder.invokeVirtual(java.lang.Object, java.lang.Object, java.lang.Object)'> (0x0000000089cbc9f0) thrown at [./src/hotspot/share/interpreter/linkResolver.cpp, line 773]

Events (20 events):
Event: 22.836 loading class com/android/tools/r8/internal/v4 done
Event: 22.839 loading class com/android/tools/r8/internal/Va
Event: 22.839 loading class com/android/tools/r8/internal/Va done
Event: 22.840 loading class com/android/tools/r8/internal/jt
Event: 22.840 loading class com/android/tools/r8/internal/jt done
Event: 22.843 loading class com/android/tools/r8/internal/U3
Event: 22.843 loading class com/android/tools/r8/internal/U3 done
Event: 22.843 loading class com/android/tools/r8/internal/S3
Event: 22.843 loading class com/android/tools/r8/internal/S3 done
Event: 22.844 loading class com/android/tools/r8/internal/T3
Event: 22.844 loading class com/android/tools/r8/internal/T3 done
Event: 22.844 loading class com/android/tools/r8/internal/w4
Event: 22.844 loading class com/android/tools/r8/internal/w4 done
Event: 22.844 loading class com/android/tools/r8/internal/Is
Event: 22.844 loading class com/android/tools/r8/internal/Is done
Event: 22.846 loading class com/android/tools/r8/internal/u4
Event: 22.846 loading class com/android/tools/r8/internal/u4 done
Event: 22.848 loading class com/android/tools/r8/internal/W8
Event: 22.848 loading class com/android/tools/r8/internal/W8 done
Event: 22.849 Executing VM operation: G1CollectForAllocation


Dynamic libraries:
0x00007ff783270000 - 0x00007ff78327a000 	D:\Android\Studio\jre\bin\java.exe
0x00007ff802550000 - 0x00007ff80273d000 	C:\Windows\SYSTEM32\ntdll.dll
0x00007ff800090000 - 0x00007ff800143000 	C:\Windows\System32\KERNEL32.DLL
0x00007fffff470000 - 0x00007fffff703000 	C:\Windows\System32\KERNELBASE.dll
0x00007fffff260000 - 0x00007fffff35a000 	C:\Windows\System32\ucrtbase.dll
0x00007fffc9a10000 - 0x00007fffc9a27000 	D:\Android\Studio\jre\bin\VCRUNTIME140.dll
0x00007fffc99f0000 - 0x00007fffc9a09000 	D:\Android\Studio\jre\bin\jli.dll
0x00007fffff890000 - 0x00007fffffa27000 	C:\Windows\System32\USER32.dll
0x00007fffe6540000 - 0x00007fffe67b9000 	C:\Windows\WinSxS\amd64_microsoft.windows.common-controls_6595b64144ccf1df_6.0.17763.615_none_05b4414a072024d4\COMCTL32.dll
0x00007ff800010000 - 0x00007ff800030000 	C:\Windows\System32\win32u.dll
0x00007fffff710000 - 0x00007fffff7ae000 	C:\Windows\System32\msvcrt.dll
0x00007ff8023f0000 - 0x00007ff802419000 	C:\Windows\System32\GDI32.dll
0x00007fffffc10000 - 0x00007ffffff3c000 	C:\Windows\System32\combase.dll
0x00007ffffeee0000 - 0x00007fffff079000 	C:\Windows\System32\gdi32full.dll
0x00007ffffee40000 - 0x00007ffffeee0000 	C:\Windows\System32\msvcp_win.dll
0x00007fffffae0000 - 0x00007fffffc02000 	C:\Windows\System32\RPCRT4.dll
0x00007ffffedc0000 - 0x00007ffffee3e000 	C:\Windows\System32\bcryptPrimitives.dll
0x00007ff8002c0000 - 0x00007ff8002ee000 	C:\Windows\System32\IMM32.DLL
0x00007fff8f3e0000 - 0x00007fff8f47d000 	D:\Android\Studio\jre\bin\msvcp140.dll
0x00007fff9b9b0000 - 0x00007fff9c47f000 	D:\Android\Studio\jre\bin\server\jvm.dll
0x00007fffffa30000 - 0x00007fffffad3000 	C:\Windows\System32\ADVAPI32.dll
0x00007ff801800000 - 0x00007ff80189e000 	C:\Windows\System32\sechost.dll
0x00007ff802420000 - 0x00007ff802428000 	C:\Windows\System32\PSAPI.DLL
0x00007fffe4500000 - 0x00007fffe4509000 	C:\Windows\SYSTEM32\WSOCK32.dll
0x00007ffff5560000 - 0x00007ffff5584000 	C:\Windows\SYSTEM32\WINMM.dll
0x00007ffff7350000 - 0x00007ffff735a000 	C:\Windows\SYSTEM32\VERSION.dll
0x00007ff8018a0000 - 0x00007ff80190d000 	C:\Windows\System32\WS2_32.dll
0x00007ffff5530000 - 0x00007ffff555d000 	C:\Windows\SYSTEM32\winmmbase.dll
0x00007ffffe620000 - 0x00007ffffe66a000 	C:\Windows\System32\cfgmgr32.dll
0x00007ffffe5d0000 - 0x00007ffffe5e1000 	C:\Windows\System32\kernel.appcore.dll
0x00007ffff87e0000 - 0x00007ffff87f1000 	D:\Android\Studio\jre\bin\verify.dll
0x00007ffff7570000 - 0x00007ffff775d000 	C:\Windows\SYSTEM32\DBGHELP.DLL
0x00007fffe6510000 - 0x00007fffe653a000 	C:\Windows\SYSTEM32\dbgcore.DLL
0x00007fffee1c0000 - 0x00007fffee1e9000 	D:\Android\Studio\jre\bin\java.dll
0x00007ffffa230000 - 0x00007ffffa23b000 	D:\Android\Studio\jre\bin\jimage.dll
0x00007fffedab0000 - 0x00007fffedac8000 	D:\Android\Studio\jre\bin\zip.dll
0x00007ff800310000 - 0x00007ff801800000 	C:\Windows\System32\SHELL32.dll
0x00007ff802430000 - 0x00007ff8024d8000 	C:\Windows\System32\shcore.dll
0x00007ffffe670000 - 0x00007ffffedba000 	C:\Windows\System32\windows.storage.dll
0x00007ffffe5f0000 - 0x00007ffffe614000 	C:\Windows\System32\profapi.dll
0x00007ffffe570000 - 0x00007ffffe5cd000 	C:\Windows\System32\powrprof.dll
0x00007fffff7b0000 - 0x00007fffff802000 	C:\Windows\System32\shlwapi.dll
0x00007ffffdf50000 - 0x00007ffffdf67000 	C:\Windows\SYSTEM32\cryptsp.dll
0x00007fffed550000 - 0x00007fffed56a000 	D:\Android\Studio\jre\bin\net.dll
0x00007ffff42a0000 - 0x00007ffff4392000 	C:\Windows\SYSTEM32\WINHTTP.dll
0x00007ffffdd80000 - 0x00007ffffdde7000 	C:\Windows\system32\mswsock.dll
0x00007fffec5f0000 - 0x00007fffec604000 	D:\Android\Studio\jre\bin\nio.dll
0x00007fffed520000 - 0x00007fffed547000 	C:\Users\79527\.gradle\native\8bec1ad78214c89d9ad589b4d07fe93259594b29d510b10fafb7a158f7737e5d\windows-amd64\native-platform.dll
0x00007fff8f5d0000 - 0x00007fff8f70d000 	C:\Users\79527\.gradle\native\53dbd7edfb1c66fb8903c78663c9afc45aea4f116125fa6feffd364cf09443e8\windows-amd64\native-platform-file-events.dll
0x00007ffff90c0000 - 0x00007ffff90ca000 	D:\Android\Studio\jre\bin\management.dll
0x00007ffff87d0000 - 0x00007ffff87dc000 	D:\Android\Studio\jre\bin\management_ext.dll
0x00007ffffd940000 - 0x00007ffffd973000 	C:\Windows\system32\rsaenh.dll
0x00007ffffe0a0000 - 0x00007ffffe0c6000 	C:\Windows\SYSTEM32\bcrypt.dll
0x00007ffffe490000 - 0x00007ffffe4b8000 	C:\Windows\SYSTEM32\USERENV.dll
0x00007ffffdf70000 - 0x00007ffffdf7c000 	C:\Windows\SYSTEM32\CRYPTBASE.dll
0x00007ffffdae0000 - 0x00007ffffdb1d000 	C:\Windows\SYSTEM32\IPHLPAPI.DLL
0x00007ff8024e0000 - 0x00007ff8024e8000 	C:\Windows\System32\NSI.dll
0x00007ffff7100000 - 0x00007ffff7116000 	C:\Windows\SYSTEM32\dhcpcsvc6.DLL
0x00007ffff70e0000 - 0x00007ffff70fc000 	C:\Windows\SYSTEM32\dhcpcsvc.DLL
0x00007ffffdb20000 - 0x00007ffffdbe6000 	C:\Windows\SYSTEM32\DNSAPI.dll

dbghelp: loaded successfully - version: 4.0.5 - missing functions: none
symbol engine: initialized successfully - sym options: 0x614 - pdb path: .;D:\Android\Studio\jre\bin;C:\Windows\SYSTEM32;C:\Windows\WinSxS\amd64_microsoft.windows.common-controls_6595b64144ccf1df_6.0.17763.615_none_05b4414a072024d4;D:\Android\Studio\jre\bin\server;C:\Users\79527\.gradle\native\8bec1ad78214c89d9ad589b4d07fe93259594b29d510b10fafb7a158f7737e5d\windows-amd64;C:\Users\79527\.gradle\native\53dbd7edfb1c66fb8903c78663c9afc45aea4f116125fa6feffd364cf09443e8\windows-amd64

VM Arguments:
jvm_args: --add-opens=java.base/java.util=ALL-UNNAMED --add-opens=java.base/java.lang=ALL-UNNAMED --add-opens=java.base/java.lang.invoke=ALL-UNNAMED --add-opens=java.base/java.util=ALL-UNNAMED --add-opens=java.prefs/java.util.prefs=ALL-UNNAMED --add-opens=java.prefs/java.util.prefs=ALL-UNNAMED --add-opens=java.base/java.nio.charset=ALL-UNNAMED --add-opens=java.base/java.net=ALL-UNNAMED --add-opens=java.base/java.util.concurrent.atomic=ALL-UNNAMED -Xmx2048m -Dfile.encoding=UTF-8 -Duser.country=RU -Duser.language=ru -Duser.variant 
java_command: org.gradle.launcher.daemon.bootstrap.GradleDaemon 7.0.2
java_class_path (initial): C:\Users\79527\.gradle\wrapper\dists\gradle-7.0.2-bin\857tjihv64xamwrf0h14cai3r\gradle-7.0.2\lib\gradle-launcher-7.0.2.jar
Launcher Type: SUN_STANDARD

[Global flags]
     intx CICompilerCount                          = 4                                         {product} {ergonomic}
     uint ConcGCThreads                            = 2                                         {product} {ergonomic}
     uint G1ConcRefinementThreads                  = 8                                         {product} {ergonomic}
   size_t G1HeapRegionSize                         = 1048576                                   {product} {ergonomic}
    uintx GCDrainStackTargetSize                   = 64                                        {product} {ergonomic}
   size_t InitialHeapSize                          = 132120576                                 {product} {ergonomic}
   size_t MarkStackSize                            = 4194304                                   {product} {ergonomic}
   size_t MaxHeapSize                              = 2147483648                                {product} {command line}
   size_t MaxNewSize                               = 1287651328                                {product} {ergonomic}
   size_t MinHeapDeltaBytes                        = 1048576                                   {product} {ergonomic}
    uintx NonNMethodCodeHeapSize                   = 5836300                                {pd product} {ergonomic}
    uintx NonProfiledCodeHeapSize                  = 122910970                              {pd product} {ergonomic}
    uintx ProfiledCodeHeapSize                     = 122910970                              {pd product} {ergonomic}
    uintx ReservedCodeCacheSize                    = 251658240                              {pd product} {ergonomic}
     bool SegmentedCodeCache                       = true                                      {product} {ergonomic}
     bool UseCompressedClassPointers               = true                                 {lp64_product} {ergonomic}
     bool UseCompressedOops                        = true                                 {lp64_product} {ergonomic}
     bool UseG1GC                                  = true                                      {product} {ergonomic}
     bool UseLargePagesIndividualAllocation        = false                                  {pd product} {ergonomic}

Logging:
Log output configuration:
 #0: stdout all=warning uptime,level,tags
 #1: stderr all=off uptime,level,tags

Environment Variables:
PATH=C:\Program Files\AdoptOpenJDK\jdk-11.0.8.10-hotspot\bin;C:\Windows\system32;C:\Windows;C:\Windows\System32\Wbem;C:\Windows\System32\WindowsPowerShell\v1.0\;C:\Windows\System32\OpenSSH\;C:\Program Files\Intel\WiFi\bin\;C:\Program Files\Common Files\Intel\WirelessCommon\;C:\Program Files\Java\jdk1.8.0_221\bin;D:\TDM-GCC-64\bin;D:\Spark\bin;D:\Git\cmd;C:\Programs\cmder;C:\Users\79527\AppData\Local\Programs\Python\Python39\Scripts\;C:\Users\79527\AppData\Local\Programs\Python\Python39\;C:\Program Files\mingw-w64\x86_64-8.1.0-win32-seh-rt_v6-rev0\mingw64\bin;D:\IntelliJ IDEA Community Edition 2021.2.2\bin;D:\PyCharm\PyCharm Community Edition 2020.3.2\bin;D:\Microsoft VS Code\bin
USERNAME=Andrew
OS=Windows_NT
PROCESSOR_IDENTIFIER=Intel64 Family 6 Model 142 Stepping 11, GenuineIntel



---------------  S Y S T E M  ---------------

OS: Windows 10 , 64 bit Build 17763 (10.0.17763.475)
OS uptime: 0 days 2:39 hours

CPU:total 8 (initial active 8) (4 cores per cpu, 2 threads per core) family 6 model 142 stepping 11 microcode 0xa4, cmov, cx8, fxsr, mmx, sse, sse2, sse3, ssse3, sse4.1, sse4.2, popcnt, avx, avx2, aes, clmul, erms, 3dnowpref, lzcnt, ht, tsc, tscinvbit, bmi1, bmi2, adx, fma

Memory: 4k page, system-wide physical 8037M (390M free)
TotalPageFile size 12674M (AvailPageFile size 82M)
current process WorkingSet (physical memory assigned to process): 399M, peak: 440M
current process commit charge ("private bytes"): 550M, peak: 733M

vm_info: OpenJDK 64-Bit Server VM (11.0.10+0-b96-7249189) for windows-amd64 JRE (11.0.10+0-b96-7249189), built on Mar 31 2021 21:44:00 by "builder" with MS VC++ 14.0 (VS2015)

END.
