#
# There is insufficient memory for the Java Runtime Environment to continue.
# Native memory allocation (mmap) failed to map 282066944 bytes for Failed to commit area from 0x0000000095600000 to 0x00000000a6300000 of length 282066944.
# Possible reasons:
#   The system is out of physical RAM or swap space
#   The process is running with CompressedOops enabled, and the Java Heap may be blocking the growth of the native heap
# Possible solutions:
#   Reduce memory load on the system
#   Increase physical memory or swap space
#   Check if swap backing store is full
#   Decrease Java heap size (-Xmx/-Xms)
#   Decrease number of Java threads
#   Decrease Java thread stack sizes (-Xss)
#   Set larger code cache with -XX:ReservedCodeCacheSize=
#   JVM is running with Unscaled Compressed Oops mode in which the Java heap is
#     placed in the first 4GB address space. The Java Heap base address is the
#     maximum limit for the native heap growth. Please use -XX:HeapBaseMinAddress
#     to set the Java Heap base and to place the Java Heap above 4GB virtual address.
# This output file may be truncated or incomplete.
#
#  Out of Memory Error (./src/hotspot/os/windows/os_windows.cpp:3301), pid=3924, tid=13480
#
# JRE version: OpenJDK Runtime Environment (11.0.10) (build 11.0.10+0-b96-7249189)
# Java VM: OpenJDK 64-Bit Server VM (11.0.10+0-b96-7249189, mixed mode, tiered, compressed oops, g1 gc, windows-amd64)
# No core dump will be written. Minidumps are not enabled by default on client versions of Windows
#

---------------  S U M M A R Y ------------

Command Line: --add-opens=java.base/java.util=ALL-UNNAMED --add-opens=java.base/java.lang=ALL-UNNAMED --add-opens=java.base/java.lang.invoke=ALL-UNNAMED --add-opens=java.base/java.util=ALL-UNNAMED --add-opens=java.prefs/java.util.prefs=ALL-UNNAMED --add-opens=java.prefs/java.util.prefs=ALL-UNNAMED --add-opens=java.base/java.nio.charset=ALL-UNNAMED --add-opens=java.base/java.net=ALL-UNNAMED --add-opens=java.base/java.util.concurrent.atomic=ALL-UNNAMED -Xmx2048m -Dfile.encoding=UTF-8 -Duser.country=RU -Duser.language=ru -Duser.variant org.gradle.launcher.daemon.bootstrap.GradleDaemon 7.0.2

Host: Intel(R) Core(TM) i5-8265U CPU @ 1.60GHz, 8 cores, 7G,  Windows 10 , 64 bit Build 17763 (10.0.17763.475)
Time: Thu Nov 11 12:25:11 2021 RTZ 2 (ceia) elapsed time: 15.821632 seconds (0d 0h 0m 15s)

---------------  T H R E A D  ---------------

Current thread (0x000001ed32085000):  VMThread "VM Thread" [stack: 0x000000c541200000,0x000000c541300000] [id=13480]

Stack: [0x000000c541200000,0x000000c541300000]
[error occurred during error reporting (printing stack bounds), id 0xc0000005, EXCEPTION_ACCESS_VIOLATION (0xc0000005) at pc=0x000001ed1b6e0f2d]

Native frames: (J=compiled Java code, j=interpreted, Vv=VM code, C=native code)
V  [jvm.dll+0x5ecfaa]
V  [jvm.dll+0x722bd5]
V  [jvm.dll+0x72412d]
V  [jvm.dll+0x724745]
V  [jvm.dll+0x7246fb]
V  [jvm.dll+0x5ec348]
V  [jvm.dll+0x5ecad8]
C  [ntdll.dll+0xa477f]
C  [ntdll.dll+0x4bef]
C  [ntdll.dll+0xa34ee]
C  0x000001ed1b6e0f2d

VM_Operation (0x000000c5442f8f90): G1CollectForAllocation, mode: safepoint, requested by thread 0x000001ed365dc000


---------------  P R O C E S S  ---------------

Threads class SMR info:
_java_thread_list=0x000001ed380d1a40, length=63, elements={
0x000001ed17bfb800, 0x000001ed32086800, 0x000001ed3208c000, 0x000001ed328c8800,
0x000001ed328cb000, 0x000001ed328cc000, 0x000001ed32910800, 0x000001ed32913000,
0x000001ed32914000, 0x000001ed32a7c000, 0x000001ed34be6000, 0x000001ed32bc8000,
0x000001ed359ff800, 0x000001ed33a8e800, 0x000001ed343e3800, 0x000001ed3446f000,
0x000001ed33a20800, 0x000001ed34247800, 0x000001ed35f3a800, 0x000001ed35f3b000,
0x000001ed35f3c000, 0x000001ed35f3e800, 0x000001ed35f3d800, 0x000001ed35f39800,
0x000001ed35f3d000, 0x000001ed35f3f000, 0x000001ed35f40000, 0x000001ed365d2000,
0x000001ed365cf800, 0x000001ed365d0800, 0x000001ed365cd000, 0x000001ed365d1000,
0x000001ed365d3800, 0x000001ed365d4800, 0x000001ed365ce800, 0x000001ed365d9800,
0x000001ed365d7000, 0x000001ed365d6000, 0x000001ed365d5000, 0x000001ed365dc000,
0x000001ed365da000, 0x000001ed365d7800, 0x000001ed365db000, 0x000001ed365d8800,
0x000001ed37c89800, 0x000001ed37c8a800, 0x000001ed37c8b000, 0x000001ed37c88800,
0x000001ed37c8d800, 0x000001ed37c88000, 0x000001ed37c8e800, 0x000001ed37c8c000,
0x000001ed37c8d000, 0x000001ed357ff800, 0x000001ed35802000, 0x000001ed35803000,
0x000001ed35801800, 0x000001ed35800800, 0x000001ed357ff000, 0x000001ed357fd800,
0x000001ed35804000, 0x000001ed357fe000, 0x000001ed40f6e800
}

Java Threads: ( => current thread )
  0x000001ed17bfb800 JavaThread "main" [_thread_blocked, id=11632, stack(0x000000c540c00000,0x000000c540d00000)]
  0x000001ed32086800 JavaThread "Reference Handler" daemon [_thread_blocked, id=14232, stack(0x000000c541300000,0x000000c541400000)]
  0x000001ed3208c000 JavaThread "Finalizer" daemon [_thread_blocked, id=12980, stack(0x000000c541400000,0x000000c541500000)]
  0x000001ed328c8800 JavaThread "Signal Dispatcher" daemon [_thread_blocked, id=13688, stack(0x000000c541500000,0x000000c541600000)]
  0x000001ed328cb000 JavaThread "Attach Listener" daemon [_thread_blocked, id=10484, stack(0x000000c541600000,0x000000c541700000)]
  0x000001ed328cc000 JavaThread "Service Thread" daemon [_thread_blocked, id=13316, stack(0x000000c541700000,0x000000c541800000)]
  0x000001ed32910800 JavaThread "C2 CompilerThread0" daemon [_thread_in_native, id=14292, stack(0x000000c541800000,0x000000c541900000)]
  0x000001ed32913000 JavaThread "C1 CompilerThread0" daemon [_thread_blocked, id=12828, stack(0x000000c541900000,0x000000c541a00000)]
  0x000001ed32914000 JavaThread "Sweeper thread" daemon [_thread_blocked, id=9392, stack(0x000000c541a00000,0x000000c541b00000)]
  0x000001ed32a7c000 JavaThread "Common-Cleaner" daemon [_thread_blocked, id=10180, stack(0x000000c541b00000,0x000000c541c00000)]
  0x000001ed34be6000 JavaThread "Daemon health stats" [_thread_blocked, id=4468, stack(0x000000c542000000,0x000000c542100000)]
  0x000001ed32bc8000 JavaThread "Incoming local TCP Connector on port 64235" [_thread_in_native, id=13248, stack(0x000000c541d00000,0x000000c541e00000)]
  0x000001ed359ff800 JavaThread "Daemon periodic checks" [_thread_blocked, id=13548, stack(0x000000c542100000,0x000000c542200000)]
  0x000001ed33a8e800 JavaThread "Daemon" [_thread_blocked, id=12920, stack(0x000000c542200000,0x000000c542300000)]
  0x000001ed343e3800 JavaThread "Handler for socket connection from /127.0.0.1:64235 to /127.0.0.1:64236" [_thread_in_native, id=7388, stack(0x000000c542300000,0x000000c542400000)]
  0x000001ed3446f000 JavaThread "Cancel handler" [_thread_blocked, id=3784, stack(0x000000c542400000,0x000000c542500000)]
  0x000001ed33a20800 JavaThread "Daemon worker" [_thread_blocked, id=248, stack(0x000000c542500000,0x000000c542600000)]
  0x000001ed34247800 JavaThread "Asynchronous log dispatcher for DefaultDaemonConnection: socket connection from /127.0.0.1:64235 to /127.0.0.1:64236" [_thread_blocked, id=14132, stack(0x000000c542600000,0x000000c542700000)]
  0x000001ed35f3a800 JavaThread "Stdin handler" [_thread_blocked, id=1260, stack(0x000000c542700000,0x000000c542800000)]
  0x000001ed35f3b000 JavaThread "Daemon client event forwarder" [_thread_blocked, id=2080, stack(0x000000c542800000,0x000000c542900000)]
  0x000001ed35f3c000 JavaThread "Cache worker for file hash cache (C:\Users\79527\.gradle\caches\7.0.2\fileHashes)" [_thread_blocked, id=14160, stack(0x000000c542e00000,0x000000c542f00000)]
  0x000001ed35f3e800 JavaThread "File lock request listener" [_thread_in_native, id=14040, stack(0x000000c542f00000,0x000000c543000000)]
  0x000001ed35f3d800 JavaThread "Cache worker for journal cache (C:\Users\79527\.gradle\caches\journal-1)" [_thread_blocked, id=9900, stack(0x000000c543100000,0x000000c543200000)]
  0x000001ed35f39800 JavaThread "Cache worker for file hash cache (C:\Users\79527\AndroidStudioProjects\Annunciator\.gradle\7.0.2\fileHashes)" [_thread_blocked, id=3932, stack(0x000000c543200000,0x000000c543300000)]
  0x000001ed35f3d000 JavaThread "File watcher server" daemon [_thread_blocked, id=10984, stack(0x000000c543300000,0x000000c543400000)]
  0x000001ed35f3f000 JavaThread "File watcher consumer" daemon [_thread_blocked, id=8464, stack(0x000000c543400000,0x000000c543500000)]
  0x000001ed35f40000 JavaThread "Cache worker for checksums cache (C:\Users\79527\AndroidStudioProjects\Annunciator\.gradle\checksums)" [_thread_blocked, id=5136, stack(0x000000c543500000,0x000000c543600000)]
  0x000001ed365d2000 JavaThread "Cache worker for cache directory md-supplier (C:\Users\79527\.gradle\caches\7.0.2\md-supplier)" [_thread_blocked, id=12732, stack(0x000000c543600000,0x000000c543700000)]
  0x000001ed365cf800 JavaThread "Cache worker for cache directory md-rule (C:\Users\79527\.gradle\caches\7.0.2\md-rule)" [_thread_blocked, id=13720, stack(0x000000c543700000,0x000000c543800000)]
  0x000001ed365d0800 JavaThread "Cache worker for execution history cache (C:\Users\79527\.gradle\caches\7.0.2\executionHistory)" [_thread_blocked, id=7252, stack(0x000000c543800000,0x000000c543900000)]
  0x000001ed365cd000 JavaThread "jar transforms" [_thread_blocked, id=12996, stack(0x000000c543900000,0x000000c543a00000)]
  0x000001ed365d1000 JavaThread "jar transforms Thread 2" [_thread_blocked, id=14156, stack(0x000000c543a00000,0x000000c543b00000)]
  0x000001ed365d3800 JavaThread "Cache worker for file content cache (C:\Users\79527\.gradle\caches\7.0.2\fileContent)" [_thread_blocked, id=4764, stack(0x000000c543b00000,0x000000c543c00000)]
  0x000001ed365d4800 JavaThread "Cache worker for dependencies-accessors (C:\Users\79527\AndroidStudioProjects\Annunciator\.gradle\7.0.2\dependencies-accessors)" [_thread_blocked, id=6124, stack(0x000000c543c00000,0x000000c543d00000)]
  0x000001ed365ce800 JavaThread "jar transforms Thread 3" [_thread_blocked, id=6916, stack(0x000000c543d00000,0x000000c543e00000)]
  0x000001ed365d9800 JavaThread "Cache worker for Build Output Cleanup Cache (C:\Users\79527\AndroidStudioProjects\Annunciator\.gradle\buildOutputCleanup)" [_thread_blocked, id=11532, stack(0x000000c543e00000,0x000000c543f00000)]
  0x000001ed365d7000 JavaThread "Build operations" [_thread_blocked, id=5084, stack(0x000000c543f00000,0x000000c544000000)]
  0x000001ed365d6000 JavaThread "Build operations Thread 2" [_thread_in_native, id=4944, stack(0x000000c544000000,0x000000c544100000)]
  0x000001ed365d5000 JavaThread "Build operations Thread 3" [_thread_blocked, id=3116, stack(0x000000c544100000,0x000000c544200000)]
  0x000001ed365dc000 JavaThread "Build operations Thread 4" [_thread_blocked, id=4816, stack(0x000000c544200000,0x000000c544300000)]
  0x000001ed365da000 JavaThread "Build operations Thread 5" [_thread_blocked, id=1444, stack(0x000000c544300000,0x000000c544400000)]
  0x000001ed365d7800 JavaThread "Build operations Thread 6" [_thread_blocked, id=13076, stack(0x000000c544400000,0x000000c544500000)]
  0x000001ed365db000 JavaThread "Build operations Thread 7" [_thread_blocked, id=12244, stack(0x000000c544500000,0x000000c544600000)]
  0x000001ed365d8800 JavaThread "Build operations Thread 8" [_thread_blocked, id=5280, stack(0x000000c544600000,0x000000c544700000)]
  0x000001ed37c89800 JavaThread "jar transforms Thread 4" [_thread_blocked, id=3964, stack(0x000000c544700000,0x000000c544800000)]
  0x000001ed37c8a800 JavaThread "jar transforms Thread 5" [_thread_blocked, id=11000, stack(0x000000c544800000,0x000000c544900000)]
  0x000001ed37c8b000 JavaThread "jar transforms Thread 6" [_thread_blocked, id=13604, stack(0x000000c544900000,0x000000c544a00000)]
  0x000001ed37c88800 JavaThread "jar transforms Thread 7" [_thread_blocked, id=6116, stack(0x000000c544a00000,0x000000c544b00000)]
  0x000001ed37c8d800 JavaThread "jar transforms Thread 8" [_thread_blocked, id=7212, stack(0x000000c544b00000,0x000000c544c00000)]
  0x000001ed37c88000 JavaThread "Memory manager" [_thread_blocked, id=7292, stack(0x000000c544c00000,0x000000c544d00000)]
  0x000001ed37c8e800 JavaThread "build event listener" [_thread_blocked, id=5960, stack(0x000000c544d00000,0x000000c544e00000)]
  0x000001ed37c8c000 JavaThread "pool-3-thread-1" [_thread_blocked, id=13892, stack(0x000000c544e00000,0x000000c544f00000)]
  0x000001ed37c8d000 JavaThread "build event listener" [_thread_blocked, id=2480, stack(0x000000c544f00000,0x000000c545000000)]
  0x000001ed357ff800 JavaThread "Execution worker for ':'" [_thread_blocked, id=3220, stack(0x000000c545000000,0x000000c545100000)]
  0x000001ed35802000 JavaThread "Execution worker for ':' Thread 2" [_thread_blocked, id=8396, stack(0x000000c545100000,0x000000c545200000)]
  0x000001ed35803000 JavaThread "Execution worker for ':' Thread 3" [_thread_blocked, id=9288, stack(0x000000c545200000,0x000000c545300000)]
  0x000001ed35801800 JavaThread "Execution worker for ':' Thread 4" [_thread_blocked, id=12400, stack(0x000000c545300000,0x000000c545400000)]
  0x000001ed35800800 JavaThread "Execution worker for ':' Thread 5" [_thread_blocked, id=4044, stack(0x000000c545400000,0x000000c545500000)]
  0x000001ed357ff000 JavaThread "Execution worker for ':' Thread 6" [_thread_blocked, id=9212, stack(0x000000c545500000,0x000000c545600000)]
  0x000001ed357fd800 JavaThread "Execution worker for ':' Thread 7" [_thread_blocked, id=1448, stack(0x000000c545600000,0x000000c545700000)]
  0x000001ed35804000 JavaThread "Cache worker for execution history cache (C:\Users\79527\AndroidStudioProjects\Annunciator\.gradle\7.0.2\executionHistory)" [_thread_blocked, id=2756, stack(0x000000c545700000,0x000000c545800000)]
  0x000001ed357fe000 JavaThread "WorkerExecutor Queue" [_thread_blocked, id=7756, stack(0x000000c545800000,0x000000c545900000)]
  0x000001ed40f6e800 JavaThread "C2 CompilerThread1" daemon [_thread_blocked, id=4820, stack(0x000000c545900000,0x000000c545a00000)]

Other Threads:
=>0x000001ed32085000 VMThread "VM Thread" [stack: 0x000000c541200000,0x000000c541300000] [id=13480]
  0x000001ed32a91000 WatcherThread [stack: 0x000000c541c00000,0x000000c541d00000] [id=2212]
  0x000001ed17c15000 GCTaskThread "GC Thread#0" [stack: 0x000000c540d00000,0x000000c540e00000] [id=13492]
  0x000001ed3389a800 GCTaskThread "GC Thread#1" [stack: 0x000000c541e00000,0x000000c541f00000] [id=5200]
  0x000001ed33041800 GCTaskThread "GC Thread#2" [stack: 0x000000c541f00000,0x000000c542000000] [id=3852]
  0x000001ed33fe1000 GCTaskThread "GC Thread#3" [stack: 0x000000c542900000,0x000000c542a00000] [id=7488]
  0x000001ed34de9000 GCTaskThread "GC Thread#4" [stack: 0x000000c542a00000,0x000000c542b00000] [id=6156]
  0x000001ed34dea000 GCTaskThread "GC Thread#5" [stack: 0x000000c542b00000,0x000000c542c00000] [id=7120]
  0x000001ed344da000 GCTaskThread "GC Thread#6" [stack: 0x000000c542c00000,0x000000c542d00000] [id=12068]
  0x000001ed344db000 GCTaskThread "GC Thread#7" [stack: 0x000000c542d00000,0x000000c542e00000] [id=14224]
  0x000001ed17c4a000 ConcurrentGCThread "G1 Main Marker" [stack: 0x000000c540e00000,0x000000c540f00000] [id=7704]
  0x000001ed17c4b800 ConcurrentGCThread "G1 Conc#0" [stack: 0x000000c540f00000,0x000000c541000000] [id=14244]
  0x000001ed34fc7000 ConcurrentGCThread "G1 Conc#1" [stack: 0x000000c543000000,0x000000c543100000] [id=2596]
  0x000001ed31ef0800 ConcurrentGCThread "G1 Refine#0" [stack: 0x000000c541000000,0x000000c541100000] [id=4744]
  0x000001ed31ef1800 ConcurrentGCThread "G1 Young RemSet Sampling" [stack: 0x000000c541100000,0x000000c541200000] [id=12632]

Threads with active compile tasks:
C2 CompilerThread0  15846 13733 %     4       com.android.tools.r8.internal.U6::a @ 66 (6044 bytes)
C2 CompilerThread1  15846 14728       4       com.android.tools.r8.internal.Nv::a (455 bytes)

VM state:at safepoint (normal execution)

VM Mutex/Monitor currently owned by a thread:  ([mutex/lock_event])
[0x000001ed17bfac00] Threads_lock - owner thread: 0x000001ed32085000
[0x000001ed17bfaed0] Heap_lock - owner thread: 0x000001ed365dc000

Heap address: 0x0000000080000000, size: 2048 MB, Compressed Oops mode: 32-bit
Narrow klass base: 0x0000000000000000, Narrow klass shift: 3
Compressed class space size: 1073741824 Address: 0x0000000100000000

Heap:
 garbage-first heap   total 625664K, used 165270K [0x0000000080000000, 0x0000000100000000)
  region size 1024K, 8 young (8192K), 8 survivors (8192K)
 Metaspace       used 104943K, capacity 107611K, committed 107852K, reserved 1142784K
  class space    used 13498K, capacity 14559K, committed 14668K, reserved 1048576K
Heap Regions: E=young(eden), S=young(survivor), O=old, HS=humongous(starts), HC=humongous(continues), CS=collection set, F=free, A=archive, TAMS=top-at-mark-start (previous, next)
|   0|0x0000000080000000, 0x0000000080100000, 0x0000000080100000|100%| O|  |TAMS 0x0000000080100000, 0x0000000080000000| Untracked 
|   1|0x0000000080100000, 0x0000000080200000, 0x0000000080200000|100%| O|  |TAMS 0x0000000080200000, 0x0000000080100000| Untracked 
|   2|0x0000000080200000, 0x0000000080300000, 0x0000000080300000|100%| O|  |TAMS 0x0000000080300000, 0x0000000080200000| Untracked 
|   3|0x0000000080300000, 0x0000000080400000, 0x0000000080400000|100%|HS|  |TAMS 0x0000000080400000, 0x0000000080300000| Complete 
|   4|0x0000000080400000, 0x0000000080500000, 0x0000000080500000|100%|HC|  |TAMS 0x0000000080500000, 0x0000000080400000| Complete 
|   5|0x0000000080500000, 0x0000000080600000, 0x0000000080600000|100%|HC|  |TAMS 0x0000000080600000, 0x0000000080500000| Complete 
|   6|0x0000000080600000, 0x0000000080700000, 0x0000000080700000|100%| O|  |TAMS 0x0000000080700000, 0x0000000080600000| Untracked 
|   7|0x0000000080700000, 0x0000000080800000, 0x0000000080800000|100%| O|  |TAMS 0x0000000080800000, 0x0000000080700000| Untracked 
|   8|0x0000000080800000, 0x0000000080900000, 0x0000000080900000|100%| O|  |TAMS 0x0000000080900000, 0x0000000080800000| Untracked 
|   9|0x0000000080900000, 0x0000000080a00000, 0x0000000080a00000|100%| O|  |TAMS 0x0000000080a00000, 0x0000000080900000| Untracked 
|  10|0x0000000080a00000, 0x0000000080b00000, 0x0000000080b00000|100%| O|  |TAMS 0x0000000080b00000, 0x0000000080a00000| Untracked 
|  11|0x0000000080b00000, 0x0000000080c00000, 0x0000000080c00000|100%| O|  |TAMS 0x0000000080c00000, 0x0000000080b00000| Untracked 
|  12|0x0000000080c00000, 0x0000000080d00000, 0x0000000080d00000|100%| O|  |TAMS 0x0000000080d00000, 0x0000000080c00000| Untracked 
|  13|0x0000000080d00000, 0x0000000080e00000, 0x0000000080e00000|100%| O|  |TAMS 0x0000000080e00000, 0x0000000080d00000| Untracked 
|  14|0x0000000080e00000, 0x0000000080f00000, 0x0000000080f00000|100%| O|  |TAMS 0x0000000080f00000, 0x0000000080e00000| Untracked 
|  15|0x0000000080f00000, 0x0000000081000000, 0x0000000081000000|100%| O|  |TAMS 0x0000000081000000, 0x0000000080f00000| Untracked 
|  16|0x0000000081000000, 0x0000000081100000, 0x0000000081100000|100%| O|  |TAMS 0x0000000081100000, 0x0000000081000000| Untracked 
|  17|0x0000000081100000, 0x0000000081200000, 0x0000000081200000|100%|HS|  |TAMS 0x0000000081200000, 0x0000000081100000| Complete 
|  18|0x0000000081200000, 0x0000000081300000, 0x0000000081300000|100%| O|  |TAMS 0x0000000081300000, 0x0000000081200000| Untracked 
|  19|0x0000000081300000, 0x0000000081400000, 0x0000000081400000|100%| O|  |TAMS 0x0000000081400000, 0x0000000081300000| Untracked 
|  20|0x0000000081400000, 0x0000000081500000, 0x0000000081500000|100%| O|  |TAMS 0x0000000081500000, 0x0000000081400000| Untracked 
|  21|0x0000000081500000, 0x0000000081600000, 0x0000000081600000|100%| O|  |TAMS 0x0000000081600000, 0x0000000081500000| Untracked 
|  22|0x0000000081600000, 0x0000000081700000, 0x0000000081700000|100%| O|  |TAMS 0x0000000081700000, 0x0000000081600000| Untracked 
|  23|0x0000000081700000, 0x0000000081800000, 0x0000000081800000|100%|HS|  |TAMS 0x0000000081800000, 0x0000000081700000| Complete 
|  24|0x0000000081800000, 0x0000000081900000, 0x0000000081900000|100%|HS|  |TAMS 0x0000000081900000, 0x0000000081800000| Complete 
|  25|0x0000000081900000, 0x0000000081a00000, 0x0000000081a00000|100%|HS|  |TAMS 0x0000000081a00000, 0x0000000081900000| Complete 
|  26|0x0000000081a00000, 0x0000000081b00000, 0x0000000081b00000|100%|HC|  |TAMS 0x0000000081b00000, 0x0000000081a00000| Complete 
|  27|0x0000000081b00000, 0x0000000081c00000, 0x0000000081c00000|100%|HC|  |TAMS 0x0000000081c00000, 0x0000000081b00000| Complete 
|  28|0x0000000081c00000, 0x0000000081d00000, 0x0000000081d00000|100%|HS|  |TAMS 0x0000000081d00000, 0x0000000081c00000| Complete 
|  29|0x0000000081d00000, 0x0000000081e00000, 0x0000000081e00000|100%|HC|  |TAMS 0x0000000081e00000, 0x0000000081d00000| Complete 
|  30|0x0000000081e00000, 0x0000000081f00000, 0x0000000081f00000|100%| O|  |TAMS 0x0000000081f00000, 0x0000000081e00000| Untracked 
|  31|0x0000000081f00000, 0x0000000082000000, 0x0000000082000000|100%| O|  |TAMS 0x0000000082000000, 0x0000000081f00000| Untracked 
|  32|0x0000000082000000, 0x0000000082100000, 0x0000000082100000|100%| O|  |TAMS 0x0000000082100000, 0x0000000082000000| Untracked 
|  33|0x0000000082100000, 0x0000000082200000, 0x0000000082200000|100%| O|  |TAMS 0x0000000082200000, 0x0000000082100000| Untracked 
|  34|0x0000000082200000, 0x0000000082300000, 0x0000000082300000|100%| O|  |TAMS 0x0000000082300000, 0x0000000082200000| Untracked 
|  35|0x0000000082300000, 0x0000000082400000, 0x0000000082400000|100%| O|  |TAMS 0x0000000082400000, 0x0000000082300000| Untracked 
|  36|0x0000000082400000, 0x0000000082500000, 0x0000000082500000|100%| O|  |TAMS 0x0000000082500000, 0x0000000082400000| Untracked 
|  37|0x0000000082500000, 0x0000000082600000, 0x0000000082600000|100%| O|  |TAMS 0x0000000082600000, 0x0000000082500000| Untracked 
|  38|0x0000000082600000, 0x0000000082700000, 0x0000000082700000|100%| O|  |TAMS 0x0000000082700000, 0x0000000082600000| Untracked 
|  39|0x0000000082700000, 0x0000000082800000, 0x0000000082800000|100%| O|  |TAMS 0x0000000082800000, 0x0000000082700000| Untracked 
|  40|0x0000000082800000, 0x0000000082900000, 0x0000000082900000|100%| O|  |TAMS 0x0000000082900000, 0x0000000082800000| Untracked 
|  41|0x0000000082900000, 0x0000000082a00000, 0x0000000082a00000|100%| O|  |TAMS 0x0000000082a00000, 0x0000000082900000| Untracked 
|  42|0x0000000082a00000, 0x0000000082b00000, 0x0000000082b00000|100%| O|  |TAMS 0x0000000082b00000, 0x0000000082a00000| Untracked 
|  43|0x0000000082b00000, 0x0000000082c00000, 0x0000000082c00000|100%| O|  |TAMS 0x0000000082c00000, 0x0000000082b00000| Untracked 
|  44|0x0000000082c00000, 0x0000000082d00000, 0x0000000082d00000|100%| O|  |TAMS 0x0000000082d00000, 0x0000000082c00000| Untracked 
|  45|0x0000000082d00000, 0x0000000082e00000, 0x0000000082e00000|100%| O|  |TAMS 0x0000000082e00000, 0x0000000082d00000| Untracked 
|  46|0x0000000082e00000, 0x0000000082f00000, 0x0000000082f00000|100%| O|  |TAMS 0x0000000082f00000, 0x0000000082e00000| Untracked 
|  47|0x0000000082f00000, 0x0000000083000000, 0x0000000083000000|100%| O|  |TAMS 0x0000000083000000, 0x0000000082f00000| Untracked 
|  48|0x0000000083000000, 0x0000000083100000, 0x0000000083100000|100%| O|  |TAMS 0x0000000083100000, 0x0000000083000000| Untracked 
|  49|0x0000000083100000, 0x0000000083200000, 0x0000000083200000|100%| O|  |TAMS 0x0000000083200000, 0x0000000083100000| Untracked 
|  50|0x0000000083200000, 0x0000000083300000, 0x0000000083300000|100%| O|  |TAMS 0x0000000083300000, 0x0000000083200000| Untracked 
|  51|0x0000000083300000, 0x0000000083400000, 0x0000000083400000|100%| O|  |TAMS 0x0000000083400000, 0x0000000083300000| Untracked 
|  52|0x0000000083400000, 0x0000000083500000, 0x0000000083500000|100%| O|  |TAMS 0x0000000083500000, 0x0000000083400000| Untracked 
|  53|0x0000000083500000, 0x0000000083600000, 0x0000000083600000|100%| O|  |TAMS 0x0000000083600000, 0x0000000083500000| Untracked 
|  54|0x0000000083600000, 0x0000000083700000, 0x0000000083700000|100%| O|  |TAMS 0x0000000083700000, 0x0000000083600000| Untracked 
|  55|0x0000000083700000, 0x0000000083800000, 0x0000000083800000|100%| O|  |TAMS 0x0000000083800000, 0x0000000083700000| Untracked 
|  56|0x0000000083800000, 0x0000000083900000, 0x0000000083900000|100%| O|  |TAMS 0x0000000083900000, 0x0000000083800000| Untracked 
|  57|0x0000000083900000, 0x0000000083a00000, 0x0000000083a00000|100%| O|  |TAMS 0x0000000083a00000, 0x0000000083900000| Untracked 
|  58|0x0000000083a00000, 0x0000000083b00000, 0x0000000083b00000|100%| O|  |TAMS 0x0000000083b00000, 0x0000000083a00000| Untracked 
|  59|0x0000000083b00000, 0x0000000083c00000, 0x0000000083c00000|100%| O|  |TAMS 0x0000000083c00000, 0x0000000083b00000| Untracked 
|  60|0x0000000083c00000, 0x0000000083d00000, 0x0000000083d00000|100%| O|  |TAMS 0x0000000083d00000, 0x0000000083c00000| Untracked 
|  61|0x0000000083d00000, 0x0000000083e00000, 0x0000000083e00000|100%| O|  |TAMS 0x0000000083e00000, 0x0000000083d00000| Untracked 
|  62|0x0000000083e00000, 0x0000000083f00000, 0x0000000083f00000|100%| O|  |TAMS 0x0000000083f00000, 0x0000000083e00000| Untracked 
|  63|0x0000000083f00000, 0x0000000084000000, 0x0000000084000000|100%| O|  |TAMS 0x0000000084000000, 0x0000000083f00000| Untracked 
|  64|0x0000000084000000, 0x0000000084100000, 0x0000000084100000|100%| O|  |TAMS 0x0000000084100000, 0x0000000084000000| Untracked 
|  65|0x0000000084100000, 0x0000000084200000, 0x0000000084200000|100%| O|  |TAMS 0x0000000084200000, 0x0000000084100000| Untracked 
|  66|0x0000000084200000, 0x0000000084300000, 0x0000000084300000|100%| O|  |TAMS 0x0000000084300000, 0x0000000084200000| Untracked 
|  67|0x0000000084300000, 0x0000000084400000, 0x0000000084400000|100%| O|  |TAMS 0x0000000084400000, 0x0000000084300000| Untracked 
|  68|0x0000000084400000, 0x0000000084500000, 0x0000000084500000|100%| O|  |TAMS 0x0000000084500000, 0x0000000084400000| Untracked 
|  69|0x0000000084500000, 0x0000000084600000, 0x0000000084600000|100%| O|  |TAMS 0x0000000084600000, 0x0000000084500000| Untracked 
|  70|0x0000000084600000, 0x0000000084700000, 0x0000000084700000|100%| O|  |TAMS 0x0000000084700000, 0x0000000084600000| Untracked 
|  71|0x0000000084700000, 0x0000000084800000, 0x0000000084800000|100%| O|  |TAMS 0x0000000084800000, 0x0000000084700000| Untracked 
|  72|0x0000000084800000, 0x0000000084900000, 0x0000000084900000|100%| O|  |TAMS 0x0000000084900000, 0x0000000084800000| Untracked 
|  73|0x0000000084900000, 0x0000000084a00000, 0x0000000084a00000|100%| O|  |TAMS 0x0000000084a00000, 0x0000000084900000| Untracked 
|  74|0x0000000084a00000, 0x0000000084b00000, 0x0000000084b00000|100%| O|  |TAMS 0x0000000084b00000, 0x0000000084a00000| Untracked 
|  75|0x0000000084b00000, 0x0000000084c00000, 0x0000000084c00000|100%| O|  |TAMS 0x0000000084c00000, 0x0000000084b00000| Untracked 
|  76|0x0000000084c00000, 0x0000000084d00000, 0x0000000084d00000|100%| O|  |TAMS 0x0000000084d00000, 0x0000000084c00000| Untracked 
|  77|0x0000000084d00000, 0x0000000084e00000, 0x0000000084e00000|100%| O|  |TAMS 0x0000000084e00000, 0x0000000084d00000| Untracked 
|  78|0x0000000084e00000, 0x0000000084f00000, 0x0000000084f00000|100%| O|  |TAMS 0x0000000084f00000, 0x0000000084e00000| Untracked 
|  79|0x0000000084f00000, 0x0000000085000000, 0x0000000085000000|100%| O|  |TAMS 0x0000000085000000, 0x0000000084f00000| Untracked 
|  80|0x0000000085000000, 0x0000000085100000, 0x0000000085100000|100%| O|  |TAMS 0x0000000085100000, 0x0000000085000000| Untracked 
|  81|0x0000000085100000, 0x0000000085200000, 0x0000000085200000|100%| O|  |TAMS 0x0000000085200000, 0x0000000085100000| Untracked 
|  82|0x0000000085200000, 0x0000000085300000, 0x0000000085300000|100%| O|  |TAMS 0x0000000085300000, 0x0000000085200000| Untracked 
|  83|0x0000000085300000, 0x0000000085400000, 0x0000000085400000|100%| O|  |TAMS 0x0000000085400000, 0x0000000085300000| Untracked 
|  84|0x0000000085400000, 0x0000000085500000, 0x0000000085500000|100%| O|  |TAMS 0x0000000085500000, 0x0000000085400000| Untracked 
|  85|0x0000000085500000, 0x0000000085600000, 0x0000000085600000|100%| O|  |TAMS 0x0000000085600000, 0x0000000085500000| Untracked 
|  86|0x0000000085600000, 0x0000000085700000, 0x0000000085700000|100%| O|  |TAMS 0x0000000085700000, 0x0000000085600000| Untracked 
|  87|0x0000000085700000, 0x0000000085800000, 0x0000000085800000|100%| O|  |TAMS 0x0000000085800000, 0x0000000085700000| Untracked 
|  88|0x0000000085800000, 0x0000000085900000, 0x0000000085900000|100%| O|  |TAMS 0x0000000085900000, 0x0000000085800000| Untracked 
|  89|0x0000000085900000, 0x0000000085a00000, 0x0000000085a00000|100%| O|  |TAMS 0x0000000085a00000, 0x0000000085900000| Untracked 
|  90|0x0000000085a00000, 0x0000000085b00000, 0x0000000085b00000|100%| O|  |TAMS 0x0000000085b00000, 0x0000000085a00000| Untracked 
|  91|0x0000000085b00000, 0x0000000085c00000, 0x0000000085c00000|100%| O|  |TAMS 0x0000000085c00000, 0x0000000085b00000| Untracked 
|  92|0x0000000085c00000, 0x0000000085d00000, 0x0000000085d00000|100%| O|  |TAMS 0x0000000085d00000, 0x0000000085c00000| Untracked 
|  93|0x0000000085d00000, 0x0000000085e00000, 0x0000000085e00000|100%| O|  |TAMS 0x0000000085e00000, 0x0000000085d00000| Untracked 
|  94|0x0000000085e00000, 0x0000000085f00000, 0x0000000085f00000|100%| O|  |TAMS 0x0000000085f00000, 0x0000000085e00000| Untracked 
|  95|0x0000000085f00000, 0x0000000086000000, 0x0000000086000000|100%| O|  |TAMS 0x0000000086000000, 0x0000000085f00000| Untracked 
|  96|0x0000000086000000, 0x0000000086100000, 0x0000000086100000|100%| O|  |TAMS 0x0000000086100000, 0x0000000086000000| Untracked 
|  97|0x0000000086100000, 0x0000000086200000, 0x0000000086200000|100%| O|  |TAMS 0x0000000086200000, 0x0000000086100000| Untracked 
|  98|0x0000000086200000, 0x0000000086300000, 0x0000000086300000|100%| O|  |TAMS 0x0000000086300000, 0x0000000086200000| Untracked 
|  99|0x0000000086300000, 0x0000000086400000, 0x0000000086400000|100%| O|  |TAMS 0x0000000086400000, 0x0000000086300000| Untracked 
| 100|0x0000000086400000, 0x0000000086500000, 0x0000000086500000|100%| O|  |TAMS 0x0000000086500000, 0x0000000086400000| Untracked 
| 101|0x0000000086500000, 0x0000000086600000, 0x0000000086600000|100%| O|  |TAMS 0x0000000086600000, 0x0000000086500000| Untracked 
| 102|0x0000000086600000, 0x0000000086700000, 0x0000000086700000|100%| O|  |TAMS 0x0000000086700000, 0x0000000086600000| Untracked 
| 103|0x0000000086700000, 0x0000000086800000, 0x0000000086800000|100%| O|  |TAMS 0x0000000086800000, 0x0000000086700000| Untracked 
| 104|0x0000000086800000, 0x0000000086900000, 0x0000000086900000|100%| O|  |TAMS 0x0000000086900000, 0x0000000086800000| Untracked 
| 105|0x0000000086900000, 0x0000000086a00000, 0x0000000086a00000|100%| O|  |TAMS 0x0000000086a00000, 0x0000000086900000| Untracked 
| 106|0x0000000086a00000, 0x0000000086b00000, 0x0000000086b00000|100%| O|  |TAMS 0x0000000086b00000, 0x0000000086a00000| Untracked 
| 107|0x0000000086b00000, 0x0000000086c00000, 0x0000000086c00000|100%| O|  |TAMS 0x0000000086c00000, 0x0000000086b00000| Untracked 
| 108|0x0000000086c00000, 0x0000000086d00000, 0x0000000086d00000|100%| O|  |TAMS 0x0000000086d00000, 0x0000000086c00000| Untracked 
| 109|0x0000000086d00000, 0x0000000086e00000, 0x0000000086e00000|100%| O|  |TAMS 0x0000000086e00000, 0x0000000086d00000| Untracked 
| 110|0x0000000086e00000, 0x0000000086f00000, 0x0000000086f00000|100%| O|  |TAMS 0x0000000086f00000, 0x0000000086e00000| Untracked 
| 111|0x0000000086f00000, 0x0000000087000000, 0x0000000087000000|100%| O|  |TAMS 0x0000000087000000, 0x0000000086f00000| Untracked 
| 112|0x0000000087000000, 0x0000000087100000, 0x0000000087100000|100%| O|  |TAMS 0x0000000087100000, 0x0000000087000000| Untracked 
| 113|0x0000000087100000, 0x0000000087200000, 0x0000000087200000|100%| O|  |TAMS 0x0000000087200000, 0x0000000087100000| Untracked 
| 114|0x0000000087200000, 0x0000000087300000, 0x0000000087300000|100%| O|  |TAMS 0x0000000087300000, 0x0000000087200000| Untracked 
| 115|0x0000000087300000, 0x0000000087400000, 0x0000000087400000|100%| O|  |TAMS 0x0000000087400000, 0x0000000087300000| Untracked 
| 116|0x0000000087400000, 0x0000000087500000, 0x0000000087500000|100%| O|  |TAMS 0x0000000087500000, 0x0000000087400000| Untracked 
| 117|0x0000000087500000, 0x0000000087600000, 0x0000000087600000|100%| O|  |TAMS 0x0000000087600000, 0x0000000087500000| Untracked 
| 118|0x0000000087600000, 0x0000000087700000, 0x0000000087700000|100%| O|  |TAMS 0x0000000087700000, 0x0000000087600000| Untracked 
| 119|0x0000000087700000, 0x0000000087800000, 0x0000000087800000|100%| O|  |TAMS 0x0000000087800000, 0x0000000087700000| Untracked 
| 120|0x0000000087800000, 0x0000000087900000, 0x0000000087900000|100%| O|  |TAMS 0x0000000087900000, 0x0000000087800000| Untracked 
| 121|0x0000000087900000, 0x0000000087a00000, 0x0000000087a00000|100%| O|  |TAMS 0x0000000087a00000, 0x0000000087900000| Untracked 
| 122|0x0000000087a00000, 0x0000000087b00000, 0x0000000087b00000|100%| O|  |TAMS 0x0000000087b00000, 0x0000000087a00000| Untracked 
| 123|0x0000000087b00000, 0x0000000087c00000, 0x0000000087c00000|100%| O|  |TAMS 0x0000000087b00000, 0x0000000087b00000| Untracked 
| 124|0x0000000087c00000, 0x0000000087d00000, 0x0000000087d00000|100%| O|  |TAMS 0x0000000087c00000, 0x0000000087c00000| Untracked 
| 125|0x0000000087d00000, 0x0000000087e00000, 0x0000000087e00000|100%| O|  |TAMS 0x0000000087d00000, 0x0000000087d00000| Untracked 
| 126|0x0000000087e00000, 0x0000000087f00000, 0x0000000087f00000|100%| O|  |TAMS 0x0000000087e00000, 0x0000000087e00000| Untracked 
| 127|0x0000000087f00000, 0x0000000088000000, 0x0000000088000000|100%| O|  |TAMS 0x0000000087f00000, 0x0000000087f00000| Untracked 
| 128|0x0000000088000000, 0x0000000088100000, 0x0000000088100000|100%| O|  |TAMS 0x0000000088000000, 0x0000000088000000| Untracked 
| 129|0x0000000088100000, 0x0000000088200000, 0x0000000088200000|100%| O|  |TAMS 0x0000000088100000, 0x0000000088100000| Untracked 
| 130|0x0000000088200000, 0x0000000088300000, 0x0000000088300000|100%| O|  |TAMS 0x0000000088200000, 0x0000000088200000| Untracked 
| 131|0x0000000088300000, 0x0000000088400000, 0x0000000088400000|100%| O|  |TAMS 0x0000000088300000, 0x0000000088300000| Untracked 
| 132|0x0000000088400000, 0x0000000088500000, 0x0000000088500000|100%| O|  |TAMS 0x0000000088400000, 0x0000000088400000| Untracked 
| 133|0x0000000088500000, 0x0000000088600000, 0x0000000088600000|100%| O|  |TAMS 0x0000000088500000, 0x0000000088500000| Untracked 
| 134|0x0000000088600000, 0x0000000088700000, 0x0000000088700000|100%| O|  |TAMS 0x0000000088600000, 0x0000000088600000| Untracked 
| 135|0x0000000088700000, 0x0000000088800000, 0x0000000088800000|100%| O|  |TAMS 0x0000000088700000, 0x0000000088700000| Untracked 
| 136|0x0000000088800000, 0x0000000088900000, 0x0000000088900000|100%| O|  |TAMS 0x0000000088800000, 0x0000000088800000| Untracked 
| 137|0x0000000088900000, 0x0000000088a00000, 0x0000000088a00000|100%| O|  |TAMS 0x0000000088900000, 0x0000000088900000| Untracked 
| 138|0x0000000088a00000, 0x0000000088b00000, 0x0000000088b00000|100%| O|  |TAMS 0x0000000088a00000, 0x0000000088a00000| Untracked 
| 139|0x0000000088b00000, 0x0000000088c00000, 0x0000000088c00000|100%| O|  |TAMS 0x0000000088b00000, 0x0000000088b00000| Untracked 
| 140|0x0000000088c00000, 0x0000000088d00000, 0x0000000088d00000|100%| O|  |TAMS 0x0000000088c00000, 0x0000000088c00000| Untracked 
| 141|0x0000000088d00000, 0x0000000088e00000, 0x0000000088e00000|100%| O|  |TAMS 0x0000000088d00000, 0x0000000088d00000| Untracked 
| 142|0x0000000088e00000, 0x0000000088f00000, 0x0000000088f00000|100%| O|  |TAMS 0x0000000088e00000, 0x0000000088e00000| Untracked 
| 143|0x0000000088f00000, 0x0000000089000000, 0x0000000089000000|100%| O|  |TAMS 0x0000000088f00000, 0x0000000088f00000| Untracked 
| 144|0x0000000089000000, 0x0000000089100000, 0x0000000089100000|100%| O|  |TAMS 0x0000000089000000, 0x0000000089000000| Untracked 
| 145|0x0000000089100000, 0x0000000089200000, 0x0000000089200000|100%| O|  |TAMS 0x0000000089100000, 0x0000000089100000| Untracked 
| 146|0x0000000089200000, 0x0000000089300000, 0x0000000089300000|100%| O|  |TAMS 0x0000000089200000, 0x0000000089200000| Untracked 
| 147|0x0000000089300000, 0x0000000089400000, 0x0000000089400000|100%| O|  |TAMS 0x0000000089300000, 0x0000000089300000| Untracked 
| 148|0x0000000089400000, 0x0000000089500000, 0x0000000089500000|100%| O|  |TAMS 0x0000000089400000, 0x0000000089400000| Untracked 
| 149|0x0000000089500000, 0x0000000089600000, 0x0000000089600000|100%| O|  |TAMS 0x0000000089500000, 0x0000000089500000| Untracked 
| 150|0x0000000089600000, 0x0000000089700000, 0x0000000089700000|100%| O|  |TAMS 0x0000000089600000, 0x0000000089600000| Untracked 
| 151|0x0000000089700000, 0x0000000089800000, 0x0000000089800000|100%| O|  |TAMS 0x0000000089700000, 0x0000000089700000| Untracked 
| 152|0x0000000089800000, 0x0000000089900000, 0x0000000089900000|100%| O|  |TAMS 0x0000000089800000, 0x0000000089800000| Untracked 
| 153|0x0000000089900000, 0x000000008996c600, 0x0000000089a00000| 42%| O|  |TAMS 0x0000000089900000, 0x0000000089900000| Untracked 
| 154|0x0000000089a00000, 0x0000000089a00000, 0x0000000089b00000|  0%| F|  |TAMS 0x0000000089a00000, 0x0000000089a00000| Untracked 
| 155|0x0000000089b00000, 0x0000000089b00000, 0x0000000089c00000|  0%| F|  |TAMS 0x0000000089b00000, 0x0000000089b00000| Untracked 
| 156|0x0000000089c00000, 0x0000000089c00000, 0x0000000089d00000|  0%| F|  |TAMS 0x0000000089c00000, 0x0000000089c00000| Untracked 
| 157|0x0000000089d00000, 0x0000000089d00000, 0x0000000089e00000|  0%| F|  |TAMS 0x0000000089d00000, 0x0000000089d00000| Untracked 
| 158|0x0000000089e00000, 0x0000000089e00000, 0x0000000089f00000|  0%| F|  |TAMS 0x0000000089e00000, 0x0000000089e00000| Untracked 
| 159|0x0000000089f00000, 0x0000000089f00000, 0x000000008a000000|  0%| F|  |TAMS 0x0000000089f00000, 0x0000000089f00000| Untracked 
| 160|0x000000008a000000, 0x000000008a000000, 0x000000008a100000|  0%| F|  |TAMS 0x000000008a000000, 0x000000008a000000| Untracked 
| 161|0x000000008a100000, 0x000000008a100000, 0x000000008a200000|  0%| F|  |TAMS 0x000000008a100000, 0x000000008a100000| Untracked 
| 162|0x000000008a200000, 0x000000008a200000, 0x000000008a300000|  0%| F|  |TAMS 0x000000008a200000, 0x000000008a200000| Untracked 
| 163|0x000000008a300000, 0x000000008a300000, 0x000000008a400000|  0%| F|  |TAMS 0x000000008a300000, 0x000000008a300000| Untracked 
| 164|0x000000008a400000, 0x000000008a400000, 0x000000008a500000|  0%| F|  |TAMS 0x000000008a400000, 0x000000008a400000| Untracked 
| 165|0x000000008a500000, 0x000000008a500000, 0x000000008a600000|  0%| F|  |TAMS 0x000000008a500000, 0x000000008a500000| Untracked 
| 166|0x000000008a600000, 0x000000008a600000, 0x000000008a700000|  0%| F|  |TAMS 0x000000008a600000, 0x000000008a600000| Untracked 
| 167|0x000000008a700000, 0x000000008a700000, 0x000000008a800000|  0%| F|  |TAMS 0x000000008a700000, 0x000000008a700000| Untracked 
| 168|0x000000008a800000, 0x000000008a800000, 0x000000008a900000|  0%| F|  |TAMS 0x000000008a800000, 0x000000008a800000| Untracked 
| 169|0x000000008a900000, 0x000000008a900000, 0x000000008aa00000|  0%| F|  |TAMS 0x000000008a900000, 0x000000008a900000| Untracked 
| 170|0x000000008aa00000, 0x000000008aa00000, 0x000000008ab00000|  0%| F|  |TAMS 0x000000008aa00000, 0x000000008aa00000| Untracked 
| 171|0x000000008ab00000, 0x000000008ab00000, 0x000000008ac00000|  0%| F|  |TAMS 0x000000008ab00000, 0x000000008ab00000| Untracked 
| 172|0x000000008ac00000, 0x000000008ac00000, 0x000000008ad00000|  0%| F|  |TAMS 0x000000008ac00000, 0x000000008ac00000| Untracked 
| 173|0x000000008ad00000, 0x000000008ad00000, 0x000000008ae00000|  0%| F|  |TAMS 0x000000008ad00000, 0x000000008ad00000| Untracked 
| 174|0x000000008ae00000, 0x000000008ae00000, 0x000000008af00000|  0%| F|  |TAMS 0x000000008ae00000, 0x000000008ae00000| Untracked 
| 175|0x000000008af00000, 0x000000008af00000, 0x000000008b000000|  0%| F|  |TAMS 0x000000008af00000, 0x000000008af00000| Untracked 
| 176|0x000000008b000000, 0x000000008b000000, 0x000000008b100000|  0%| F|  |TAMS 0x000000008b000000, 0x000000008b000000| Untracked 
| 177|0x000000008b100000, 0x000000008b100000, 0x000000008b200000|  0%| F|  |TAMS 0x000000008b100000, 0x000000008b100000| Untracked 
| 178|0x000000008b200000, 0x000000008b200000, 0x000000008b300000|  0%| F|  |TAMS 0x000000008b200000, 0x000000008b200000| Untracked 
| 179|0x000000008b300000, 0x000000008b300000, 0x000000008b400000|  0%| F|  |TAMS 0x000000008b300000, 0x000000008b300000| Untracked 
| 180|0x000000008b400000, 0x000000008b400000, 0x000000008b500000|  0%| F|  |TAMS 0x000000008b400000, 0x000000008b400000| Untracked 
| 181|0x000000008b500000, 0x000000008b500000, 0x000000008b600000|  0%| F|  |TAMS 0x000000008b500000, 0x000000008b500000| Untracked 
| 182|0x000000008b600000, 0x000000008b600000, 0x000000008b700000|  0%| F|  |TAMS 0x000000008b600000, 0x000000008b600000| Untracked 
| 183|0x000000008b700000, 0x000000008b700000, 0x000000008b800000|  0%| F|  |TAMS 0x000000008b700000, 0x000000008b700000| Untracked 
| 184|0x000000008b800000, 0x000000008b800000, 0x000000008b900000|  0%| F|  |TAMS 0x000000008b800000, 0x000000008b800000| Untracked 
| 185|0x000000008b900000, 0x000000008b900000, 0x000000008ba00000|  0%| F|  |TAMS 0x000000008b900000, 0x000000008b900000| Untracked 
| 186|0x000000008ba00000, 0x000000008ba00000, 0x000000008bb00000|  0%| F|  |TAMS 0x000000008ba00000, 0x000000008ba00000| Untracked 
| 187|0x000000008bb00000, 0x000000008bb00000, 0x000000008bc00000|  0%| F|  |TAMS 0x000000008bb00000, 0x000000008bb00000| Untracked 
| 188|0x000000008bc00000, 0x000000008bc00000, 0x000000008bd00000|  0%| F|  |TAMS 0x000000008bc00000, 0x000000008bc00000| Untracked 
| 189|0x000000008bd00000, 0x000000008bd00000, 0x000000008be00000|  0%| F|  |TAMS 0x000000008bd00000, 0x000000008bd00000| Untracked 
| 190|0x000000008be00000, 0x000000008be00000, 0x000000008bf00000|  0%| F|  |TAMS 0x000000008be00000, 0x000000008be00000| Untracked 
| 191|0x000000008bf00000, 0x000000008bf00000, 0x000000008c000000|  0%| F|  |TAMS 0x000000008bf00000, 0x000000008bf00000| Untracked 
| 192|0x000000008c000000, 0x000000008c000000, 0x000000008c100000|  0%| F|  |TAMS 0x000000008c000000, 0x000000008c000000| Untracked 
| 193|0x000000008c100000, 0x000000008c100000, 0x000000008c200000|  0%| F|  |TAMS 0x000000008c100000, 0x000000008c100000| Untracked 
| 194|0x000000008c200000, 0x000000008c200000, 0x000000008c300000|  0%| F|  |TAMS 0x000000008c200000, 0x000000008c200000| Untracked 
| 195|0x000000008c300000, 0x000000008c300000, 0x000000008c400000|  0%| F|  |TAMS 0x000000008c300000, 0x000000008c300000| Untracked 
| 196|0x000000008c400000, 0x000000008c400000, 0x000000008c500000|  0%| F|  |TAMS 0x000000008c400000, 0x000000008c400000| Untracked 
| 197|0x000000008c500000, 0x000000008c500000, 0x000000008c600000|  0%| F|  |TAMS 0x000000008c500000, 0x000000008c500000| Untracked 
| 198|0x000000008c600000, 0x000000008c600000, 0x000000008c700000|  0%| F|  |TAMS 0x000000008c600000, 0x000000008c600000| Untracked 
| 199|0x000000008c700000, 0x000000008c700000, 0x000000008c800000|  0%| F|  |TAMS 0x000000008c700000, 0x000000008c700000| Untracked 
| 200|0x000000008c800000, 0x000000008c800000, 0x000000008c900000|  0%| F|  |TAMS 0x000000008c800000, 0x000000008c800000| Untracked 
| 201|0x000000008c900000, 0x000000008c900000, 0x000000008ca00000|  0%| F|  |TAMS 0x000000008c900000, 0x000000008c900000| Untracked 
| 202|0x000000008ca00000, 0x000000008ca00000, 0x000000008cb00000|  0%| F|  |TAMS 0x000000008ca00000, 0x000000008ca00000| Untracked 
| 203|0x000000008cb00000, 0x000000008cb00000, 0x000000008cc00000|  0%| F|  |TAMS 0x000000008cb00000, 0x000000008cb00000| Untracked 
| 204|0x000000008cc00000, 0x000000008cc00000, 0x000000008cd00000|  0%| F|  |TAMS 0x000000008cc00000, 0x000000008cc00000| Untracked 
| 205|0x000000008cd00000, 0x000000008cd00000, 0x000000008ce00000|  0%| F|  |TAMS 0x000000008cd00000, 0x000000008cd00000| Untracked 
| 206|0x000000008ce00000, 0x000000008ce00000, 0x000000008cf00000|  0%| F|  |TAMS 0x000000008ce00000, 0x000000008ce00000| Untracked 
| 207|0x000000008cf00000, 0x000000008cf00000, 0x000000008d000000|  0%| F|  |TAMS 0x000000008cf00000, 0x000000008cf00000| Untracked 
| 208|0x000000008d000000, 0x000000008d000000, 0x000000008d100000|  0%| F|  |TAMS 0x000000008d000000, 0x000000008d000000| Untracked 
| 209|0x000000008d100000, 0x000000008d1f93d0, 0x000000008d200000| 97%| S|CS|TAMS 0x000000008d100000, 0x000000008d100000| Complete 
| 210|0x000000008d200000, 0x000000008d300000, 0x000000008d300000|100%| S|CS|TAMS 0x000000008d200000, 0x000000008d200000| Complete 
| 211|0x000000008d300000, 0x000000008d400000, 0x000000008d400000|100%| S|CS|TAMS 0x000000008d300000, 0x000000008d300000| Complete 
| 212|0x000000008d400000, 0x000000008d500000, 0x000000008d500000|100%| S|CS|TAMS 0x000000008d400000, 0x000000008d400000| Complete 
| 213|0x000000008d500000, 0x000000008d600000, 0x000000008d600000|100%| S|CS|TAMS 0x000000008d500000, 0x000000008d500000| Complete 
| 214|0x000000008d600000, 0x000000008d700000, 0x000000008d700000|100%| S|CS|TAMS 0x000000008d600000, 0x000000008d600000| Complete 
| 215|0x000000008d700000, 0x000000008d800000, 0x000000008d800000|100%| S|CS|TAMS 0x000000008d700000, 0x000000008d700000| Complete 
| 216|0x000000008d800000, 0x000000008d900000, 0x000000008d900000|100%| S|CS|TAMS 0x000000008d800000, 0x000000008d800000| Complete 
| 217|0x000000008d900000, 0x000000008d900000, 0x000000008da00000|  0%| F|  |TAMS 0x000000008d900000, 0x000000008d900000| Untracked 
| 218|0x000000008da00000, 0x000000008da00000, 0x000000008db00000|  0%| F|  |TAMS 0x000000008da00000, 0x000000008da00000| Untracked 
| 219|0x000000008db00000, 0x000000008db00000, 0x000000008dc00000|  0%| F|  |TAMS 0x000000008db00000, 0x000000008db00000| Untracked 
| 220|0x000000008dc00000, 0x000000008dc00000, 0x000000008dd00000|  0%| F|  |TAMS 0x000000008dc00000, 0x000000008dc00000| Untracked 
| 221|0x000000008dd00000, 0x000000008dd00000, 0x000000008de00000|  0%| F|  |TAMS 0x000000008dd00000, 0x000000008dd00000| Untracked 
| 222|0x000000008de00000, 0x000000008de00000, 0x000000008df00000|  0%| F|  |TAMS 0x000000008de00000, 0x000000008de00000| Untracked 
| 223|0x000000008df00000, 0x000000008df00000, 0x000000008e000000|  0%| F|  |TAMS 0x000000008df00000, 0x000000008df00000| Untracked 
| 224|0x000000008e000000, 0x000000008e000000, 0x000000008e100000|  0%| F|  |TAMS 0x000000008e000000, 0x000000008e000000| Untracked 
| 225|0x000000008e100000, 0x000000008e100000, 0x000000008e200000|  0%| F|  |TAMS 0x000000008e100000, 0x000000008e100000| Untracked 
| 226|0x000000008e200000, 0x000000008e200000, 0x000000008e300000|  0%| F|  |TAMS 0x000000008e200000, 0x000000008e200000| Untracked 
| 227|0x000000008e300000, 0x000000008e300000, 0x000000008e400000|  0%| F|  |TAMS 0x000000008e300000, 0x000000008e300000| Untracked 
| 228|0x000000008e400000, 0x000000008e400000, 0x000000008e500000|  0%| F|  |TAMS 0x000000008e400000, 0x000000008e400000| Untracked 
| 229|0x000000008e500000, 0x000000008e500000, 0x000000008e600000|  0%| F|  |TAMS 0x000000008e500000, 0x000000008e500000| Untracked 
| 230|0x000000008e600000, 0x000000008e600000, 0x000000008e700000|  0%| F|  |TAMS 0x000000008e600000, 0x000000008e600000| Untracked 
| 231|0x000000008e700000, 0x000000008e700000, 0x000000008e800000|  0%| F|  |TAMS 0x000000008e700000, 0x000000008e700000| Untracked 
| 232|0x000000008e800000, 0x000000008e800000, 0x000000008e900000|  0%| F|  |TAMS 0x000000008e800000, 0x000000008e800000| Untracked 
| 233|0x000000008e900000, 0x000000008e900000, 0x000000008ea00000|  0%| F|  |TAMS 0x000000008e900000, 0x000000008e900000| Untracked 
| 234|0x000000008ea00000, 0x000000008ea00000, 0x000000008eb00000|  0%| F|  |TAMS 0x000000008ea00000, 0x000000008ea00000| Untracked 
| 235|0x000000008eb00000, 0x000000008eb00000, 0x000000008ec00000|  0%| F|  |TAMS 0x000000008eb00000, 0x000000008eb00000| Untracked 
| 236|0x000000008ec00000, 0x000000008ec00000, 0x000000008ed00000|  0%| F|  |TAMS 0x000000008ec00000, 0x000000008ec00000| Untracked 
| 237|0x000000008ed00000, 0x000000008ed00000, 0x000000008ee00000|  0%| F|  |TAMS 0x000000008ed00000, 0x000000008ed00000| Untracked 
| 238|0x000000008ee00000, 0x000000008ee00000, 0x000000008ef00000|  0%| F|  |TAMS 0x000000008ee00000, 0x000000008ee00000| Untracked 
| 239|0x000000008ef00000, 0x000000008ef00000, 0x000000008f000000|  0%| F|  |TAMS 0x000000008ef00000, 0x000000008ef00000| Untracked 
| 240|0x000000008f000000, 0x000000008f000000, 0x000000008f100000|  0%| F|  |TAMS 0x000000008f000000, 0x000000008f000000| Untracked 
| 241|0x000000008f100000, 0x000000008f100000, 0x000000008f200000|  0%| F|  |TAMS 0x000000008f100000, 0x000000008f100000| Untracked 
| 242|0x000000008f200000, 0x000000008f200000, 0x000000008f300000|  0%| F|  |TAMS 0x000000008f200000, 0x000000008f200000| Untracked 
| 243|0x000000008f300000, 0x000000008f300000, 0x000000008f400000|  0%| F|  |TAMS 0x000000008f300000, 0x000000008f300000| Untracked 
| 244|0x000000008f400000, 0x000000008f400000, 0x000000008f500000|  0%| F|  |TAMS 0x000000008f400000, 0x000000008f400000| Untracked 
| 245|0x000000008f500000, 0x000000008f500000, 0x000000008f600000|  0%| F|  |TAMS 0x000000008f500000, 0x000000008f500000| Untracked 
| 246|0x000000008f600000, 0x000000008f600000, 0x000000008f700000|  0%| F|  |TAMS 0x000000008f600000, 0x000000008f600000| Untracked 
| 247|0x000000008f700000, 0x000000008f700000, 0x000000008f800000|  0%| F|  |TAMS 0x000000008f700000, 0x000000008f700000| Untracked 
| 248|0x000000008f800000, 0x000000008f800000, 0x000000008f900000|  0%| F|  |TAMS 0x000000008f800000, 0x000000008f800000| Untracked 
| 249|0x000000008f900000, 0x000000008f900000, 0x000000008fa00000|  0%| F|  |TAMS 0x000000008f900000, 0x000000008f900000| Untracked 
| 250|0x000000008fa00000, 0x000000008fa00000, 0x000000008fb00000|  0%| F|  |TAMS 0x000000008fa00000, 0x000000008fa00000| Untracked 
| 251|0x000000008fb00000, 0x000000008fb00000, 0x000000008fc00000|  0%| F|  |TAMS 0x000000008fb00000, 0x000000008fb00000| Untracked 
| 252|0x000000008fc00000, 0x000000008fc00000, 0x000000008fd00000|  0%| F|  |TAMS 0x000000008fc00000, 0x000000008fc00000| Untracked 
| 253|0x000000008fd00000, 0x000000008fd00000, 0x000000008fe00000|  0%| F|  |TAMS 0x000000008fd00000, 0x000000008fd00000| Untracked 
| 254|0x000000008fe00000, 0x000000008fe00000, 0x000000008ff00000|  0%| F|  |TAMS 0x000000008fe00000, 0x000000008fe00000| Untracked 
| 255|0x000000008ff00000, 0x000000008ff00000, 0x0000000090000000|  0%| F|  |TAMS 0x000000008ff00000, 0x000000008ff00000| Untracked 
| 256|0x0000000090000000, 0x0000000090000000, 0x0000000090100000|  0%| F|  |TAMS 0x0000000090000000, 0x0000000090000000| Untracked 
| 257|0x0000000090100000, 0x0000000090100000, 0x0000000090200000|  0%| F|  |TAMS 0x0000000090100000, 0x0000000090100000| Untracked 
| 258|0x0000000090200000, 0x0000000090200000, 0x0000000090300000|  0%| F|  |TAMS 0x0000000090200000, 0x0000000090200000| Untracked 
| 259|0x0000000090300000, 0x0000000090300000, 0x0000000090400000|  0%| F|  |TAMS 0x0000000090300000, 0x0000000090300000| Untracked 
| 260|0x0000000090400000, 0x0000000090400000, 0x0000000090500000|  0%| F|  |TAMS 0x0000000090400000, 0x0000000090400000| Untracked 
| 261|0x0000000090500000, 0x0000000090500000, 0x0000000090600000|  0%| F|  |TAMS 0x0000000090500000, 0x0000000090500000| Untracked 
| 262|0x0000000090600000, 0x0000000090600000, 0x0000000090700000|  0%| F|  |TAMS 0x0000000090600000, 0x0000000090600000| Untracked 
| 263|0x0000000090700000, 0x0000000090700000, 0x0000000090800000|  0%| F|  |TAMS 0x0000000090700000, 0x0000000090700000| Untracked 
| 264|0x0000000090800000, 0x0000000090800000, 0x0000000090900000|  0%| F|  |TAMS 0x0000000090800000, 0x0000000090800000| Untracked 
| 265|0x0000000090900000, 0x0000000090900000, 0x0000000090a00000|  0%| F|  |TAMS 0x0000000090900000, 0x0000000090900000| Untracked 
| 266|0x0000000090a00000, 0x0000000090a00000, 0x0000000090b00000|  0%| F|  |TAMS 0x0000000090a00000, 0x0000000090a00000| Untracked 
| 267|0x0000000090b00000, 0x0000000090b00000, 0x0000000090c00000|  0%| F|  |TAMS 0x0000000090b00000, 0x0000000090b00000| Untracked 
| 268|0x0000000090c00000, 0x0000000090c00000, 0x0000000090d00000|  0%| F|  |TAMS 0x0000000090c00000, 0x0000000090c00000| Untracked 
| 269|0x0000000090d00000, 0x0000000090d00000, 0x0000000090e00000|  0%| F|  |TAMS 0x0000000090d00000, 0x0000000090d00000| Untracked 
| 270|0x0000000090e00000, 0x0000000090e00000, 0x0000000090f00000|  0%| F|  |TAMS 0x0000000090e00000, 0x0000000090e00000| Untracked 
| 271|0x0000000090f00000, 0x0000000090f00000, 0x0000000091000000|  0%| F|  |TAMS 0x0000000090f00000, 0x0000000090f00000| Untracked 
| 272|0x0000000091000000, 0x0000000091000000, 0x0000000091100000|  0%| F|  |TAMS 0x0000000091000000, 0x0000000091000000| Untracked 
| 273|0x0000000091100000, 0x0000000091100000, 0x0000000091200000|  0%| F|  |TAMS 0x0000000091100000, 0x0000000091100000| Untracked 
| 274|0x0000000091200000, 0x0000000091200000, 0x0000000091300000|  0%| F|  |TAMS 0x0000000091200000, 0x0000000091200000| Untracked 
| 275|0x0000000091300000, 0x0000000091300000, 0x0000000091400000|  0%| F|  |TAMS 0x0000000091300000, 0x0000000091300000| Untracked 
| 276|0x0000000091400000, 0x0000000091400000, 0x0000000091500000|  0%| F|  |TAMS 0x0000000091400000, 0x0000000091400000| Untracked 
| 277|0x0000000091500000, 0x0000000091500000, 0x0000000091600000|  0%| F|  |TAMS 0x0000000091500000, 0x0000000091500000| Untracked 
| 278|0x0000000091600000, 0x0000000091600000, 0x0000000091700000|  0%| F|  |TAMS 0x0000000091600000, 0x0000000091600000| Untracked 
| 279|0x0000000091700000, 0x0000000091700000, 0x0000000091800000|  0%| F|  |TAMS 0x0000000091700000, 0x0000000091700000| Untracked 
| 280|0x0000000091800000, 0x0000000091800000, 0x0000000091900000|  0%| F|  |TAMS 0x0000000091800000, 0x0000000091800000| Untracked 
| 281|0x0000000091900000, 0x0000000091900000, 0x0000000091a00000|  0%| F|  |TAMS 0x0000000091900000, 0x0000000091900000| Untracked 
| 282|0x0000000091a00000, 0x0000000091a00000, 0x0000000091b00000|  0%| F|  |TAMS 0x0000000091a00000, 0x0000000091a00000| Untracked 
| 283|0x0000000091b00000, 0x0000000091b00000, 0x0000000091c00000|  0%| F|  |TAMS 0x0000000091b00000, 0x0000000091b00000| Untracked 
| 284|0x0000000091c00000, 0x0000000091c00000, 0x0000000091d00000|  0%| F|  |TAMS 0x0000000091c00000, 0x0000000091c00000| Untracked 
| 285|0x0000000091d00000, 0x0000000091d00000, 0x0000000091e00000|  0%| F|  |TAMS 0x0000000091d00000, 0x0000000091d00000| Untracked 
| 286|0x0000000091e00000, 0x0000000091e00000, 0x0000000091f00000|  0%| F|  |TAMS 0x0000000091e00000, 0x0000000091e00000| Untracked 
| 287|0x0000000091f00000, 0x0000000091f00000, 0x0000000092000000|  0%| F|  |TAMS 0x0000000091f00000, 0x0000000091f00000| Untracked 
| 288|0x0000000092000000, 0x0000000092000000, 0x0000000092100000|  0%| F|  |TAMS 0x0000000092000000, 0x0000000092000000| Untracked 
| 289|0x0000000092100000, 0x0000000092100000, 0x0000000092200000|  0%| F|  |TAMS 0x0000000092100000, 0x0000000092100000| Untracked 
| 290|0x0000000092200000, 0x0000000092200000, 0x0000000092300000|  0%| F|  |TAMS 0x0000000092200000, 0x0000000092200000| Untracked 
| 291|0x0000000092300000, 0x0000000092300000, 0x0000000092400000|  0%| F|  |TAMS 0x0000000092300000, 0x0000000092300000| Untracked 
| 292|0x0000000092400000, 0x0000000092400000, 0x0000000092500000|  0%| F|  |TAMS 0x0000000092400000, 0x0000000092400000| Untracked 
| 293|0x0000000092500000, 0x0000000092500000, 0x0000000092600000|  0%| F|  |TAMS 0x0000000092500000, 0x0000000092500000| Untracked 
| 294|0x0000000092600000, 0x0000000092600000, 0x0000000092700000|  0%| F|  |TAMS 0x0000000092600000, 0x0000000092600000| Untracked 
| 295|0x0000000092700000, 0x0000000092700000, 0x0000000092800000|  0%| F|  |TAMS 0x0000000092700000, 0x0000000092700000| Untracked 
| 296|0x0000000092800000, 0x0000000092800000, 0x0000000092900000|  0%| F|  |TAMS 0x0000000092800000, 0x0000000092800000| Untracked 
| 297|0x0000000092900000, 0x0000000092900000, 0x0000000092a00000|  0%| F|  |TAMS 0x0000000092900000, 0x0000000092900000| Untracked 
| 298|0x0000000092a00000, 0x0000000092a00000, 0x0000000092b00000|  0%| F|  |TAMS 0x0000000092a00000, 0x0000000092a00000| Untracked 
| 299|0x0000000092b00000, 0x0000000092b00000, 0x0000000092c00000|  0%| F|  |TAMS 0x0000000092b00000, 0x0000000092b00000| Untracked 
| 300|0x0000000092c00000, 0x0000000092c00000, 0x0000000092d00000|  0%| F|  |TAMS 0x0000000092c00000, 0x0000000092c00000| Untracked 
| 301|0x0000000092d00000, 0x0000000092d00000, 0x0000000092e00000|  0%| F|  |TAMS 0x0000000092d00000, 0x0000000092d00000| Untracked 
| 302|0x0000000092e00000, 0x0000000092e00000, 0x0000000092f00000|  0%| F|  |TAMS 0x0000000092e00000, 0x0000000092e00000| Untracked 
| 303|0x0000000092f00000, 0x0000000092f00000, 0x0000000093000000|  0%| F|  |TAMS 0x0000000092f00000, 0x0000000092f00000| Untracked 
| 304|0x0000000093000000, 0x0000000093000000, 0x0000000093100000|  0%| F|  |TAMS 0x0000000093000000, 0x0000000093000000| Untracked 
| 305|0x0000000093100000, 0x0000000093100000, 0x0000000093200000|  0%| F|  |TAMS 0x0000000093100000, 0x0000000093100000| Untracked 
| 306|0x0000000093200000, 0x0000000093200000, 0x0000000093300000|  0%| F|  |TAMS 0x0000000093200000, 0x0000000093200000| Untracked 
| 307|0x0000000093300000, 0x0000000093300000, 0x0000000093400000|  0%| F|  |TAMS 0x0000000093300000, 0x0000000093300000| Untracked 
| 308|0x0000000093400000, 0x0000000093400000, 0x0000000093500000|  0%| F|  |TAMS 0x0000000093400000, 0x0000000093400000| Untracked 
| 309|0x0000000093500000, 0x0000000093500000, 0x0000000093600000|  0%| F|  |TAMS 0x0000000093500000, 0x0000000093500000| Untracked 
| 310|0x0000000093600000, 0x0000000093600000, 0x0000000093700000|  0%| F|  |TAMS 0x0000000093600000, 0x0000000093600000| Untracked 
| 311|0x0000000093700000, 0x0000000093700000, 0x0000000093800000|  0%| F|  |TAMS 0x0000000093700000, 0x0000000093700000| Untracked 
| 312|0x0000000093800000, 0x0000000093800000, 0x0000000093900000|  0%| F|  |TAMS 0x0000000093800000, 0x0000000093800000| Untracked 
| 313|0x0000000093900000, 0x0000000093900000, 0x0000000093a00000|  0%| F|  |TAMS 0x0000000093900000, 0x0000000093900000| Untracked 
| 314|0x0000000093a00000, 0x0000000093a00000, 0x0000000093b00000|  0%| F|  |TAMS 0x0000000093a00000, 0x0000000093a00000| Untracked 
| 315|0x0000000093b00000, 0x0000000093b00000, 0x0000000093c00000|  0%| F|  |TAMS 0x0000000093b00000, 0x0000000093b00000| Untracked 
| 316|0x0000000093c00000, 0x0000000093c00000, 0x0000000093d00000|  0%| F|  |TAMS 0x0000000093c00000, 0x0000000093c00000| Untracked 
| 317|0x0000000093d00000, 0x0000000093d00000, 0x0000000093e00000|  0%| F|  |TAMS 0x0000000093d00000, 0x0000000093d00000| Untracked 
| 318|0x0000000093e00000, 0x0000000093e00000, 0x0000000093f00000|  0%| F|  |TAMS 0x0000000093e00000, 0x0000000093e00000| Untracked 
| 319|0x0000000093f00000, 0x0000000093f00000, 0x0000000094000000|  0%| F|  |TAMS 0x0000000093f00000, 0x0000000093f00000| Untracked 
| 320|0x0000000094000000, 0x0000000094000000, 0x0000000094100000|  0%| F|  |TAMS 0x0000000094000000, 0x0000000094000000| Untracked 
| 321|0x0000000094100000, 0x0000000094100000, 0x0000000094200000|  0%| F|  |TAMS 0x0000000094100000, 0x0000000094100000| Untracked 
| 322|0x0000000094200000, 0x0000000094200000, 0x0000000094300000|  0%| F|  |TAMS 0x0000000094200000, 0x0000000094200000| Untracked 
| 323|0x0000000094300000, 0x0000000094300000, 0x0000000094400000|  0%| F|  |TAMS 0x0000000094300000, 0x0000000094300000| Untracked 
| 324|0x0000000094400000, 0x0000000094400000, 0x0000000094500000|  0%| F|  |TAMS 0x0000000094400000, 0x0000000094400000| Untracked 
| 325|0x0000000094500000, 0x0000000094500000, 0x0000000094600000|  0%| F|  |TAMS 0x0000000094500000, 0x0000000094500000| Untracked 
| 326|0x0000000094600000, 0x0000000094600000, 0x0000000094700000|  0%| F|  |TAMS 0x0000000094600000, 0x0000000094600000| Untracked 
| 327|0x0000000094700000, 0x0000000094700000, 0x0000000094800000|  0%| F|  |TAMS 0x0000000094700000, 0x0000000094700000| Untracked 
| 328|0x0000000094800000, 0x0000000094800000, 0x0000000094900000|  0%| F|  |TAMS 0x0000000094800000, 0x0000000094800000| Untracked 
| 329|0x0000000094900000, 0x0000000094900000, 0x0000000094a00000|  0%| F|  |TAMS 0x0000000094900000, 0x0000000094900000| Untracked 
| 330|0x0000000094a00000, 0x0000000094a00000, 0x0000000094b00000|  0%| F|  |TAMS 0x0000000094a00000, 0x0000000094a00000| Untracked 
| 331|0x0000000094b00000, 0x0000000094b00000, 0x0000000094c00000|  0%| F|  |TAMS 0x0000000094b00000, 0x0000000094b00000| Untracked 
| 332|0x0000000094c00000, 0x0000000094c00000, 0x0000000094d00000|  0%| F|  |TAMS 0x0000000094c00000, 0x0000000094c00000| Untracked 
| 333|0x0000000094d00000, 0x0000000094d00000, 0x0000000094e00000|  0%| F|  |TAMS 0x0000000094d00000, 0x0000000094d00000| Untracked 
| 334|0x0000000094e00000, 0x0000000094e00000, 0x0000000094f00000|  0%| F|  |TAMS 0x0000000094e00000, 0x0000000094e00000| Untracked 
| 335|0x0000000094f00000, 0x0000000094f00000, 0x0000000095000000|  0%| F|  |TAMS 0x0000000094f00000, 0x0000000094f00000| Untracked 
| 336|0x0000000095000000, 0x0000000095000000, 0x0000000095100000|  0%| F|  |TAMS 0x0000000095000000, 0x0000000095000000| Untracked 
| 337|0x0000000095100000, 0x0000000095100000, 0x0000000095200000|  0%| F|  |TAMS 0x0000000095100000, 0x0000000095100000| Untracked 
| 338|0x0000000095200000, 0x0000000095200000, 0x0000000095300000|  0%| F|  |TAMS 0x0000000095200000, 0x0000000095200000| Untracked 
| 339|0x0000000095300000, 0x0000000095300000, 0x0000000095400000|  0%| F|  |TAMS 0x0000000095300000, 0x0000000095300000| Untracked 
| 340|0x0000000095400000, 0x0000000095400000, 0x0000000095500000|  0%| F|  |TAMS 0x0000000095400000, 0x0000000095400000| Untracked 
| 341|0x0000000095500000, 0x0000000095500000, 0x0000000095600000|  0%| F|  |TAMS 0x0000000095500000, 0x0000000095500000| Untracked 

Card table byte_map: [0x000001ed2ae10000,0x000001ed2b210000] _byte_map_base: 0x000001ed2aa10000

Marking Bits (Prev, Next): (CMBitMap*) 0x000001ed17c41698, (CMBitMap*) 0x000001ed17c416d0
 Prev Bits: [0x000001ed2b610000, 0x000001ed2d610000)
 Next Bits: [0x000001ed2d610000, 0x000001ed2f610000)

Polling page: 0x000001ed15b60000

Metaspace:

Usage:
  Non-class:     90.87 MB capacity,    89.30 MB ( 98%) used,     1.24 MB (  1%) free+waste,   332.50 KB ( <1%) overhead. 
      Class:     14.22 MB capacity,    13.18 MB ( 93%) used,   913.64 KB (  6%) free+waste,   146.81 KB (  1%) overhead. 
       Both:    105.09 MB capacity,   102.48 MB ( 98%) used,     2.14 MB (  2%) free+waste,   479.31 KB ( <1%) overhead. 

Virtual space:
  Non-class space:       92.00 MB reserved,      91.00 MB ( 99%) committed 
      Class space:        1.00 GB reserved,      14.32 MB (  1%) committed 
             Both:        1.09 GB reserved,     105.32 MB (  9%) committed 

Chunk freelists:
   Non-Class:  4.00 KB
       Class:  1.00 KB
        Both:  5.00 KB

MaxMetaspaceSize: 17179869184.00 GB
CompressedClassSpaceSize: 1.00 GB

CodeHeap 'non-profiled nmethods': size=120000Kb used=4646Kb max_used=4646Kb free=115353Kb
 bounds [0x000001ed231b0000, 0x000001ed23640000, 0x000001ed2a6e0000]
CodeHeap 'profiled nmethods': size=120000Kb used=30921Kb max_used=30921Kb free=89078Kb
 bounds [0x000001ed1bc80000, 0x000001ed1dac0000, 0x000001ed231b0000]
CodeHeap 'non-nmethods': size=5760Kb used=2308Kb max_used=2368Kb free=3451Kb
 bounds [0x000001ed1b6e0000, 0x000001ed1b950000, 0x000001ed1bc80000]
 total_blobs=14982 nmethods=14064 adapters=827
 compilation: enabled
              stopped_count=0, restarted_count=0
 full_count=0

Compilation events (20 events):
Event: 15.750 Thread 0x000001ed32913000 14813 %     3       com.android.tools.r8.internal.m2::a @ 27 (219 bytes)
Event: 15.751 Thread 0x000001ed32913000 nmethod 14813% 0x000001ed1daaca90 code [0x000001ed1daacd40, 0x000001ed1daadb38]
Event: 15.751 Thread 0x000001ed32913000 14814       2       java.util.HashMap$TreeNode::<init> (10 bytes)
Event: 15.752 Thread 0x000001ed32913000 nmethod 14814 0x000001ed1daadf90 code [0x000001ed1daae140, 0x000001ed1daae358]
Event: 15.752 Thread 0x000001ed32913000 14817       3       com.android.tools.r8.internal.m2::a (219 bytes)
Event: 15.753 Thread 0x000001ed32913000 nmethod 14817 0x000001ed1daae410 code [0x000001ed1daae740, 0x000001ed1daafa08]
Event: 15.753 Thread 0x000001ed32913000 14815       2       java.util.HashMap$TreeNode::balanceInsertion (245 bytes)
Event: 15.754 Thread 0x000001ed32913000 nmethod 14815 0x000001ed1dab0090 code [0x000001ed1dab02c0, 0x000001ed1dab08d8]
Event: 15.754 Thread 0x000001ed32913000 14816       2       com.android.tools.r8.internal.QE::x0 (2 bytes)
Event: 15.754 Thread 0x000001ed32913000 nmethod 14816 0x000001ed1dab0d10 code [0x000001ed1dab0ec0, 0x000001ed1dab0fb8]
Event: 15.756 Thread 0x000001ed32913000 14819       2       java.util.HashMap::replacementTreeNode (21 bytes)
Event: 15.756 Thread 0x000001ed32913000 nmethod 14819 0x000001ed1dab1090 code [0x000001ed1dab1240, 0x000001ed1dab14d8]
Event: 15.792 Thread 0x000001ed32913000 14820       2       com.android.tools.r8.graph.Z::a (37 bytes)
Event: 15.793 Thread 0x000001ed32913000 nmethod 14820 0x000001ed1dab1590 code [0x000001ed1dab1760, 0x000001ed1dab19a8]
Event: 15.797 Thread 0x000001ed32913000 14821       2       com.android.tools.r8.graph.T$$Lambda$1637/0x0000000100cf2c40::apply (15 bytes)
Event: 15.797 Thread 0x000001ed32913000 nmethod 14821 0x000001ed1dab1b10 code [0x000001ed1dab1cc0, 0x000001ed1dab1e58]
Event: 15.797 Thread 0x000001ed32913000 14822       2       com.android.tools.r8.graph.G$b::<init> (10 bytes)
Event: 15.797 Thread 0x000001ed32913000 nmethod 14822 0x000001ed1dab1f90 code [0x000001ed1dab2140, 0x000001ed1dab2238]
Event: 15.798 Thread 0x000001ed32913000 14823       2       com.android.tools.r8.internal.Wr::<init> (10 bytes)
Event: 15.799 Thread 0x000001ed32913000 nmethod 14823 0x000001ed1dab2310 code [0x000001ed1dab24c0, 0x000001ed1dab25c8]

GC Heap History (20 events):
Event: 12.692 GC heap after
{Heap after GC invocations=31 (full 0):
 garbage-first heap   total 225280K, used 139981K [0x0000000080000000, 0x0000000100000000)
  region size 1024K, 7 young (7168K), 7 survivors (7168K)
 Metaspace       used 101256K, capacity 103662K, committed 104524K, reserved 1138688K
  class space    used 13177K, capacity 14092K, committed 14412K, reserved 1048576K
}
Event: 12.837 GC heap before
{Heap before GC invocations=32 (full 0):
 garbage-first heap   total 225280K, used 182989K [0x0000000080000000, 0x0000000100000000)
  region size 1024K, 49 young (50176K), 7 survivors (7168K)
 Metaspace       used 102094K, capacity 104607K, committed 105036K, reserved 1140736K
  class space    used 13287K, capacity 14256K, committed 14412K, reserved 1048576K
}
Event: 12.857 GC heap after
{Heap after GC invocations=33 (full 0):
 garbage-first heap   total 350208K, used 146893K [0x0000000080000000, 0x0000000100000000)
  region size 1024K, 7 young (7168K), 7 survivors (7168K)
 Metaspace       used 102094K, capacity 104607K, committed 105036K, reserved 1140736K
  class space    used 13287K, capacity 14256K, committed 14412K, reserved 1048576K
}
Event: 13.261 GC heap before
{Heap before GC invocations=33 (full 0):
 garbage-first heap   total 350208K, used 230861K [0x0000000080000000, 0x0000000100000000)
  region size 1024K, 90 young (92160K), 7 survivors (7168K)
 Metaspace       used 103256K, capacity 105857K, committed 106188K, reserved 1140736K
  class space    used 13424K, capacity 14455K, committed 14540K, reserved 1048576K
}
Event: 13.299 GC heap after
{Heap after GC invocations=34 (full 0):
 garbage-first heap   total 350208K, used 156402K [0x0000000080000000, 0x0000000100000000)
  region size 1024K, 10 young (10240K), 10 survivors (10240K)
 Metaspace       used 103256K, capacity 105857K, committed 106188K, reserved 1140736K
  class space    used 13424K, capacity 14455K, committed 14540K, reserved 1048576K
}
Event: 13.687 GC heap before
{Heap before GC invocations=34 (full 0):
 garbage-first heap   total 350208K, used 246514K [0x0000000080000000, 0x0000000100000000)
  region size 1024K, 98 young (100352K), 10 survivors (10240K)
 Metaspace       used 103352K, capacity 105999K, committed 106188K, reserved 1140736K
  class space    used 13434K, capacity 14459K, committed 14540K, reserved 1048576K
}
Event: 13.719 GC heap after
{Heap after GC invocations=35 (full 0):
 garbage-first heap   total 350208K, used 159891K [0x0000000080000000, 0x0000000100000000)
  region size 1024K, 4 young (4096K), 4 survivors (4096K)
 Metaspace       used 103352K, capacity 105999K, committed 106188K, reserved 1140736K
  class space    used 13434K, capacity 14459K, committed 14540K, reserved 1048576K
}
Event: 14.156 GC heap before
{Heap before GC invocations=35 (full 0):
 garbage-first heap   total 350208K, used 258195K [0x0000000080000000, 0x0000000100000000)
  region size 1024K, 100 young (102400K), 4 survivors (4096K)
 Metaspace       used 103772K, capacity 106398K, committed 106444K, reserved 1140736K
  class space    used 13465K, capacity 14501K, committed 14540K, reserved 1048576K
}
Event: 14.162 GC heap after
{Heap after GC invocations=36 (full 0):
 garbage-first heap   total 350208K, used 159808K [0x0000000080000000, 0x0000000100000000)
  region size 1024K, 4 young (4096K), 4 survivors (4096K)
 Metaspace       used 103772K, capacity 106398K, committed 106444K, reserved 1140736K
  class space    used 13465K, capacity 14501K, committed 14540K, reserved 1048576K
}
Event: 14.460 GC heap before
{Heap before GC invocations=36 (full 0):
 garbage-first heap   total 350208K, used 262208K [0x0000000080000000, 0x0000000100000000)
  region size 1024K, 104 young (106496K), 4 survivors (4096K)
 Metaspace       used 103949K, capacity 106581K, committed 106700K, reserved 1140736K
  class space    used 13481K, capacity 14519K, committed 14540K, reserved 1048576K
}
Event: 14.466 GC heap after
{Heap after GC invocations=37 (full 0):
 garbage-first heap   total 350208K, used 159737K [0x0000000080000000, 0x0000000100000000)
  region size 1024K, 4 young (4096K), 4 survivors (4096K)
 Metaspace       used 103949K, capacity 106581K, committed 106700K, reserved 1140736K
  class space    used 13481K, capacity 14519K, committed 14540K, reserved 1048576K
}
Event: 14.817 GC heap before
{Heap before GC invocations=37 (full 0):
 garbage-first heap   total 350208K, used 268281K [0x0000000080000000, 0x0000000100000000)
  region size 1024K, 110 young (112640K), 4 survivors (4096K)
 Metaspace       used 104203K, capacity 106883K, committed 107084K, reserved 1142784K
  class space    used 13493K, capacity 14551K, committed 14668K, reserved 1048576K
}
Event: 14.826 GC heap after
{Heap after GC invocations=38 (full 0):
 garbage-first heap   total 350208K, used 160415K [0x0000000080000000, 0x0000000100000000)
  region size 1024K, 5 young (5120K), 5 survivors (5120K)
 Metaspace       used 104203K, capacity 106883K, committed 107084K, reserved 1142784K
  class space    used 13493K, capacity 14551K, committed 14668K, reserved 1048576K
}
Event: 15.052 GC heap before
{Heap before GC invocations=38 (full 0):
 garbage-first heap   total 350208K, used 274079K [0x0000000080000000, 0x0000000100000000)
  region size 1024K, 116 young (118784K), 5 survivors (5120K)
 Metaspace       used 104477K, capacity 107215K, committed 107340K, reserved 1142784K
  class space    used 13493K, capacity 14551K, committed 14668K, reserved 1048576K
}
Event: 15.060 GC heap after
{Heap after GC invocations=39 (full 0):
 garbage-first heap   total 350208K, used 160194K [0x0000000080000000, 0x0000000100000000)
  region size 1024K, 5 young (5120K), 5 survivors (5120K)
 Metaspace       used 104477K, capacity 107215K, committed 107340K, reserved 1142784K
  class space    used 13493K, capacity 14551K, committed 14668K, reserved 1048576K
}
Event: 15.278 GC heap before
{Heap before GC invocations=39 (full 0):
 garbage-first heap   total 350208K, used 282050K [0x0000000080000000, 0x0000000100000000)
  region size 1024K, 124 young (126976K), 5 survivors (5120K)
 Metaspace       used 104666K, capacity 107375K, committed 107596K, reserved 1142784K
  class space    used 13496K, capacity 14555K, committed 14668K, reserved 1048576K
}
Event: 15.285 GC heap after
{Heap after GC invocations=40 (full 0):
 garbage-first heap   total 350208K, used 160095K [0x0000000080000000, 0x0000000100000000)
  region size 1024K, 5 young (5120K), 5 survivors (5120K)
 Metaspace       used 104666K, capacity 107375K, committed 107596K, reserved 1142784K
  class space    used 13496K, capacity 14555K, committed 14668K, reserved 1048576K
}
Event: 15.508 GC heap before
{Heap before GC invocations=40 (full 0):
 garbage-first heap   total 350208K, used 290143K [0x0000000080000000, 0x0000000100000000)
  region size 1024K, 133 young (136192K), 5 survivors (5120K)
 Metaspace       used 104836K, capacity 107526K, committed 107852K, reserved 1142784K
  class space    used 13496K, capacity 14555K, committed 14668K, reserved 1048576K
}
Event: 15.520 GC heap after
{Heap after GC invocations=41 (full 0):
 garbage-first heap   total 350208K, used 165926K [0x0000000080000000, 0x0000000100000000)
  region size 1024K, 10 young (10240K), 10 survivors (10240K)
 Metaspace       used 104836K, capacity 107526K, committed 107852K, reserved 1142784K
  class space    used 13496K, capacity 14555K, committed 14668K, reserved 1048576K
}
Event: 15.803 GC heap before
{Heap before GC invocations=41 (full 0):
 garbage-first heap   total 350208K, used 292902K [0x0000000080000000, 0x0000000100000000)
  region size 1024K, 135 young (138240K), 10 survivors (10240K)
 Metaspace       used 104943K, capacity 107611K, committed 107852K, reserved 1142784K
  class space    used 13498K, capacity 14559K, committed 14668K, reserved 1048576K
}

Deoptimization events (20 events):
Event: 15.462 Thread 0x000001ed365dc000 DEOPT PACKING pc=0x000001ed1d4bf2b6 sp=0x000000c5442f93f0
Event: 15.462 Thread 0x000001ed365dc000 DEOPT UNPACKING pc=0x000001ed1b7076ce sp=0x000000c5442f8ad0 mode 0
Event: 15.471 Thread 0x000001ed365d8800 DEOPT PACKING pc=0x000001ed1cf99555 sp=0x000000c5446f9170
Event: 15.471 Thread 0x000001ed365d8800 DEOPT UNPACKING pc=0x000001ed1b7076ce sp=0x000000c5446f8900 mode 0
Event: 15.548 Thread 0x000001ed365d7000 DEOPT PACKING pc=0x000001ed1d7dd948 sp=0x000000c543ff9600
Event: 15.548 Thread 0x000001ed365d7000 DEOPT UNPACKING pc=0x000001ed1b7076ce sp=0x000000c543ff8b00 mode 0
Event: 15.589 Thread 0x000001ed365d7000 Uncommon trap: trap_request=0xffffff7e fr.pc=0x000001ed2362ee7c relative=0x000000000000419c
Event: 15.589 Thread 0x000001ed365d7000 Uncommon trap: reason=predicate action=maybe_recompile pc=0x000001ed2362ee7c method=com.android.tools.r8.internal.Nv.a(Lcom/android/tools/r8/internal/Me;Ljava/util/Set;)Z @ 337 c2
Event: 15.589 Thread 0x000001ed365d7000 DEOPT PACKING pc=0x000001ed2362ee7c sp=0x000000c543ff89b0
Event: 15.589 Thread 0x000001ed365d7000 DEOPT UNPACKING pc=0x000001ed1b7078af sp=0x000000c543ff89f8 mode 2
Event: 15.592 Thread 0x000001ed365d7800 DEOPT PACKING pc=0x000001ed1d0ac50a sp=0x000000c5444f9370
Event: 15.592 Thread 0x000001ed365d7800 DEOPT UNPACKING pc=0x000001ed1b7076ce sp=0x000000c5444f8808 mode 0
Event: 15.650 Thread 0x000001ed365dc000 DEOPT PACKING pc=0x000001ed1d4bf2b6 sp=0x000000c5442f93f0
Event: 15.650 Thread 0x000001ed365dc000 DEOPT UNPACKING pc=0x000001ed1b7076ce sp=0x000000c5442f8ad0 mode 0
Event: 15.714 Thread 0x000001ed365d8800 Uncommon trap: trap_request=0xffffff4d fr.pc=0x000001ed233c3084 relative=0x0000000000000244
Event: 15.714 Thread 0x000001ed365d8800 Uncommon trap: reason=unstable_if action=reinterpret pc=0x000001ed233c3084 method=java.util.HashMap.getNode(ILjava/lang/Object;)Ljava/util/HashMap$Node; @ 84 c2
Event: 15.714 Thread 0x000001ed365d8800 DEOPT PACKING pc=0x000001ed233c3084 sp=0x000000c5446f91f0
Event: 15.714 Thread 0x000001ed365d8800 DEOPT UNPACKING pc=0x000001ed1b7078af sp=0x000000c5446f90f8 mode 2
Event: 15.733 Thread 0x000001ed365d7800 DEOPT PACKING pc=0x000001ed1d57215a sp=0x000000c5444f9820
Event: 15.733 Thread 0x000001ed365d7800 DEOPT UNPACKING pc=0x000001ed1b7076ce sp=0x000000c5444f8cf8 mode 0

Classes redefined (0 events):
No events

Internal exceptions (20 events):
Event: 12.720 Thread 0x000001ed365db000 Exception <a 'java/lang/NoSuchMethodError'{0x000000008d8c5148}: 'java.lang.Object java.lang.invoke.Invokers$Holder.linkToTargetMethod(java.lang.Object, int, java.lang.Object, java.lang.Object, java.lang.Object, java.lang.Object)'> (0x000000008d8c5148) thrown at [./src/hotspot/share/interpreter/linkResolver.cpp, line 773]
Event: 12.720 Thread 0x000001ed365db000 Exception <a 'java/lang/NoSuchMethodError'{0x000000008d8c95f8}: 'void java.lang.invoke.DirectMethodHandle$Holder.invokeSpecial(java.lang.Object, java.lang.Object, java.lang.Object, java.lang.Object, java.lang.Object, java.lang.Object, java.lang.Object, java.lang.Object, java.lang.Object)'> (0x000000008d8c95f8) thrown at [./src/hotspot/share/interpreter/linkResolver.cpp, line 773]
Event: 12.740 Thread 0x000001ed365db000 Exception <a 'java/lang/NoSuchMethodError'{0x000000008d3a8938}: 'void java.lang.invoke.DirectMethodHandle$Holder.invokeStatic(java.lang.Object, java.lang.Object, java.lang.Object, java.lang.Object, java.lang.Object, java.lang.Object, java.lang.Object, java.lang.Object)'> (0x000000008d3a8938) thrown at [./src/hotspot/share/interpreter/linkResolver.cpp, line 773]
Event: 12.867 Thread 0x000001ed365db000 Exception <a 'java/lang/IncompatibleClassChangeError'{0x00000000952144d8}: Found class java.lang.Object, but interface was expected> (0x00000000952144d8) thrown at [./src/hotspot/share/interpreter/linkResolver.cpp, line 839]
Event: 12.883 Thread 0x000001ed365dc000 Implicit null exception at 0x000001ed235c104f to 0x000001ed235c2a38
Event: 12.967 Thread 0x000001ed365db000 Exception <a 'java/lang/NoSuchMethodError'{0x0000000093a93c48}: 'void java.lang.invoke.DirectMethodHandle$Holder.invokeVirtual(java.lang.Object, java.lang.Object, int)'> (0x0000000093a93c48) thrown at [./src/hotspot/share/interpreter/linkResolver.cpp, line 773]
Event: 13.035 Thread 0x000001ed365db000 Exception <a 'sun/nio/fs/WindowsException'{0x000000009302ca00}> (0x000000009302ca00) thrown at [./src/hotspot/share/prims/jni.cpp, line 615]
Event: 13.130 Thread 0x000001ed365db000 Exception <a 'java/lang/NoSuchMethodError'{0x000000009207fea8}: 'void java.lang.invoke.DirectMethodHandle$Holder.invokeStatic(java.lang.Object, java.lang.Object, java.lang.Object, java.lang.Object, java.lang.Object, java.lang.Object, java.lang.Object)'> (0x000000009207fea8) thrown at [./src/hotspot/share/interpreter/linkResolver.cpp, line 773]
Event: 13.169 Thread 0x000001ed365d5000 Exception <a 'sun/nio/fs/WindowsException'{0x0000000091715238}> (0x0000000091715238) thrown at [./src/hotspot/share/prims/jni.cpp, line 615]
Event: 13.231 Thread 0x000001ed365db000 Exception <a 'sun/nio/fs/WindowsException'{0x00000000908d4760}> (0x00000000908d4760) thrown at [./src/hotspot/share/prims/jni.cpp, line 615]
Event: 13.417 Thread 0x000001ed365d5000 Exception <a 'sun/nio/fs/WindowsException'{0x00000000935898a0}> (0x00000000935898a0) thrown at [./src/hotspot/share/prims/jni.cpp, line 615]
Event: 13.921 Thread 0x000001ed365d7800 Exception <a 'java/lang/NoSuchMethodError'{0x00000000923960f8}: 'int java.lang.invoke.DirectMethodHandle$Holder.invokeInterface(java.lang.Object, java.lang.Object, int)'> (0x00000000923960f8) thrown at [./src/hotspot/share/interpreter/linkResolver.cpp, line 773]
Event: 14.404 Thread 0x000001ed365d5000 Exception <a 'sun/nio/fs/WindowsException'{0x0000000090499978}> (0x0000000090499978) thrown at [./src/hotspot/share/prims/jni.cpp, line 615]
Event: 14.792 Thread 0x000001ed365d5000 Exception <a 'sun/nio/fs/WindowsException'{0x000000008f734a90}> (0x000000008f734a90) thrown at [./src/hotspot/share/prims/jni.cpp, line 615]
Event: 14.833 Thread 0x000001ed365d6000 Exception <a 'sun/nio/fs/WindowsException'{0x0000000095283378}> (0x0000000095283378) thrown at [./src/hotspot/share/prims/jni.cpp, line 615]
Event: 15.146 Thread 0x000001ed365d5000 Exception <a 'sun/nio/fs/WindowsException'{0x000000009266b450}> (0x000000009266b450) thrown at [./src/hotspot/share/prims/jni.cpp, line 615]
Event: 15.388 Thread 0x000001ed365d6000 Exception <a 'sun/nio/fs/WindowsException'{0x0000000095408968}> (0x0000000095408968) thrown at [./src/hotspot/share/prims/jni.cpp, line 615]
Event: 15.411 Thread 0x000001ed365d8800 Exception <a 'sun/nio/fs/WindowsException'{0x0000000090f0dba8}> (0x0000000090f0dba8) thrown at [./src/hotspot/share/prims/jni.cpp, line 615]
Event: 15.433 Thread 0x000001ed365d6000 Exception <a 'sun/nio/fs/WindowsException'{0x00000000902bca48}> (0x00000000902bca48) thrown at [./src/hotspot/share/prims/jni.cpp, line 615]
Event: 15.577 Thread 0x000001ed365db000 Exception <a 'sun/nio/fs/WindowsException'{0x00000000946c08b8}> (0x00000000946c08b8) thrown at [./src/hotspot/share/prims/jni.cpp, line 615]

Events (20 events):
Event: 15.215 loading class com/android/tools/r8/code/G0 done
Event: 15.278 Executing VM operation: G1CollectForAllocation
Event: 15.285 Executing VM operation: G1CollectForAllocation done
Event: 15.501 Executing VM operation: ICBufferFull
Event: 15.502 Executing VM operation: ICBufferFull done
Event: 15.505 Executing VM operation: G1CollectForAllocation
Event: 15.520 Executing VM operation: G1CollectForAllocation done
Event: 15.656 loading class com/android/tools/r8/origin/Origin
Event: 15.656 loading class com/android/tools/r8/origin/Origin done
Event: 15.656 loading class com/android/tools/r8/origin/Origin
Event: 15.656 loading class com/android/tools/r8/origin/Origin done
Event: 15.662 loading class com/android/tools/r8/internal/Gg
Event: 15.662 loading class com/android/tools/r8/internal/Gg done
Event: 15.662 loading class com/android/tools/r8/internal/Gg
Event: 15.662 loading class com/android/tools/r8/internal/Gg done
Event: 15.687 loading class com/android/tools/r8/internal/Sr
Event: 15.687 loading class com/android/tools/r8/internal/Sr done
Event: 15.687 loading class com/android/tools/r8/internal/Sr
Event: 15.687 loading class com/android/tools/r8/internal/Sr done
Event: 15.803 Executing VM operation: G1CollectForAllocation


Dynamic libraries:
0x00007ff607cf0000 - 0x00007ff607cfa000 	D:\Android\Studio\jre\bin\java.exe
0x00007ff802550000 - 0x00007ff80273d000 	C:\Windows\SYSTEM32\ntdll.dll
0x00007ff800090000 - 0x00007ff800143000 	C:\Windows\System32\KERNEL32.DLL
0x00007fffff470000 - 0x00007fffff703000 	C:\Windows\System32\KERNELBASE.dll
0x00007fffff260000 - 0x00007fffff35a000 	C:\Windows\System32\ucrtbase.dll
0x00007fffc9a10000 - 0x00007fffc9a29000 	D:\Android\Studio\jre\bin\jli.dll
0x00007fffc99f0000 - 0x00007fffc9a07000 	D:\Android\Studio\jre\bin\VCRUNTIME140.dll
0x00007fffff890000 - 0x00007fffffa27000 	C:\Windows\System32\USER32.dll
0x00007ff800010000 - 0x00007ff800030000 	C:\Windows\System32\win32u.dll
0x00007fffe6540000 - 0x00007fffe67b9000 	C:\Windows\WinSxS\amd64_microsoft.windows.common-controls_6595b64144ccf1df_6.0.17763.615_none_05b4414a072024d4\COMCTL32.dll
0x00007ff8023f0000 - 0x00007ff802419000 	C:\Windows\System32\GDI32.dll
0x00007fffff710000 - 0x00007fffff7ae000 	C:\Windows\System32\msvcrt.dll
0x00007ffffeee0000 - 0x00007fffff079000 	C:\Windows\System32\gdi32full.dll
0x00007fffffc10000 - 0x00007ffffff3c000 	C:\Windows\System32\combase.dll
0x00007ffffee40000 - 0x00007ffffeee0000 	C:\Windows\System32\msvcp_win.dll
0x00007fffffae0000 - 0x00007fffffc02000 	C:\Windows\System32\RPCRT4.dll
0x00007ffffedc0000 - 0x00007ffffee3e000 	C:\Windows\System32\bcryptPrimitives.dll
0x00007ff8002c0000 - 0x00007ff8002ee000 	C:\Windows\System32\IMM32.DLL
0x00007fff8f3e0000 - 0x00007fff8f47d000 	D:\Android\Studio\jre\bin\msvcp140.dll
0x00007fff9b9b0000 - 0x00007fff9c47f000 	D:\Android\Studio\jre\bin\server\jvm.dll
0x00007fffffa30000 - 0x00007fffffad3000 	C:\Windows\System32\ADVAPI32.dll
0x00007ff801800000 - 0x00007ff80189e000 	C:\Windows\System32\sechost.dll
0x00007ff802420000 - 0x00007ff802428000 	C:\Windows\System32\PSAPI.DLL
0x00007fffe4500000 - 0x00007fffe4509000 	C:\Windows\SYSTEM32\WSOCK32.dll
0x00007ffff5560000 - 0x00007ffff5584000 	C:\Windows\SYSTEM32\WINMM.dll
0x00007ffff7350000 - 0x00007ffff735a000 	C:\Windows\SYSTEM32\VERSION.dll
0x00007ff8018a0000 - 0x00007ff80190d000 	C:\Windows\System32\WS2_32.dll
0x00007ffff5530000 - 0x00007ffff555d000 	C:\Windows\SYSTEM32\WINMMBASE.dll
0x00007ffffe620000 - 0x00007ffffe66a000 	C:\Windows\System32\cfgmgr32.dll
0x00007ffffe5d0000 - 0x00007ffffe5e1000 	C:\Windows\System32\kernel.appcore.dll
0x00007ffff87e0000 - 0x00007ffff87f1000 	D:\Android\Studio\jre\bin\verify.dll
0x00007ffff7570000 - 0x00007ffff775d000 	C:\Windows\SYSTEM32\DBGHELP.DLL
0x00007fffe6510000 - 0x00007fffe653a000 	C:\Windows\SYSTEM32\dbgcore.DLL
0x00007fffee1c0000 - 0x00007fffee1e9000 	D:\Android\Studio\jre\bin\java.dll
0x00007ffffa230000 - 0x00007ffffa23b000 	D:\Android\Studio\jre\bin\jimage.dll
0x00007fffedab0000 - 0x00007fffedac8000 	D:\Android\Studio\jre\bin\zip.dll
0x00007ff800310000 - 0x00007ff801800000 	C:\Windows\System32\SHELL32.dll
0x00007ff802430000 - 0x00007ff8024d8000 	C:\Windows\System32\shcore.dll
0x00007ffffe670000 - 0x00007ffffedba000 	C:\Windows\System32\windows.storage.dll
0x00007ffffe5f0000 - 0x00007ffffe614000 	C:\Windows\System32\profapi.dll
0x00007ffffe570000 - 0x00007ffffe5cd000 	C:\Windows\System32\powrprof.dll
0x00007fffff7b0000 - 0x00007fffff802000 	C:\Windows\System32\shlwapi.dll
0x00007ffffdf50000 - 0x00007ffffdf67000 	C:\Windows\SYSTEM32\cryptsp.dll
0x00007fffed550000 - 0x00007fffed56a000 	D:\Android\Studio\jre\bin\net.dll
0x00007ffff42a0000 - 0x00007ffff4392000 	C:\Windows\SYSTEM32\WINHTTP.dll
0x00007ffffdd80000 - 0x00007ffffdde7000 	C:\Windows\system32\mswsock.dll
0x00007fffec5f0000 - 0x00007fffec604000 	D:\Android\Studio\jre\bin\nio.dll
0x00007fffed520000 - 0x00007fffed547000 	C:\Users\79527\.gradle\native\8bec1ad78214c89d9ad589b4d07fe93259594b29d510b10fafb7a158f7737e5d\windows-amd64\native-platform.dll
0x00007fff8f5d0000 - 0x00007fff8f70d000 	C:\Users\79527\.gradle\native\53dbd7edfb1c66fb8903c78663c9afc45aea4f116125fa6feffd364cf09443e8\windows-amd64\native-platform-file-events.dll
0x00007ffff90c0000 - 0x00007ffff90ca000 	D:\Android\Studio\jre\bin\management.dll
0x00007ffff87d0000 - 0x00007ffff87dc000 	D:\Android\Studio\jre\bin\management_ext.dll
0x00007ffffd940000 - 0x00007ffffd973000 	C:\Windows\system32\rsaenh.dll
0x00007ffffe0a0000 - 0x00007ffffe0c6000 	C:\Windows\SYSTEM32\bcrypt.dll
0x00007ffffe490000 - 0x00007ffffe4b8000 	C:\Windows\SYSTEM32\USERENV.dll
0x00007ffffdf70000 - 0x00007ffffdf7c000 	C:\Windows\SYSTEM32\CRYPTBASE.dll
0x00007ffffdae0000 - 0x00007ffffdb1d000 	C:\Windows\SYSTEM32\IPHLPAPI.DLL
0x00007ff8024e0000 - 0x00007ff8024e8000 	C:\Windows\System32\NSI.dll
0x00007ffff7100000 - 0x00007ffff7116000 	C:\Windows\SYSTEM32\dhcpcsvc6.DLL
0x00007ffff70e0000 - 0x00007ffff70fc000 	C:\Windows\SYSTEM32\dhcpcsvc.DLL
0x00007ffffdb20000 - 0x00007ffffdbe6000 	C:\Windows\SYSTEM32\DNSAPI.dll

dbghelp: loaded successfully - version: 4.0.5 - missing functions: none
symbol engine: initialized successfully - sym options: 0x614 - pdb path: .;D:\Android\Studio\jre\bin;C:\Windows\SYSTEM32;C:\Windows\WinSxS\amd64_microsoft.windows.common-controls_6595b64144ccf1df_6.0.17763.615_none_05b4414a072024d4;D:\Android\Studio\jre\bin\server;C:\Users\79527\.gradle\native\8bec1ad78214c89d9ad589b4d07fe93259594b29d510b10fafb7a158f7737e5d\windows-amd64;C:\Users\79527\.gradle\native\53dbd7edfb1c66fb8903c78663c9afc45aea4f116125fa6feffd364cf09443e8\windows-amd64

VM Arguments:
jvm_args: --add-opens=java.base/java.util=ALL-UNNAMED --add-opens=java.base/java.lang=ALL-UNNAMED --add-opens=java.base/java.lang.invoke=ALL-UNNAMED --add-opens=java.base/java.util=ALL-UNNAMED --add-opens=java.prefs/java.util.prefs=ALL-UNNAMED --add-opens=java.prefs/java.util.prefs=ALL-UNNAMED --add-opens=java.base/java.nio.charset=ALL-UNNAMED --add-opens=java.base/java.net=ALL-UNNAMED --add-opens=java.base/java.util.concurrent.atomic=ALL-UNNAMED -Xmx2048m -Dfile.encoding=UTF-8 -Duser.country=RU -Duser.language=ru -Duser.variant 
java_command: org.gradle.launcher.daemon.bootstrap.GradleDaemon 7.0.2
java_class_path (initial): C:\Users\79527\.gradle\wrapper\dists\gradle-7.0.2-bin\857tjihv64xamwrf0h14cai3r\gradle-7.0.2\lib\gradle-launcher-7.0.2.jar
Launcher Type: SUN_STANDARD

[Global flags]
     intx CICompilerCount                          = 4                                         {product} {ergonomic}
     uint ConcGCThreads                            = 2                                         {product} {ergonomic}
     uint G1ConcRefinementThreads                  = 8                                         {product} {ergonomic}
   size_t G1HeapRegionSize                         = 1048576                                   {product} {ergonomic}
    uintx GCDrainStackTargetSize                   = 64                                        {product} {ergonomic}
   size_t InitialHeapSize                          = 132120576                                 {product} {ergonomic}
   size_t MarkStackSize                            = 4194304                                   {product} {ergonomic}
   size_t MaxHeapSize                              = 2147483648                                {product} {command line}
   size_t MaxNewSize                               = 1287651328                                {product} {ergonomic}
   size_t MinHeapDeltaBytes                        = 1048576                                   {product} {ergonomic}
    uintx NonNMethodCodeHeapSize                   = 5836300                                {pd product} {ergonomic}
    uintx NonProfiledCodeHeapSize                  = 122910970                              {pd product} {ergonomic}
    uintx ProfiledCodeHeapSize                     = 122910970                              {pd product} {ergonomic}
    uintx ReservedCodeCacheSize                    = 251658240                              {pd product} {ergonomic}
     bool SegmentedCodeCache                       = true                                      {product} {ergonomic}
     bool UseCompressedClassPointers               = true                                 {lp64_product} {ergonomic}
     bool UseCompressedOops                        = true                                 {lp64_product} {ergonomic}
     bool UseG1GC                                  = true                                      {product} {ergonomic}
     bool UseLargePagesIndividualAllocation        = false                                  {pd product} {ergonomic}

Logging:
Log output configuration:
 #0: stdout all=warning uptime,level,tags
 #1: stderr all=off uptime,level,tags

Environment Variables:
PATH=C:\Program Files\AdoptOpenJDK\jdk-11.0.8.10-hotspot\bin;C:\Windows\system32;C:\Windows;C:\Windows\System32\Wbem;C:\Windows\System32\WindowsPowerShell\v1.0\;C:\Windows\System32\OpenSSH\;C:\Program Files\Intel\WiFi\bin\;C:\Program Files\Common Files\Intel\WirelessCommon\;C:\Program Files\Java\jdk1.8.0_221\bin;D:\TDM-GCC-64\bin;D:\Spark\bin;D:\Git\cmd;C:\Programs\cmder;C:\Users\79527\AppData\Local\Programs\Python\Python39\Scripts\;C:\Users\79527\AppData\Local\Programs\Python\Python39\;C:\Program Files\mingw-w64\x86_64-8.1.0-win32-seh-rt_v6-rev0\mingw64\bin;D:\IntelliJ IDEA Community Edition 2021.2.2\bin;D:\PyCharm\PyCharm Community Edition 2020.3.2\bin;D:\Microsoft VS Code\bin
USERNAME=Andrew
OS=Windows_NT
PROCESSOR_IDENTIFIER=Intel64 Family 6 Model 142 Stepping 11, GenuineIntel



---------------  S Y S T E M  ---------------

OS: Windows 10 , 64 bit Build 17763 (10.0.17763.475)
OS uptime: 0 days 2:40 hours

CPU:total 8 (initial active 8) (4 cores per cpu, 2 threads per core) family 6 model 142 stepping 11 microcode 0xa4, cmov, cx8, fxsr, mmx, sse, sse2, sse3, ssse3, sse4.1, sse4.2, popcnt, avx, avx2, aes, clmul, erms, 3dnowpref, lzcnt, ht, tsc, tscinvbit, bmi1, bmi2, adx, fma

Memory: 4k page, system-wide physical 8037M (437M free)
TotalPageFile size 12680M (AvailPageFile size 139M)
current process WorkingSet (physical memory assigned to process): 441M, peak: 442M
current process commit charge ("private bytes"): 754M, peak: 1022M

vm_info: OpenJDK 64-Bit Server VM (11.0.10+0-b96-7249189) for windows-amd64 JRE (11.0.10+0-b96-7249189), built on Mar 31 2021 21:44:00 by "builder" with MS VC++ 14.0 (VS2015)

END.
